     1 00000000                                 [FORMAT "WCOFF"]
     2 00000000                                 [INSTRSET "i486p"]
     3 00000000                                 [OPTIMIZE 1]
     4 00000000                                 [OPTION 1]
     5 00000000                                 [BITS 32]
     6 00000000                                 	EXTERN	_api_initmalloc
     7 00000000                                 	EXTERN	_api_malloc
     8 00000000                                 	EXTERN	_api_openwin
     9 00000000                                 	EXTERN	_api_refreshwin
    10 00000000                                 	EXTERN	_api_getkey
    11 00000000                                 	EXTERN	_api_end
    12 00000000                                 [FILE "color2.c"]
    13                                          [SECTION .data]
    14 00000000                                 LC0:
    15 00000000 63 6F 6C 6F 72 32 00            	DB	"color2",0x00
    16                                          [SECTION .text]
    17 00000000                                 	GLOBAL	_HariMain
    18 00000000                                 _HariMain:
    19 00000000 55                              	PUSH	EBP
    20 00000001 89 E5                           	MOV	EBP,ESP
    21 00000003 57                              	PUSH	EDI
    22 00000004 56                              	PUSH	ESI
    23 00000005 31 FF                           	XOR	EDI,EDI
    24 00000007 53                              	PUSH	EBX
    25 00000008 83 EC 0C                        	SUB	ESP,12
    26 0000000B E8 [00000000]                   	CALL	_api_initmalloc
    27 00000010 68 00005C40                     	PUSH	23616
    28 00000015 E8 [00000000]                   	CALL	_api_malloc
    29 0000001A 89 45 F0                        	MOV	DWORD [-16+EBP],EAX
    30 0000001D 68 [00000000]                   	PUSH	LC0
    31 00000022 6A FF                           	PUSH	-1
    32 00000024 68 000000A4                     	PUSH	164
    33 00000029 68 00000090                     	PUSH	144
    34 0000002E 50                              	PUSH	EAX
    35 0000002F E8 [00000000]                   	CALL	_api_openwin
    36 00000034 83 C4 18                        	ADD	ESP,24
    37 00000037 C7 45 E8 00000FC0               	MOV	DWORD [-24+EBP],4032
    38 0000003E 89 45 EC                        	MOV	DWORD [-20+EBP],EAX
    39 00000041                                 L11:
    40 00000041 8B 45 E8                        	MOV	EAX,DWORD [-24+EBP]
    41 00000044 8B 55 F0                        	MOV	EDX,DWORD [-16+EBP]
    42 00000047 31 F6                           	XOR	ESI,ESI
    43 00000049 8D 5C 02 08                     	LEA	EBX,DWORD [8+EDX+EAX*1]
    44 0000004D                                 L10:
    45 0000004D 57                              	PUSH	EDI
    46 0000004E 8D 04 3F                        	LEA	EAX,DWORD [EDI+EDI*1]
    47 00000051 56                              	PUSH	ESI
    48 00000052 6A 00                           	PUSH	0
    49 00000054 50                              	PUSH	EAX
    50 00000055 8D 04 36                        	LEA	EAX,DWORD [ESI+ESI*1]
    51 00000058 50                              	PUSH	EAX
    52 00000059 46                              	INC	ESI
    53 0000005A E8 00000044                     	CALL	_rgb2pal
    54 0000005F 83 C4 14                        	ADD	ESP,20
    55 00000062 88 03                           	MOV	BYTE [EBX],AL
    56 00000064 43                              	INC	EBX
    57 00000065 83 FE 7F                        	CMP	ESI,127
    58 00000068 7E E3                           	JLE	L10
    59 0000006A 47                              	INC	EDI
    60 0000006B 81 45 E8 00000090               	ADD	DWORD [-24+EBP],144
    61 00000072 83 FF 7F                        	CMP	EDI,127
    62 00000075 7E CA                           	JLE	L11
    63 00000077 68 0000009C                     	PUSH	156
    64 0000007C 68 00000088                     	PUSH	136
    65 00000081 6A 1C                           	PUSH	28
    66 00000083 6A 08                           	PUSH	8
    67 00000085 FF 75 EC                        	PUSH	DWORD [-20+EBP]
    68 00000088 E8 [00000000]                   	CALL	_api_refreshwin
    69 0000008D 6A 01                           	PUSH	1
    70 0000008F E8 [00000000]                   	CALL	_api_getkey
    71 00000094 83 C4 18                        	ADD	ESP,24
    72 00000097 8D 65 F4                        	LEA	ESP,DWORD [-12+EBP]
    73 0000009A 5B                              	POP	EBX
    74 0000009B 5E                              	POP	ESI
    75 0000009C 5F                              	POP	EDI
    76 0000009D 5D                              	POP	EBP
    77 0000009E E9 [00000000]                   	JMP	_api_end
    78                                          [SECTION .data]
    79 00000007 00                              	ALIGNB	4
    80 00000008                                 _table.0:
    81 00000008 00000003                        	DD	3
    82 0000000C 00000001                        	DD	1
    83 00000010 00000000                        	DD	0
    84 00000014 00000002                        	DD	2
    85                                          [SECTION .text]
    86 000000A3                                 	GLOBAL	_rgb2pal
    87 000000A3                                 _rgb2pal:
    88 000000A3 55                              	PUSH	EBP
    89 000000A4 89 E5                           	MOV	EBP,ESP
    90 000000A6 57                              	PUSH	EDI
    91 000000A7 56                              	PUSH	ESI
    92 000000A8 BF 00000100                     	MOV	EDI,256
    93 000000AD 53                              	PUSH	EBX
    94 000000AE BE 00000100                     	MOV	ESI,256
    95 000000B3 83 EC 14                        	SUB	ESP,20
    96 000000B6 6B 4D 08 15                     	IMUL	ECX,DWORD [8+EBP],21
    97 000000BA 8B 55 14                        	MOV	EDX,DWORD [20+EBP]
    98 000000BD 8B 45 18                        	MOV	EAX,DWORD [24+EBP]
    99 000000C0 83 E2 01                        	AND	EDX,1
   100 000000C3 83 E0 01                        	AND	EAX,1
   101 000000C6 8D 04 42                        	LEA	EAX,DWORD [EDX+EAX*2]
   102 000000C9 8B 1C 85 [00000008]             	MOV	EBX,DWORD [_table.0+EAX*4]
   103 000000D0 89 C8                           	MOV	EAX,ECX
   104 000000D2 99                              	CDQ
   105 000000D3 F7 FE                           	IDIV	ESI
   106 000000D5 6B 75 0C 15                     	IMUL	ESI,DWORD [12+EBP],21
   107 000000D9 89 C1                           	MOV	ECX,EAX
   108 000000DB 89 F0                           	MOV	EAX,ESI
   109 000000DD 99                              	CDQ
   110 000000DE F7 FF                           	IDIV	EDI
   111 000000E0 6B 75 10 15                     	IMUL	ESI,DWORD [16+EBP],21
   112 000000E4 89 45 E0                        	MOV	DWORD [-32+EBP],EAX
   113 000000E7 01 D9                           	ADD	ECX,EBX
   114 000000E9 89 F0                           	MOV	EAX,ESI
   115 000000EB 99                              	CDQ
   116 000000EC F7 FF                           	IDIV	EDI
   117 000000EE 89 C6                           	MOV	ESI,EAX
   118 000000F0 BF 00000004                     	MOV	EDI,4
   119 000000F5 89 C8                           	MOV	EAX,ECX
   120 000000F7 99                              	CDQ
   121 000000F8 F7 FF                           	IDIV	EDI
   122 000000FA 89 C1                           	MOV	ECX,EAX
   123 000000FC 8B 45 E0                        	MOV	EAX,DWORD [-32+EBP]
   124 000000FF 01 D8                           	ADD	EAX,EBX
   125 00000101 8D 1C 33                        	LEA	EBX,DWORD [EBX+ESI*1]
   126 00000104 99                              	CDQ
   127 00000105 F7 FF                           	IDIV	EDI
   128 00000107 89 45 E0                        	MOV	DWORD [-32+EBP],EAX
   129 0000010A 89 D8                           	MOV	EAX,EBX
   130 0000010C 99                              	CDQ
   131 0000010D F7 FF                           	IDIV	EDI
   132 0000010F 89 C3                           	MOV	EBX,EAX
   133 00000111 6B 45 E0 06                     	IMUL	EAX,DWORD [-32+EBP],6
   134 00000115 6B D3 24                        	IMUL	EDX,EBX,36
   135 00000118 83 C4 14                        	ADD	ESP,20
   136 0000011B 8D 04 08                        	LEA	EAX,DWORD [EAX+ECX*1]
   137 0000011E 5B                              	POP	EBX
   138 0000011F 5E                              	POP	ESI
   139 00000120 8D 44 02 10                     	LEA	EAX,DWORD [16+EDX+EAX*1]
   140 00000124 5F                              	POP	EDI
   141 00000125 0F B6 C0                        	MOVZX	EAX,AL
   142 00000128 5D                              	POP	EBP
   143 00000129 C3                              	RET
