     1 00000000                                 [FORMAT "WCOFF"]
     2 00000000                                 [INSTRSET "i486p"]
     3 00000000                                 [OPTIMIZE 1]
     4 00000000                                 [OPTION 1]
     5 00000000                                 [BITS 32]
     6 00000000                                 	EXTERN	_api_alloctimer
     7 00000000                                 	EXTERN	_api_inittimer
     8 00000000                                 	EXTERN	_api_beep
     9 00000000                                 	EXTERN	_api_settimer
    10 00000000                                 	EXTERN	_api_getkey
    11 00000000                                 	EXTERN	_api_end
    12 00000000                                 [FILE "beepdown.c"]
    13                                          [SECTION .text]
    14 00000000                                 	GLOBAL	_HariMain
    15 00000000                                 _HariMain:
    16 00000000 55                              	PUSH	EBP
    17 00000001 89 E5                           	MOV	EBP,ESP
    18 00000003 56                              	PUSH	ESI
    19 00000004 53                              	PUSH	EBX
    20 00000005 BE 01312D00                     	MOV	ESI,20000000
    21 0000000A E8 [00000000]                   	CALL	_api_alloctimer
    22 0000000F 68 00000080                     	PUSH	128
    23 00000014 89 C3                           	MOV	EBX,EAX
    24 00000016 50                              	PUSH	EAX
    25 00000017 E8 [00000000]                   	CALL	_api_inittimer
    26 0000001C 5A                              	POP	EDX
    27 0000001D 59                              	POP	ECX
    28 0000001E                                 L7:
    29 0000001E 68 01312D00                     	PUSH	20000000
    30 00000023 E8 [00000000]                   	CALL	_api_beep
    31 00000028 6A 01                           	PUSH	1
    32 0000002A 53                              	PUSH	EBX
    33 0000002B E8 [00000000]                   	CALL	_api_settimer
    34 00000030 6A 01                           	PUSH	1
    35 00000032 E8 [00000000]                   	CALL	_api_getkey
    36 00000037 83 C4 10                        	ADD	ESP,16
    37 0000003A 83 C0 80                        	ADD	EAX,-128
    38 0000003D 75 08                           	JNE	L3
    39 0000003F 81 FE 00004E1F                  	CMP	ESI,19999
    40 00000045 7F D7                           	JG	L7
    41 00000047                                 L3:
    42 00000047 6A 00                           	PUSH	0
    43 00000049 E8 [00000000]                   	CALL	_api_beep
    44 0000004E 58                              	POP	EAX
    45 0000004F 8D 65 F8                        	LEA	ESP,DWORD [-8+EBP]
    46 00000052 5B                              	POP	EBX
    47 00000053 5E                              	POP	ESI
    48 00000054 5D                              	POP	EBP
    49 00000055 E9 [00000000]                   	JMP	_api_end
