     1 00000000                                 [FORMAT "WCOFF"]
     2 00000000                                 [INSTRSET "i486p"]
     3 00000000                                 [OPTIMIZE 1]
     4 00000000                                 [OPTION 1]
     5 00000000                                 [BITS 32]
     6 00000000                                 	EXTERN	_api_initmalloc
     7 00000000                                 	EXTERN	_api_malloc
     8 00000000                                 	EXTERN	_api_openwin
     9 00000000                                 	EXTERN	_api_alloctimer
    10 00000000                                 	EXTERN	_api_inittimer
    11 00000000                                 	EXTERN	_sprintf
    12 00000000                                 	EXTERN	_api_putstrwin
    13 00000000                                 	EXTERN	_api_boxfillwin
    14 00000000                                 	EXTERN	_api_settimer
    15 00000000                                 	EXTERN	_api_getkey
    16 00000000                                 	EXTERN	_api_end
    17 00000000                                 [FILE "noodle.c"]
    18                                          [SECTION .data]
    19 00000000                                 LC0:
    20 00000000 4E 4F 4F 44 4C 45 00            	DB	"NOODLE",0x00
    21 00000007                                 LC1:
    22 00000007 63 6C 6F 73 65 20 77 69 74 68   	DB	"close with any key",0x00
       00000011 20 61 6E 79 20 6B 65 79 00 
    23 0000001A                                 LC2:
    24 0000001A 25 35 64 3A 25 30 32 64 3A 25   	DB	"%5d:%02d:%02d",0x00
       00000024 30 32 64 00 
    25                                          [SECTION .text]
    26 00000000                                 	GLOBAL	_HariMain
    27 00000000                                 _HariMain:
    28 00000000 55                              	PUSH	EBP
    29 00000001 89 E5                           	MOV	EBP,ESP
    30 00000003 57                              	PUSH	EDI
    31 00000004 56                              	PUSH	ESI
    32 00000005 53                              	PUSH	EBX
    33 00000006 8D 7D B4                        	LEA	EDI,DWORD [-76+EBP]
    34 00000009 83 EC 50                        	SUB	ESP,80
    35 0000000C C7 45 AC 00000000               	MOV	DWORD [-84+EBP],0
    36 00000013 C7 45 A8 00000000               	MOV	DWORD [-88+EBP],0
    37 0000001A C7 45 A4 00000000               	MOV	DWORD [-92+EBP],0
    38 00000021 E8 [00000000]                   	CALL	_api_initmalloc
    39 00000026 68 00003A98                     	PUSH	15000
    40 0000002B E8 [00000000]                   	CALL	_api_malloc
    41 00000030 68 [00000000]                   	PUSH	LC0
    42 00000035 6A FF                           	PUSH	-1
    43 00000037 6A 64                           	PUSH	100
    44 00000039 68 00000096                     	PUSH	150
    45 0000003E 50                              	PUSH	EAX
    46 0000003F E8 [00000000]                   	CALL	_api_openwin
    47 00000044 89 C6                           	MOV	ESI,EAX
    48 00000046 E8 [00000000]                   	CALL	_api_alloctimer
    49 0000004B 68 00000080                     	PUSH	128
    50 00000050 50                              	PUSH	EAX
    51 00000051 89 45 B0                        	MOV	DWORD [-80+EBP],EAX
    52 00000054 E8 [00000000]                   	CALL	_api_inittimer
    53 00000059 83 C4 20                        	ADD	ESP,32
    54 0000005C 68 [00000007]                   	PUSH	LC1
    55 00000061 57                              	PUSH	EDI
    56 00000062 E8 [00000000]                   	CALL	_sprintf
    57 00000067 31 C0                           	XOR	EAX,EAX
    58 00000069 FC                              	CLD
    59 0000006A 57                              	PUSH	EDI
    60 0000006B 83 C9 FF                        	OR	ECX,-1
    61 0000006E F2                              	REPNE
    62 0000006F AE                              	SCASB
    63 00000070 F7 D1                           	NOT	ECX
    64 00000072 49                              	DEC	ECX
    65 00000073 51                              	PUSH	ECX
    66 00000074 6A 00                           	PUSH	0
    67 00000076 6A 3A                           	PUSH	58
    68 00000078 6A 03                           	PUSH	3
    69 0000007A 56                              	PUSH	ESI
    70 0000007B E8 [00000000]                   	CALL	_api_putstrwin
    71 00000080 83 C4 20                        	ADD	ESP,32
    72 00000083                                 L2:
    73 00000083 FF 75 AC                        	PUSH	DWORD [-84+EBP]
    74 00000086 FF 75 A8                        	PUSH	DWORD [-88+EBP]
    75 00000089 FF 75 A4                        	PUSH	DWORD [-92+EBP]
    76 0000008C 68 [0000001A]                   	PUSH	LC2
    77 00000091 8D 5D B4                        	LEA	EBX,DWORD [-76+EBP]
    78 00000094 53                              	PUSH	EBX
    79 00000095 E8 [00000000]                   	CALL	_sprintf
    80 0000009A 6A 07                           	PUSH	7
    81 0000009C 6A 29                           	PUSH	41
    82 0000009E 6A 73                           	PUSH	115
    83 000000A0 6A 1B                           	PUSH	27
    84 000000A2 6A 1C                           	PUSH	28
    85 000000A4 56                              	PUSH	ESI
    86 000000A5 E8 [00000000]                   	CALL	_api_boxfillwin
    87 000000AA 83 C4 2C                        	ADD	ESP,44
    88 000000AD 53                              	PUSH	EBX
    89 000000AE 6A 0B                           	PUSH	11
    90 000000B0 6A 00                           	PUSH	0
    91 000000B2 6A 1B                           	PUSH	27
    92 000000B4 6A 1C                           	PUSH	28
    93 000000B6 56                              	PUSH	ESI
    94 000000B7 E8 [00000000]                   	CALL	_api_putstrwin
    95 000000BC 6A 64                           	PUSH	100
    96 000000BE FF 75 B0                        	PUSH	DWORD [-80+EBP]
    97 000000C1 E8 [00000000]                   	CALL	_api_settimer
    98 000000C6 83 C4 20                        	ADD	ESP,32
    99 000000C9 6A 01                           	PUSH	1
   100 000000CB E8 [00000000]                   	CALL	_api_getkey
   101 000000D0 5A                              	POP	EDX
   102 000000D1 83 C0 80                        	ADD	EAX,-128
   103 000000D4 75 25                           	JNE	L3
   104 000000D6 FF 45 AC                        	INC	DWORD [-84+EBP]
   105 000000D9 83 7D AC 3C                     	CMP	DWORD [-84+EBP],60
   106 000000DD 75 A4                           	JNE	L2
   107 000000DF FF 45 A8                        	INC	DWORD [-88+EBP]
   108 000000E2 C7 45 AC 00000000               	MOV	DWORD [-84+EBP],0
   109 000000E9 83 7D A8 3C                     	CMP	DWORD [-88+EBP],60
   110 000000ED 75 94                           	JNE	L2
   111 000000EF FF 45 A4                        	INC	DWORD [-92+EBP]
   112 000000F2 C7 45 A8 00000000               	MOV	DWORD [-88+EBP],0
   113 000000F9 EB 88                           	JMP	L2
   114 000000FB                                 L3:
   115 000000FB E8 [00000000]                   	CALL	_api_end
   116 00000100 8D 65 F4                        	LEA	ESP,DWORD [-12+EBP]
   117 00000103 5B                              	POP	EBX
   118 00000104 5E                              	POP	ESI
   119 00000105 5F                              	POP	EDI
   120 00000106 5D                              	POP	EBP
   121 00000107 C3                              	RET
