     1 00000000                                 [FORMAT "WCOFF"]
     2 00000000                                 [INSTRSET "i486p"]
     3 00000000                                 [OPTIMIZE 1]
     4 00000000                                 [OPTION 1]
     5 00000000                                 [BITS 32]
     6 00000000                                 	EXTERN	_init_gdtidt
     7 00000000                                 	EXTERN	_init_pic
     8 00000000                                 	EXTERN	_io_sti
     9 00000000                                 	EXTERN	_init_pit
    10 00000000                                 	EXTERN	_memtest
    11 00000000                                 	EXTERN	_memman_init
    12 00000000                                 	EXTERN	_memman_free
    13 00000000                                 	EXTERN	_fifo32_init
    14 00000000                                 	EXTERN	_task_init
    15 00000000                                 	EXTERN	_task_run
    16 00000000                                 	EXTERN	_init_palette
    17 00000000                                 	EXTERN	_shtctl_init
    18 00000000                                 	EXTERN	_sheet_alloc
    19 00000000                                 	EXTERN	_memman_alloc_4k
    20 00000000                                 	EXTERN	_sheet_setbuf
    21 00000000                                 	EXTERN	_init_screen8
    22 00000000                                 	EXTERN	_open_console
    23 00000000                                 	EXTERN	_init_mouse_cursor8
    24 00000000                                 	EXTERN	_sheet_slide
    25 00000000                                 	EXTERN	_sheet_updown
    26 00000000                                 	EXTERN	_putstring8_ascii_sht
    27 00000000                                 	EXTERN	_timer_alloc
    28 00000000                                 	EXTERN	_timer_init
    29 00000000                                 	EXTERN	_timer_settime
    30 00000000                                 	EXTERN	_init_keyboard
    31 00000000                                 	EXTERN	_enable_mouse
    32 00000000                                 	EXTERN	_io_out8
    33 00000000                                 	EXTERN	_fifo32_put
    34 00000000                                 	EXTERN	_keywin_on
    35 00000000                                 	EXTERN	_fifo32_status
    36 00000000                                 	EXTERN	_io_cli
    37 00000000                                 	EXTERN	_fifo32_get
    38 00000000                                 	EXTERN	_keytable0.0
    39 00000000                                 	EXTERN	_asm_end_app
    40 00000000                                 	EXTERN	_keywin_off
    41 00000000                                 	EXTERN	_timerctl
    42 00000000                                 	EXTERN	_reset_timerctl_count
    43 00000000                                 	EXTERN	_cons_putstring
    44 00000000                                 	EXTERN	_wait_KBC_sendready
    45 00000000                                 	EXTERN	_keytable1.1
    46 00000000                                 	EXTERN	_mouse_decode
    47 00000000                                 	EXTERN	_close_console
    48 00000000                                 	EXTERN	_taskctl
    49 00000000                                 	EXTERN	_close_cons_stack
    50 00000000                                 	EXTERN	_memman_free_4k
    51 00000000                                 	EXTERN	_sheet_free
    52 00000000                                 	EXTERN	_get_ontime
    53 00000000                                 	EXTERN	_task_sleep
    54 00000000                                 [FILE "bootpack.c"]
    55                                          [SECTION .data]
    56 00000000                                 _keytable0.0:
    57 00000000 00                              	DB	0
    58 00000001 00                              	DB	0
    59 00000002 31                              	DB	49
    60 00000003 32                              	DB	50
    61 00000004 33                              	DB	51
    62 00000005 34                              	DB	52
    63 00000006 35                              	DB	53
    64 00000007 36                              	DB	54
    65 00000008 37                              	DB	55
    66 00000009 38                              	DB	56
    67 0000000A 39                              	DB	57
    68 0000000B 30                              	DB	48
    69 0000000C 2D                              	DB	45
    70 0000000D 3D                              	DB	61
    71 0000000E 08                              	DB	8
    72 0000000F 00                              	DB	0
    73 00000010 51                              	DB	81
    74 00000011 57                              	DB	87
    75 00000012 45                              	DB	69
    76 00000013 52                              	DB	82
    77 00000014 54                              	DB	84
    78 00000015 59                              	DB	89
    79 00000016 55                              	DB	85
    80 00000017 49                              	DB	73
    81 00000018 4F                              	DB	79
    82 00000019 50                              	DB	80
    83 0000001A 5B                              	DB	91
    84 0000001B 5D                              	DB	93
    85 0000001C 0A                              	DB	10
    86 0000001D 00                              	DB	0
    87 0000001E 41                              	DB	65
    88 0000001F 53                              	DB	83
    89 00000020 44                              	DB	68
    90 00000021 46                              	DB	70
    91 00000022 47                              	DB	71
    92 00000023 48                              	DB	72
    93 00000024 4A                              	DB	74
    94 00000025 4B                              	DB	75
    95 00000026 4C                              	DB	76
    96 00000027 3B                              	DB	59
    97 00000028 27                              	DB	39
    98 00000029 60                              	DB	96
    99 0000002A 00                              	DB	0
   100 0000002B 5C                              	DB	92
   101 0000002C 5A                              	DB	90
   102 0000002D 58                              	DB	88
   103 0000002E 43                              	DB	67
   104 0000002F 56                              	DB	86
   105 00000030 42                              	DB	66
   106 00000031 4E                              	DB	78
   107 00000032 4D                              	DB	77
   108 00000033 2C                              	DB	44
   109 00000034 2E                              	DB	46
   110 00000035 2F                              	DB	47
   111 00000036 00                              	DB	0
   112 00000037 2A                              	DB	42
   113 00000038 00                              	DB	0
   114 00000039 20                              	DB	32
   115 0000003A 00                              	DB	0
   116 0000003B 00                              	DB	0
   117 0000003C 00                              	DB	0
   118 0000003D 00                              	DB	0
   119 0000003E 00                              	DB	0
   120 0000003F 00                              	DB	0
   121 00000040 00                              	DB	0
   122 00000041 00                              	DB	0
   123 00000042 00                              	DB	0
   124 00000043 00                              	DB	0
   125 00000044 00                              	DB	0
   126 00000045 00                              	DB	0
   127 00000046 00                              	DB	0
   128 00000047 37                              	DB	55
   129 00000048 38                              	DB	56
   130 00000049 39                              	DB	57
   131 0000004A 2D                              	DB	45
   132 0000004B 34                              	DB	52
   133 0000004C 35                              	DB	53
   134 0000004D 36                              	DB	54
   135 0000004E 2B                              	DB	43
   136 0000004F 31                              	DB	49
   137 00000050 32                              	DB	50
   138 00000051 33                              	DB	51
   139 00000052 30                              	DB	48
   140 00000053 2E                              	DB	46
   141 00000054 00                              	DB	0
   142 00000055 00                              	DB	0
   143 00000056 00                              	DB	0
   144 00000057 00                              	DB	0
   145 00000058 00                              	DB	0
   146 00000059 00                              	DB	0
   147 0000005A 00                              	DB	0
   148 0000005B 00                              	DB	0
   149 0000005C 00                              	DB	0
   150 0000005D 00                              	DB	0
   151 0000005E 00                              	DB	0
   152 0000005F 00                              	DB	0
   153 00000060 00                              	DB	0
   154 00000061 00                              	DB	0
   155 00000062 00                              	DB	0
   156 00000063 00                              	DB	0
   157 00000064 00                              	DB	0
   158 00000065 00                              	DB	0
   159 00000066 00                              	DB	0
   160 00000067 00                              	DB	0
   161 00000068 00                              	DB	0
   162 00000069 00                              	DB	0
   163 0000006A 00                              	DB	0
   164 0000006B 00                              	DB	0
   165 0000006C 00                              	DB	0
   166 0000006D 00                              	DB	0
   167 0000006E 00                              	DB	0
   168 0000006F 00                              	DB	0
   169 00000070 00                              	DB	0
   170 00000071 00                              	DB	0
   171 00000072 00                              	DB	0
   172 00000073 5C                              	DB	92
   173 00000074 00                              	DB	0
   174 00000075 00                              	DB	0
   175 00000076 00                              	DB	0
   176 00000077 00                              	DB	0
   177 00000078 00                              	DB	0
   178 00000079 00                              	DB	0
   179 0000007A 00                              	DB	0
   180 0000007B 00                              	DB	0
   181 0000007C 00                              	DB	0
   182 0000007D 5C                              	DB	92
   183 0000007E 00                              	DB	0
   184 0000007F 00                              	DB	0
   185 00000080                                 _keytable1.1:
   186 00000080 00                              	DB	0
   187 00000081 00                              	DB	0
   188 00000082 21                              	DB	33
   189 00000083 40                              	DB	64
   190 00000084 23                              	DB	35
   191 00000085 24                              	DB	36
   192 00000086 25                              	DB	37
   193 00000087 5E                              	DB	94
   194 00000088 26                              	DB	38
   195 00000089 2A                              	DB	42
   196 0000008A 28                              	DB	40
   197 0000008B 29                              	DB	41
   198 0000008C 5F                              	DB	95
   199 0000008D 2B                              	DB	43
   200 0000008E 08                              	DB	8
   201 0000008F 00                              	DB	0
   202 00000090 51                              	DB	81
   203 00000091 57                              	DB	87
   204 00000092 45                              	DB	69
   205 00000093 52                              	DB	82
   206 00000094 54                              	DB	84
   207 00000095 59                              	DB	89
   208 00000096 55                              	DB	85
   209 00000097 49                              	DB	73
   210 00000098 4F                              	DB	79
   211 00000099 50                              	DB	80
   212 0000009A 7B                              	DB	123
   213 0000009B 7D                              	DB	125
   214 0000009C 0A                              	DB	10
   215 0000009D 00                              	DB	0
   216 0000009E 41                              	DB	65
   217 0000009F 53                              	DB	83
   218 000000A0 44                              	DB	68
   219 000000A1 46                              	DB	70
   220 000000A2 47                              	DB	71
   221 000000A3 48                              	DB	72
   222 000000A4 4A                              	DB	74
   223 000000A5 4B                              	DB	75
   224 000000A6 4C                              	DB	76
   225 000000A7 3A                              	DB	58
   226 000000A8 22                              	DB	34
   227 000000A9 7E                              	DB	126
   228 000000AA 00                              	DB	0
   229 000000AB 7C                              	DB	124
   230 000000AC 5A                              	DB	90
   231 000000AD 58                              	DB	88
   232 000000AE 43                              	DB	67
   233 000000AF 56                              	DB	86
   234 000000B0 42                              	DB	66
   235 000000B1 4E                              	DB	78
   236 000000B2 4D                              	DB	77
   237 000000B3 3C                              	DB	60
   238 000000B4 3E                              	DB	62
   239 000000B5 3F                              	DB	63
   240 000000B6 00                              	DB	0
   241 000000B7 2A                              	DB	42
   242 000000B8 00                              	DB	0
   243 000000B9 20                              	DB	32
   244 000000BA 00                              	DB	0
   245 000000BB 00                              	DB	0
   246 000000BC 00                              	DB	0
   247 000000BD 00                              	DB	0
   248 000000BE 00                              	DB	0
   249 000000BF 00                              	DB	0
   250 000000C0 00                              	DB	0
   251 000000C1 00                              	DB	0
   252 000000C2 00                              	DB	0
   253 000000C3 00                              	DB	0
   254 000000C4 00                              	DB	0
   255 000000C5 00                              	DB	0
   256 000000C6 00                              	DB	0
   257 000000C7 37                              	DB	55
   258 000000C8 38                              	DB	56
   259 000000C9 39                              	DB	57
   260 000000CA 2D                              	DB	45
   261 000000CB 34                              	DB	52
   262 000000CC 35                              	DB	53
   263 000000CD 36                              	DB	54
   264 000000CE 2B                              	DB	43
   265 000000CF 31                              	DB	49
   266 000000D0 32                              	DB	50
   267 000000D1 33                              	DB	51
   268 000000D2 30                              	DB	48
   269 000000D3 2E                              	DB	46
   270 000000D4 00                              	DB	0
   271 000000D5 00                              	DB	0
   272 000000D6 00                              	DB	0
   273 000000D7 00                              	DB	0
   274 000000D8 00                              	DB	0
   275 000000D9 00                              	DB	0
   276 000000DA 00                              	DB	0
   277 000000DB 00                              	DB	0
   278 000000DC 00                              	DB	0
   279 000000DD 00                              	DB	0
   280 000000DE 00                              	DB	0
   281 000000DF 00                              	DB	0
   282 000000E0 00                              	DB	0
   283 000000E1 00                              	DB	0
   284 000000E2 00                              	DB	0
   285 000000E3 00                              	DB	0
   286 000000E4 00                              	DB	0
   287 000000E5 00                              	DB	0
   288 000000E6 00                              	DB	0
   289 000000E7 00                              	DB	0
   290 000000E8 00                              	DB	0
   291 000000E9 00                              	DB	0
   292 000000EA 00                              	DB	0
   293 000000EB 00                              	DB	0
   294 000000EC 00                              	DB	0
   295 000000ED 00                              	DB	0
   296 000000EE 00                              	DB	0
   297 000000EF 00                              	DB	0
   298 000000F0 00                              	DB	0
   299 000000F1 00                              	DB	0
   300 000000F2 00                              	DB	0
   301 000000F3 5C                              	DB	92
   302 000000F4 00                              	DB	0
   303 000000F5 00                              	DB	0
   304 000000F6 00                              	DB	0
   305 000000F7 00                              	DB	0
   306 000000F8 00                              	DB	0
   307 000000F9 00                              	DB	0
   308 000000FA 00                              	DB	0
   309 000000FB 00                              	DB	0
   310 000000FC 00                              	DB	0
   311 000000FD 5C                              	DB	92
   312 000000FE 00                              	DB	0
   313 000000FF 00                              	DB	0
   314 00000100                                 LC0:
   315 00000100 48 61 72 69 62 32 35 00         	DB	"Harib25",0x00
   316 00000108                                 LC1:
   317 00000108 54 65 72 6D 69 6E 61 6C 00      	DB	"Terminal",0x00
   318 00000111                                 LC2:
   319 00000111 0A 42 72 65 61 6B 20 28 6B 65   	DB	0x0A,"Break (key):",0x0A,0x00
       0000011B 79 29 3A 0A 00 
   320 00000120                                 LC3:
   321 00000120 0A 42 72 65 61 6B 20 28 6D 6F   	DB	0x0A,"Break (mouse):",0x0A,0x00
       0000012A 75 73 65 29 3A 0A 00 
   322                                          [SECTION .text]
   323 00000000                                 	GLOBAL	_HariMain
   324 00000000                                 _HariMain:
   325 00000000 55                              	PUSH	EBP
   326 00000001 89 E5                           	MOV	EBP,ESP
   327 00000003 57                              	PUSH	EDI
   328 00000004 56                              	PUSH	ESI
   329 00000005 53                              	PUSH	EBX
   330 00000006 8D 75 D4                        	LEA	ESI,DWORD [-44+EBP]
   331 00000009 81 EC 00000AC4                  	SUB	ESP,2756
   332 0000000F 8D 7D B4                        	LEA	EDI,DWORD [-76+EBP]
   333 00000012 E8 [00000000]                   	CALL	_init_gdtidt
   334 00000017 E8 [00000000]                   	CALL	_init_pic
   335 0000001C E8 [00000000]                   	CALL	_io_sti
   336 00000021 E8 [00000000]                   	CALL	_init_pit
   337 00000026 68 BFFFFFFF                     	PUSH	-1073741825
   338 0000002B 68 00400000                     	PUSH	4194304
   339 00000030 E8 [00000000]                   	CALL	_memtest
   340 00000035 68 003C0000                     	PUSH	3932160
   341 0000003A 89 85 FFFFF5A0                  	MOV	DWORD [-2656+EBP],EAX
   342 00000040 E8 [00000000]                   	CALL	_memman_init
   343 00000045 68 0009E000                     	PUSH	647168
   344 0000004A 68 00001000                     	PUSH	4096
   345 0000004F 68 003C0000                     	PUSH	3932160
   346 00000054 E8 [00000000]                   	CALL	_memman_free
   347 00000059 8B 85 FFFFF5A0                  	MOV	EAX,DWORD [-2656+EBP]
   348 0000005F 2D 00400000                     	SUB	EAX,4194304
   349 00000064 50                              	PUSH	EAX
   350 00000065 68 00400000                     	PUSH	4194304
   351 0000006A 68 003C0000                     	PUSH	3932160
   352 0000006F E8 [00000000]                   	CALL	_memman_free
   353 00000074 8D 85 FFFFF7B4                  	LEA	EAX,DWORD [-2124+EBP]
   354 0000007A 83 C4 24                        	ADD	ESP,36
   355 0000007D 6A 00                           	PUSH	0
   356 0000007F 50                              	PUSH	EAX
   357 00000080 68 00000080                     	PUSH	128
   358 00000085 56                              	PUSH	ESI
   359 00000086 E8 [00000000]                   	CALL	_fifo32_init
   360 0000008B 8D 85 FFFFF734                  	LEA	EAX,DWORD [-2252+EBP]
   361 00000091 6A 00                           	PUSH	0
   362 00000093 50                              	PUSH	EAX
   363 00000094 6A 20                           	PUSH	32
   364 00000096 57                              	PUSH	EDI
   365 00000097 E8 [00000000]                   	CALL	_fifo32_init
   366 0000009C 83 C4 20                        	ADD	ESP,32
   367 0000009F 89 35 00000FEC                  	MOV	DWORD [4076],ESI
   368 000000A5 68 003C0000                     	PUSH	3932160
   369 000000AA C7 85 FFFFF598 FFFFFFFF         	MOV	DWORD [-2664+EBP],-1
   370 000000B4 C7 85 FFFFF594 FFFFFFFF         	MOV	DWORD [-2668+EBP],-1
   371 000000BE C7 85 FFFFF590 00000000         	MOV	DWORD [-2672+EBP],0
   372 000000C8 C7 85 FFFFF58C 00000000         	MOV	DWORD [-2676+EBP],0
   373 000000D2 E8 [00000000]                   	CALL	_task_init
   374 000000D7 6A 02                           	PUSH	2
   375 000000D9 6A 01                           	PUSH	1
   376 000000DB 50                              	PUSH	EAX
   377 000000DC 89 85 FFFFF588                  	MOV	DWORD [-2680+EBP],EAX
   378 000000E2 89 45 EC                        	MOV	DWORD [-20+EBP],EAX
   379 000000E5 E8 [00000000]                   	CALL	_task_run
   380 000000EA E8 [00000000]                   	CALL	_init_palette
   381 000000EF 0F BF 05 00000FF6               	MOVSX	EAX,WORD [4086]
   382 000000F6 50                              	PUSH	EAX
   383 000000F7 0F BF 05 00000FF4               	MOVSX	EAX,WORD [4084]
   384 000000FE 50                              	PUSH	EAX
   385 000000FF FF 35 00000FF8                  	PUSH	DWORD [4088]
   386 00000105 68 003C0000                     	PUSH	3932160
   387 0000010A E8 [00000000]                   	CALL	_shtctl_init
   388 0000010F 83 C4 20                        	ADD	ESP,32
   389 00000112 A3 00000FE4                     	MOV	DWORD [4068],EAX
   390 00000117 50                              	PUSH	EAX
   391 00000118 89 85 FFFFF584                  	MOV	DWORD [-2684+EBP],EAX
   392 0000011E E8 [00000000]                   	CALL	_sheet_alloc
   393 00000123 0F BF 15 00000FF6               	MOVSX	EDX,WORD [4086]
   394 0000012A 89 85 FFFFF580                  	MOV	DWORD [-2688+EBP],EAX
   395 00000130 0F BF 05 00000FF4               	MOVSX	EAX,WORD [4084]
   396 00000137 0F AF C2                        	IMUL	EAX,EDX
   397 0000013A 50                              	PUSH	EAX
   398 0000013B 68 003C0000                     	PUSH	3932160
   399 00000140 E8 [00000000]                   	CALL	_memman_alloc_4k
   400 00000145 6A FF                           	PUSH	-1
   401 00000147 89 C3                           	MOV	EBX,EAX
   402 00000149 0F BF 05 00000FF6               	MOVSX	EAX,WORD [4086]
   403 00000150 50                              	PUSH	EAX
   404 00000151 0F BF 05 00000FF4               	MOVSX	EAX,WORD [4084]
   405 00000158 50                              	PUSH	EAX
   406 00000159 53                              	PUSH	EBX
   407 0000015A FF B5 FFFFF580                  	PUSH	DWORD [-2688+EBP]
   408 00000160 E8 [00000000]                   	CALL	_sheet_setbuf
   409 00000165 83 C4 20                        	ADD	ESP,32
   410 00000168 0F BF 05 00000FF6               	MOVSX	EAX,WORD [4086]
   411 0000016F 50                              	PUSH	EAX
   412 00000170 0F BF 05 00000FF4               	MOVSX	EAX,WORD [4084]
   413 00000177 50                              	PUSH	EAX
   414 00000178 53                              	PUSH	EBX
   415 00000179 8D 9D FFFFF5A4                  	LEA	EBX,DWORD [-2652+EBP]
   416 0000017F E8 [00000000]                   	CALL	_init_screen8
   417 00000184 68 00000190                     	PUSH	400
   418 00000189 68 000001E0                     	PUSH	480
   419 0000018E FF B5 FFFFF5A0                  	PUSH	DWORD [-2656+EBP]
   420 00000194 FF B5 FFFFF584                  	PUSH	DWORD [-2684+EBP]
   421 0000019A E8 [00000000]                   	CALL	_open_console
   422 0000019F FF B5 FFFFF584                  	PUSH	DWORD [-2684+EBP]
   423 000001A5 89 85 FFFFF578                  	MOV	DWORD [-2696+EBP],EAX
   424 000001AB C7 85 FFFFF574 00000001         	MOV	DWORD [-2700+EBP],1
   425 000001B5 E8 [00000000]                   	CALL	_sheet_alloc
   426 000001BA 83 C4 20                        	ADD	ESP,32
   427 000001BD 6A 63                           	PUSH	99
   428 000001BF 89 85 FFFFF57C                  	MOV	DWORD [-2692+EBP],EAX
   429 000001C5 6A 10                           	PUSH	16
   430 000001C7 6A 10                           	PUSH	16
   431 000001C9 53                              	PUSH	EBX
   432 000001CA 50                              	PUSH	EAX
   433 000001CB E8 [00000000]                   	CALL	_sheet_setbuf
   434 000001D0 6A 63                           	PUSH	99
   435 000001D2 53                              	PUSH	EBX
   436 000001D3 BB 00000002                     	MOV	EBX,2
   437 000001D8 E8 [00000000]                   	CALL	_init_mouse_cursor8
   438 000001DD 0F BF 05 00000FF4               	MOVSX	EAX,WORD [4084]
   439 000001E4 C7 85 FFFFF568 FFFFFFFF         	MOV	DWORD [-2712+EBP],-1
   440 000001EE 8D 48 F6                        	LEA	ECX,DWORD [-10+EAX]
   441 000001F1 89 C8                           	MOV	EAX,ECX
   442 000001F3 99                              	CDQ
   443 000001F4 F7 FB                           	IDIV	EBX
   444 000001F6 89 85 FFFFF570                  	MOV	DWORD [-2704+EBP],EAX
   445 000001FC 0F BF 05 00000FF6               	MOVSX	EAX,WORD [4086]
   446 00000203 6A 00                           	PUSH	0
   447 00000205 8D 48 D2                        	LEA	ECX,DWORD [-46+EAX]
   448 00000208 6A 00                           	PUSH	0
   449 0000020A 89 C8                           	MOV	EAX,ECX
   450 0000020C 99                              	CDQ
   451 0000020D F7 FB                           	IDIV	EBX
   452 0000020F FF B5 FFFFF580                  	PUSH	DWORD [-2688+EBP]
   453 00000215 89 85 FFFFF56C                  	MOV	DWORD [-2708+EBP],EAX
   454 0000021B C7 85 FFFFF564 00000000         	MOV	DWORD [-2716+EBP],0
   455 00000225 C7 85 FFFFF560 7FFFFFFF         	MOV	DWORD [-2720+EBP],2147483647
   456 0000022F C7 85 FFFFF55C 00000000         	MOV	DWORD [-2724+EBP],0
   457 00000239 E8 [00000000]                   	CALL	_sheet_slide
   458 0000023E 83 C4 28                        	ADD	ESP,40
   459 00000241 FF B5 FFFFF56C                  	PUSH	DWORD [-2708+EBP]
   460 00000247 FF B5 FFFFF570                  	PUSH	DWORD [-2704+EBP]
   461 0000024D FF B5 FFFFF57C                  	PUSH	DWORD [-2692+EBP]
   462 00000253 E8 [00000000]                   	CALL	_sheet_slide
   463 00000258 6A 30                           	PUSH	48
   464 0000025A 6A 30                           	PUSH	48
   465 0000025C FF B5 FFFFF578                  	PUSH	DWORD [-2696+EBP]
   466 00000262 E8 [00000000]                   	CALL	_sheet_slide
   467 00000267 6A 00                           	PUSH	0
   468 00000269 FF B5 FFFFF580                  	PUSH	DWORD [-2688+EBP]
   469 0000026F E8 [00000000]                   	CALL	_sheet_updown
   470 00000274 83 C4 20                        	ADD	ESP,32
   471 00000277 6A 01                           	PUSH	1
   472 00000279 FF B5 FFFFF578                  	PUSH	DWORD [-2696+EBP]
   473 0000027F E8 [00000000]                   	CALL	_sheet_updown
   474 00000284 6A 02                           	PUSH	2
   475 00000286 FF B5 FFFFF57C                  	PUSH	DWORD [-2692+EBP]
   476 0000028C E8 [00000000]                   	CALL	_sheet_updown
   477 00000291 8B 95 FFFFF580                  	MOV	EDX,DWORD [-2688+EBP]
   478 00000297 68 [00000100]                   	PUSH	LC0
   479 0000029C 6A 0E                           	PUSH	14
   480 0000029E 6A 08                           	PUSH	8
   481 000002A0 8B 42 08                        	MOV	EAX,DWORD [8+EDX]
   482 000002A3 83 E8 2C                        	SUB	EAX,44
   483 000002A6 50                              	PUSH	EAX
   484 000002A7 8B 42 04                        	MOV	EAX,DWORD [4+EDX]
   485 000002AA 83 E8 40                        	SUB	EAX,64
   486 000002AD 50                              	PUSH	EAX
   487 000002AE 52                              	PUSH	EDX
   488 000002AF E8 [00000000]                   	CALL	_putstring8_ascii_sht
   489 000002B4 8B 8D FFFFF580                  	MOV	ECX,DWORD [-2688+EBP]
   490 000002BA 83 C4 28                        	ADD	ESP,40
   491 000002BD 68 [00000108]                   	PUSH	LC1
   492 000002C2 6A 08                           	PUSH	8
   493 000002C4 6A 00                           	PUSH	0
   494 000002C6 8B 41 08                        	MOV	EAX,DWORD [8+ECX]
   495 000002C9 83 E8 14                        	SUB	EAX,20
   496 000002CC 50                              	PUSH	EAX
   497 000002CD 6A 04                           	PUSH	4
   498 000002CF 51                              	PUSH	ECX
   499 000002D0 E8 [00000000]                   	CALL	_putstring8_ascii_sht
   500 000002D5 E8 [00000000]                   	CALL	_timer_alloc
   501 000002DA 6A 01                           	PUSH	1
   502 000002DC 56                              	PUSH	ESI
   503 000002DD 50                              	PUSH	EAX
   504 000002DE 89 85 FFFFF554                  	MOV	DWORD [-2732+EBP],EAX
   505 000002E4 E8 [00000000]                   	CALL	_timer_init
   506 000002E9 83 C4 24                        	ADD	ESP,36
   507 000002EC 6A 64                           	PUSH	100
   508 000002EE FF B5 FFFFF554                  	PUSH	DWORD [-2732+EBP]
   509 000002F4 E8 [00000000]                   	CALL	_timer_settime
   510 000002F9 68 00000100                     	PUSH	256
   511 000002FE 56                              	PUSH	ESI
   512 000002FF E8 [00000000]                   	CALL	_init_keyboard
   513 00000304 8D 85 FFFFF724                  	LEA	EAX,DWORD [-2268+EBP]
   514 0000030A 50                              	PUSH	EAX
   515 0000030B 68 00000200                     	PUSH	512
   516 00000310 56                              	PUSH	ESI
   517 00000311 E8 [00000000]                   	CALL	_enable_mouse
   518 00000316 68 000000F8                     	PUSH	248
   519 0000031B 6A 21                           	PUSH	33
   520 0000031D E8 [00000000]                   	CALL	_io_out8
   521 00000322 83 C4 24                        	ADD	ESP,36
   522 00000325 68 000000EF                     	PUSH	239
   523 0000032A 68 000000A1                     	PUSH	161
   524 0000032F E8 [00000000]                   	CALL	_io_out8
   525 00000334 C7 85 FFFFF550 00000000         	MOV	DWORD [-2736+EBP],0
   526 0000033E C7 85 FFFFF54C 00000000         	MOV	DWORD [-2740+EBP],0
   527 00000348 A0 00000FF1                     	MOV	AL,BYTE [4081]
   528 0000034D 68 000000ED                     	PUSH	237
   529 00000352 C0 F8 04                        	SAR	AL,4
   530 00000355 57                              	PUSH	EDI
   531 00000356 89 C2                           	MOV	EDX,EAX
   532 00000358 83 E2 07                        	AND	EDX,7
   533 0000035B 89 95 FFFFF548                  	MOV	DWORD [-2744+EBP],EDX
   534 00000361 C7 85 FFFFF544 FFFFFFFF         	MOV	DWORD [-2748+EBP],-1
   535 0000036B E8 [00000000]                   	CALL	_fifo32_put
   536 00000370 FF B5 FFFFF548                  	PUSH	DWORD [-2744+EBP]
   537 00000376 57                              	PUSH	EDI
   538 00000377 E8 [00000000]                   	CALL	_fifo32_put
   539 0000037C 8B BD FFFFF578                  	MOV	EDI,DWORD [-2696+EBP]
   540 00000382 57                              	PUSH	EDI
   541 00000383 E8 [00000000]                   	CALL	_keywin_on
   542 00000388 83 C4 1C                        	ADD	ESP,28
   543 0000038B C7 85 FFFFF540 00000000         	MOV	DWORD [-2752+EBP],0
   544 00000395 C7 85 FFFFF53C 00000000         	MOV	DWORD [-2756+EBP],0
   545 0000039F C7 85 FFFFF538 00000000         	MOV	DWORD [-2760+EBP],0
   546 000003A9                                 L109:
   547 000003A9 8D 5D B4                        	LEA	EBX,DWORD [-76+EBP]
   548 000003AC 53                              	PUSH	EBX
   549 000003AD E8 [00000000]                   	CALL	_fifo32_status
   550 000003B2 5A                              	POP	EDX
   551 000003B3 85 C0                           	TEST	EAX,EAX
   552 000003B5 7E 0D                           	JLE	L5
   553 000003B7 83 BD FFFFF544 00               	CMP	DWORD [-2748+EBP],0
   554 000003BE 0F 88 00000BDA                  	JS	L120
   555 000003C4                                 L5:
   556 000003C4 8D 5D D4                        	LEA	EBX,DWORD [-44+EBP]
   557 000003C7 E8 [00000000]                   	CALL	_io_cli
   558 000003CC 53                              	PUSH	EBX
   559 000003CD E8 [00000000]                   	CALL	_fifo32_status
   560 000003D2 5E                              	POP	ESI
   561 000003D3 85 C0                           	TEST	EAX,EAX
   562 000003D5 0F 84 00000B43                  	JE	L121
   563 000003DB 53                              	PUSH	EBX
   564 000003DC E8 [00000000]                   	CALL	_fifo32_get
   565 000003E1 89 85 FFFFF59C                  	MOV	DWORD [-2660+EBP],EAX
   566 000003E7 E8 [00000000]                   	CALL	_io_sti
   567 000003EC 8B 8D FFFFF584                  	MOV	ECX,DWORD [-2684+EBP]
   568 000003F2 5B                              	POP	EBX
   569 000003F3 8B 41 10                        	MOV	EAX,DWORD [16+ECX]
   570 000003F6 83 F8 01                        	CMP	EAX,1
   571 000003F9 0F 84 00000B18                  	JE	L122
   572 000003FF                                 L12:
   573 000003FF 85 FF                           	TEST	EDI,EDI
   574 00000401 74 17                           	JE	L13
   575 00000403 83 7F 1C 00                     	CMP	DWORD [28+EDI],0
   576 00000407 75 11                           	JNE	L13
   577 00000409 8B 95 FFFFF584                  	MOV	EDX,DWORD [-2684+EBP]
   578 0000040F 8B 7C 82 10                     	MOV	EDI,DWORD [16+EDX+EAX*4]
   579 00000413 57                              	PUSH	EDI
   580 00000414 E8 [00000000]                   	CALL	_keywin_on
   581 00000419 59                              	POP	ECX
   582 0000041A                                 L13:
   583 0000041A 8B B5 FFFFF59C                  	MOV	ESI,DWORD [-2660+EBP]
   584 00000420 81 EE 00000100                  	SUB	ESI,256
   585 00000426 81 FE 000000FF                  	CMP	ESI,255
   586 0000042C 0F 87 00000587                  	JA	L14
   587 00000432 89 B5 FFFFF59C                  	MOV	DWORD [-2660+EBP],ESI
   588 00000438 83 FE 7F                        	CMP	ESI,127
   589 0000043B 0F 8F 0000055B                  	JG	L15
   590 00000441 83 BD FFFFF550 00               	CMP	DWORD [-2736+EBP],0
   591 00000448 0F 85 0000055A                  	JNE	L16
   592 0000044E 8A 86 [00000000]                	MOV	AL,BYTE [_keytable0.0+ESI]
   593 00000454                                 L114:
   594 00000454 88 85 FFFFF6A4                  	MOV	BYTE [-2396+EBP],AL
   595 0000045A 83 FE 48                        	CMP	ESI,72
   596 0000045D 0F 84 00000539                  	JE	L15
   597 00000463 83 FE 50                        	CMP	ESI,80
   598 00000466 0F 84 00000530                  	JE	L15
   599 0000046C 83 FE 4B                        	CMP	ESI,75
   600 0000046F 0F 84 00000527                  	JE	L15
   601 00000475 83 FE 4D                        	CMP	ESI,77
   602 00000478 0F 84 0000051E                  	JE	L15
   603 0000047E                                 L20:
   604 0000047E 8A 95 FFFFF6A4                  	MOV	DL,BYTE [-2396+EBP]
   605 00000484 8D 42 BF                        	LEA	EAX,DWORD [-65+EDX]
   606 00000487 3C 19                           	CMP	AL,25
   607 00000489 77 1D                           	JA	L21
   608 0000048B F7 85 FFFFF548 00000004         	TEST	DWORD [-2744+EBP],4
   609 00000495 0F 85 000004F2                  	JNE	L112
   610 0000049B 83 BD FFFFF550 00               	CMP	DWORD [-2736+EBP],0
   611 000004A2 0F 84 000004D7                  	JE	L23
   612 000004A8                                 L21:
   613 000004A8 8A 85 FFFFF6A4                  	MOV	AL,BYTE [-2396+EBP]
   614 000004AE 84 C0                           	TEST	AL,AL
   615 000004B0 74 24                           	JE	L25
   616 000004B2 83 BD FFFFF54C 00               	CMP	DWORD [-2740+EBP],0
   617 000004B9 75 1B                           	JNE	L25
   618 000004BB 85 FF                           	TEST	EDI,EDI
   619 000004BD 74 17                           	JE	L25
   620 000004BF 0F BE C0                        	MOVSX	EAX,AL
   621 000004C2 05 00000100                     	ADD	EAX,256
   622 000004C7 50                              	PUSH	EAX
   623 000004C8 8B 47 24                        	MOV	EAX,DWORD [36+EDI]
   624 000004CB 83 C0 10                        	ADD	EAX,16
   625 000004CE 50                              	PUSH	EAX
   626 000004CF E8 [00000000]                   	CALL	_fifo32_put
   627 000004D4 58                              	POP	EAX
   628 000004D5 5A                              	POP	EDX
   629 000004D6                                 L25:
   630 000004D6 83 FE 0F                        	CMP	ESI,15
   631 000004D9 0F 84 00000468                  	JE	L123
   632 000004DF                                 L26:
   633 000004DF 83 FE 48                        	CMP	ESI,72
   634 000004E2 0F 84 0000043F                  	JE	L124
   635 000004E8                                 L27:
   636 000004E8 83 FE 50                        	CMP	ESI,80
   637 000004EB 0F 84 00000416                  	JE	L125
   638 000004F1                                 L28:
   639 000004F1 83 FE 4B                        	CMP	ESI,75
   640 000004F4 0F 84 000003ED                  	JE	L126
   641 000004FA                                 L29:
   642 000004FA 83 FE 4D                        	CMP	ESI,77
   643 000004FD 0F 84 000003C4                  	JE	L127
   644 00000503                                 L30:
   645 00000503 83 FE 2A                        	CMP	ESI,42
   646 00000506 0F 84 000003AF                  	JE	L128
   647 0000050C                                 L31:
   648 0000050C 83 FE 36                        	CMP	ESI,54
   649 0000050F 0F 84 0000039A                  	JE	L129
   650 00000515                                 L32:
   651 00000515 81 FE 000000AA                  	CMP	ESI,170
   652 0000051B 0F 84 00000382                  	JE	L130
   653 00000521                                 L33:
   654 00000521 81 FE 000000B6                  	CMP	ESI,182
   655 00000527 0F 84 0000036A                  	JE	L131
   656 0000052D                                 L34:
   657 0000052D 83 FE 1D                        	CMP	ESI,29
   658 00000530 0F 84 00000355                  	JE	L132
   659 00000536                                 L35:
   660 00000536 81 FE 0000009D                  	CMP	ESI,157
   661 0000053C 0F 84 0000033D                  	JE	L133
   662 00000542                                 L36:
   663 00000542 83 FE 3A                        	CMP	ESI,58
   664 00000545 0F 84 0000030B                  	JE	L134
   665 0000054B                                 L37:
   666 0000054B 83 FE 45                        	CMP	ESI,69
   667 0000054E 0F 84 000002D9                  	JE	L135
   668 00000554                                 L38:
   669 00000554 83 FE 46                        	CMP	ESI,70
   670 00000557 0F 84 000002A7                  	JE	L136
   671 0000055D                                 L39:
   672 0000055D 81 FE 000000FA                  	CMP	ESI,250
   673 00000563 0F 84 0000028C                  	JE	L137
   674 00000569                                 L40:
   675 00000569 81 FE 000000FE                  	CMP	ESI,254
   676 0000056F 0F 84 00000267                  	JE	L138
   677 00000575                                 L41:
   678 00000575 83 FE 2E                        	CMP	ESI,46
   679 00000578 0F 84 000001CA                  	JE	L139
   680 0000057E                                 L42:
   681 0000057E 83 BD FFFFF59C 31               	CMP	DWORD [-2660+EBP],49
   682 00000585 0F 84 000000BD                  	JE	L140
   683 0000058B                                 L50:
   684 0000058B 83 BD FFFFF59C 11               	CMP	DWORD [-2660+EBP],17
   685 00000592 75 44                           	JNE	L11
   686 00000594 83 BD FFFFF54C 00               	CMP	DWORD [-2740+EBP],0
   687 0000059B 74 3B                           	JE	L11
   688 0000059D 89 BD FFFFF58C                  	MOV	DWORD [-2676+EBP],EDI
   689 000005A3 85 FF                           	TEST	EDI,EDI
   690 000005A5 0F 84 FFFFFDFE                  	JE	L109
   691 000005AB F6 47 1C 10                     	TEST	BYTE [28+EDI],16
   692 000005AF 74 6C                           	JE	L62
   693 000005B1 8B 5F 24                        	MOV	EBX,DWORD [36+EDI]
   694 000005B4 E8 [00000000]                   	CALL	_io_cli
   695 000005B9 8D 43 30                        	LEA	EAX,DWORD [48+EBX]
   696 000005BC 89 43 54                        	MOV	DWORD [84+EBX],EAX
   697 000005BF C7 43 4C [00000000]             	MOV	DWORD [76+EBX],_asm_end_app
   698 000005C6 E8 [00000000]                   	CALL	_io_sti
   699 000005CB 6A 00                           	PUSH	0
   700 000005CD 6A FF                           	PUSH	-1
   701 000005CF 53                              	PUSH	EBX
   702 000005D0 E8 [00000000]                   	CALL	_task_run
   703 000005D5                                 L118:
   704 000005D5 83 C4 0C                        	ADD	ESP,12
   705 000005D8                                 L11:
   706 000005D8 8B 95 FFFFF584                  	MOV	EDX,DWORD [-2684+EBP]
   707 000005DE 8B 42 10                        	MOV	EAX,DWORD [16+EDX]
   708 000005E1 8B 44 82 10                     	MOV	EAX,DWORD [16+EDX+EAX*4]
   709 000005E5 89 85 FFFFF58C                  	MOV	DWORD [-2676+EBP],EAX
   710 000005EB 39 F8                           	CMP	EAX,EDI
   711 000005ED 74 14                           	JE	L107
   712 000005EF 57                              	PUSH	EDI
   713 000005F0 E8 [00000000]                   	CALL	_keywin_off
   714 000005F5 8B BD FFFFF58C                  	MOV	EDI,DWORD [-2676+EBP]
   715 000005FB 57                              	PUSH	EDI
   716 000005FC E8 [00000000]                   	CALL	_keywin_on
   717 00000601 58                              	POP	EAX
   718 00000602 5A                              	POP	EDX
   719 00000603                                 L107:
   720 00000603 81 3D [00000000] BBF81E00       	CMP	DWORD [_timerctl],-1141367296
   721 0000060D 0F 85 FFFFFD96                  	JNE	L109
   722 00000613 E8 [00000000]                   	CALL	_reset_timerctl_count
   723 00000618 E9 FFFFFD8C                     	JMP	L109
   724 0000061D                                 L62:
   725 0000061D 8B 5F 24                        	MOV	EBX,DWORD [36+EDI]
   726 00000620 6A FF                           	PUSH	-1
   727 00000622 57                              	PUSH	EDI
   728 00000623                                 L119:
   729 00000623 E8 [00000000]                   	CALL	_sheet_updown
   730 00000628 E8 [00000000]                   	CALL	_io_cli
   731 0000062D 8D 43 10                        	LEA	EAX,DWORD [16+EBX]
   732 00000630 6A 04                           	PUSH	4
   733 00000632 50                              	PUSH	EAX
   734 00000633 E8 [00000000]                   	CALL	_fifo32_put
   735 00000638 E8 [00000000]                   	CALL	_io_sti
   736 0000063D FF 8D FFFFF574                  	DEC	DWORD [-2700+EBP]
   737 00000643                                 L117:
   738 00000643 83 C4 10                        	ADD	ESP,16
   739 00000646 EB 90                           	JMP	L11
   740 00000648                                 L140:
   741 00000648 83 BD FFFFF54C 00               	CMP	DWORD [-2740+EBP],0
   742 0000064F 0F 84 FFFFFF36                  	JE	L50
   743 00000655 83 BD FFFFF574 10               	CMP	DWORD [-2700+EBP],16
   744 0000065C 0F 84 FFFFFF29                  	JE	L50
   745 00000662 68 00000190                     	PUSH	400
   746 00000667 68 000001E0                     	PUSH	480
   747 0000066C FF B5 FFFFF5A0                  	PUSH	DWORD [-2656+EBP]
   748 00000672 FF B5 FFFFF584                  	PUSH	DWORD [-2684+EBP]
   749 00000678 E8 [00000000]                   	CALL	_open_console
   750 0000067D 83 C4 10                        	ADD	ESP,16
   751 00000680 85 FF                           	TEST	EDI,EDI
   752 00000682 89 85 FFFFF578                  	MOV	DWORD [-2696+EBP],EAX
   753 00000688 0F 84 000000AF                  	JE	L141
   754 0000068E                                 L51:
   755 0000068E 8B 77 0C                        	MOV	ESI,DWORD [12+EDI]
   756 00000691 8B 8D FFFFF584                  	MOV	ECX,DWORD [-2684+EBP]
   757 00000697 8B 5F 10                        	MOV	EBX,DWORD [16+EDI]
   758 0000069A 8D 56 32                        	LEA	EDX,DWORD [50+ESI]
   759 0000069D 3B 51 08                        	CMP	EDX,DWORD [8+ECX]
   760 000006A0 7E 0A                           	JLE	L52
   761 000006A2 C7 85 FFFFF53C 00000001         	MOV	DWORD [-2756+EBP],1
   762 000006AC                                 L52:
   763 000006AC 8B 8D FFFFF584                  	MOV	ECX,DWORD [-2684+EBP]
   764 000006B2 8D 43 32                        	LEA	EAX,DWORD [50+EBX]
   765 000006B5 3B 41 0C                        	CMP	EAX,DWORD [12+ECX]
   766 000006B8 7E 0A                           	JLE	L53
   767 000006BA C7 85 FFFFF540 00000001         	MOV	DWORD [-2752+EBP],1
   768 000006C4                                 L53:
   769 000006C4 89 F0                           	MOV	EAX,ESI
   770 000006C6 83 E8 32                        	SUB	EAX,50
   771 000006C9 78 66                           	JS	L142
   772 000006CB                                 L54:
   773 000006CB 89 D9                           	MOV	ECX,EBX
   774 000006CD 83 E9 32                        	SUB	ECX,50
   775 000006D0 78 53                           	JS	L143
   776 000006D2                                 L55:
   777 000006D2 89 C6                           	MOV	ESI,EAX
   778 000006D4 83 BD FFFFF53C 00               	CMP	DWORD [-2756+EBP],0
   779 000006DB 75 02                           	JNE	L57
   780 000006DD 89 D6                           	MOV	ESI,EDX
   781 000006DF                                 L57:
   782 000006DF 83 BD FFFFF540 00               	CMP	DWORD [-2752+EBP],0
   783 000006E6 74 38                           	JE	L58
   784 000006E8 83 EB 32                        	SUB	EBX,50
   785 000006EB                                 L59:
   786 000006EB 83 E3 FC                        	AND	EBX,-4
   787 000006EE 83 E6 FC                        	AND	ESI,-4
   788 000006F1 53                              	PUSH	EBX
   789 000006F2 56                              	PUSH	ESI
   790 000006F3 FF B5 FFFFF578                  	PUSH	DWORD [-2696+EBP]
   791 000006F9 E8 [00000000]                   	CALL	_sheet_slide
   792 000006FE 8B 85 FFFFF584                  	MOV	EAX,DWORD [-2684+EBP]
   793 00000704 FF 70 10                        	PUSH	DWORD [16+EAX]
   794 00000707 FF B5 FFFFF578                  	PUSH	DWORD [-2696+EBP]
   795 0000070D E8 [00000000]                   	CALL	_sheet_updown
   796 00000712 83 C4 14                        	ADD	ESP,20
   797 00000715 FF 85 FFFFF574                  	INC	DWORD [-2700+EBP]
   798 0000071B E9 FFFFFE6B                     	JMP	L50
   799 00000720                                 L58:
   800 00000720 83 C3 32                        	ADD	EBX,50
   801 00000723 EB C6                           	JMP	L59
   802 00000725                                 L143:
   803 00000725 C7 85 FFFFF540 00000000         	MOV	DWORD [-2752+EBP],0
   804 0000072F EB A1                           	JMP	L55
   805 00000731                                 L142:
   806 00000731 C7 85 FFFFF53C 00000000         	MOV	DWORD [-2756+EBP],0
   807 0000073B EB 8E                           	JMP	L54
   808 0000073D                                 L141:
   809 0000073D 8B BD FFFFF580                  	MOV	EDI,DWORD [-2688+EBP]
   810 00000743 E9 FFFFFF46                     	JMP	L51
   811 00000748                                 L139:
   812 00000748 83 BD FFFFF54C 00               	CMP	DWORD [-2740+EBP],0
   813 0000074F 0F 84 FFFFFE29                  	JE	L42
   814 00000755 85 FF                           	TEST	EDI,EDI
   815 00000757 0F 84 FFFFFE21                  	JE	L42
   816 0000075D 8B 5F 24                        	MOV	EBX,DWORD [36+EDI]
   817 00000760 85 DB                           	TEST	EBX,EBX
   818 00000762 74 45                           	JE	L43
   819 00000764 83 7B 34 00                     	CMP	DWORD [52+EBX],0
   820 00000768 74 3F                           	JE	L43
   821 0000076A 6A FF                           	PUSH	-1
   822 0000076C 6A 09                           	PUSH	9
   823 0000076E 6A 07                           	PUSH	7
   824 00000770 68 [00000111]                   	PUSH	LC2
   825 00000775 FF B3 000000A4                  	PUSH	DWORD [164+EBX]
   826 0000077B E8 [00000000]                   	CALL	_cons_putstring
   827 00000780 E8 [00000000]                   	CALL	_io_cli
   828 00000785 8D 43 30                        	LEA	EAX,DWORD [48+EBX]
   829 00000788 89 43 54                        	MOV	DWORD [84+EBX],EAX
   830 0000078B C7 43 4C [00000000]             	MOV	DWORD [76+EBX],_asm_end_app
   831 00000792 E8 [00000000]                   	CALL	_io_sti
   832 00000797 6A 00                           	PUSH	0
   833 00000799 6A FF                           	PUSH	-1
   834 0000079B 53                              	PUSH	EBX
   835 0000079C E8 [00000000]                   	CALL	_task_run
   836 000007A1 83 C4 20                        	ADD	ESP,32
   837 000007A4 E9 FFFFFDD5                     	JMP	L42
   838 000007A9                                 L43:
   839 000007A9 81 FE 000000FF                  	CMP	ESI,255
   840 000007AF 0F 8F FFFFFDC9                  	JG	L42
   841 000007B5                                 L49:
   842 000007B5 68 00000108                     	PUSH	264
   843 000007BA 8D 43 10                        	LEA	EAX,DWORD [16+EBX]
   844 000007BD 50                              	PUSH	EAX
   845 000007BE E8 [00000000]                   	CALL	_fifo32_put
   846 000007C3 FF 85 FFFFF59C                  	INC	DWORD [-2660+EBP]
   847 000007C9 5E                              	POP	ESI
   848 000007CA 58                              	POP	EAX
   849 000007CB 81 BD FFFFF59C 000000FF         	CMP	DWORD [-2660+EBP],255
   850 000007D5 7E DE                           	JLE	L49
   851 000007D7 E9 FFFFFDA2                     	JMP	L42
   852 000007DC                                 L138:
   853 000007DC E8 [00000000]                   	CALL	_wait_KBC_sendready
   854 000007E1 FF B5 FFFFF544                  	PUSH	DWORD [-2748+EBP]
   855 000007E7 6A 60                           	PUSH	96
   856 000007E9 E8 [00000000]                   	CALL	_io_out8
   857 000007EE 58                              	POP	EAX
   858 000007EF 5A                              	POP	EDX
   859 000007F0 E9 FFFFFD80                     	JMP	L41
   860 000007F5                                 L137:
   861 000007F5 C7 85 FFFFF544 FFFFFFFF         	MOV	DWORD [-2748+EBP],-1
   862 000007FF E9 FFFFFD65                     	JMP	L40
   863 00000804                                 L136:
   864 00000804 68 000000ED                     	PUSH	237
   865 00000809 8D 5D B4                        	LEA	EBX,DWORD [-76+EBP]
   866 0000080C 53                              	PUSH	EBX
   867 0000080D 83 B5 FFFFF548 01               	XOR	DWORD [-2744+EBP],1
   868 00000814 E8 [00000000]                   	CALL	_fifo32_put
   869 00000819 FF B5 FFFFF548                  	PUSH	DWORD [-2744+EBP]
   870 0000081F 53                              	PUSH	EBX
   871 00000820 E8 [00000000]                   	CALL	_fifo32_put
   872 00000825 83 C4 10                        	ADD	ESP,16
   873 00000828 E9 FFFFFD30                     	JMP	L39
   874 0000082D                                 L135:
   875 0000082D 68 000000ED                     	PUSH	237
   876 00000832 8D 5D B4                        	LEA	EBX,DWORD [-76+EBP]
   877 00000835 53                              	PUSH	EBX
   878 00000836 83 B5 FFFFF548 02               	XOR	DWORD [-2744+EBP],2
   879 0000083D E8 [00000000]                   	CALL	_fifo32_put
   880 00000842 FF B5 FFFFF548                  	PUSH	DWORD [-2744+EBP]
   881 00000848 53                              	PUSH	EBX
   882 00000849 E8 [00000000]                   	CALL	_fifo32_put
   883 0000084E 83 C4 10                        	ADD	ESP,16
   884 00000851 E9 FFFFFCFE                     	JMP	L38
   885 00000856                                 L134:
   886 00000856 68 000000ED                     	PUSH	237
   887 0000085B 8D 5D B4                        	LEA	EBX,DWORD [-76+EBP]
   888 0000085E 53                              	PUSH	EBX
   889 0000085F 83 B5 FFFFF548 04               	XOR	DWORD [-2744+EBP],4
   890 00000866 E8 [00000000]                   	CALL	_fifo32_put
   891 0000086B FF B5 FFFFF548                  	PUSH	DWORD [-2744+EBP]
   892 00000871 53                              	PUSH	EBX
   893 00000872 E8 [00000000]                   	CALL	_fifo32_put
   894 00000877 83 C4 10                        	ADD	ESP,16
   895 0000087A E9 FFFFFCCC                     	JMP	L37
   896 0000087F                                 L133:
   897 0000087F 83 A5 FFFFF54C FE               	AND	DWORD [-2740+EBP],-2
   898 00000886 E9 FFFFFCB7                     	JMP	L36
   899 0000088B                                 L132:
   900 0000088B 83 8D FFFFF54C 01               	OR	DWORD [-2740+EBP],1
   901 00000892 E9 FFFFFC9F                     	JMP	L35
   902 00000897                                 L131:
   903 00000897 83 A5 FFFFF550 FD               	AND	DWORD [-2736+EBP],-3
   904 0000089E E9 FFFFFC8A                     	JMP	L34
   905 000008A3                                 L130:
   906 000008A3 83 A5 FFFFF550 FE               	AND	DWORD [-2736+EBP],-2
   907 000008AA E9 FFFFFC72                     	JMP	L33
   908 000008AF                                 L129:
   909 000008AF 83 8D FFFFF550 02               	OR	DWORD [-2736+EBP],2
   910 000008B6 E9 FFFFFC5A                     	JMP	L32
   911 000008BB                                 L128:
   912 000008BB 83 8D FFFFF550 01               	OR	DWORD [-2736+EBP],1
   913 000008C2 E9 FFFFFC45                     	JMP	L31
   914 000008C7                                 L127:
   915 000008C7 85 FF                           	TEST	EDI,EDI
   916 000008C9 0F 84 FFFFFC34                  	JE	L30
   917 000008CF 68 000001F3                     	PUSH	499
   918 000008D4 8B 47 24                        	MOV	EAX,DWORD [36+EDI]
   919 000008D7 83 C0 10                        	ADD	EAX,16
   920 000008DA 50                              	PUSH	EAX
   921 000008DB E8 [00000000]                   	CALL	_fifo32_put
   922 000008E0 59                              	POP	ECX
   923 000008E1 5B                              	POP	EBX
   924 000008E2 E9 FFFFFC1C                     	JMP	L30
   925 000008E7                                 L126:
   926 000008E7 85 FF                           	TEST	EDI,EDI
   927 000008E9 0F 84 FFFFFC0B                  	JE	L29
   928 000008EF 68 000001F2                     	PUSH	498
   929 000008F4 8B 47 24                        	MOV	EAX,DWORD [36+EDI]
   930 000008F7 83 C0 10                        	ADD	EAX,16
   931 000008FA 50                              	PUSH	EAX
   932 000008FB E8 [00000000]                   	CALL	_fifo32_put
   933 00000900 58                              	POP	EAX
   934 00000901 5A                              	POP	EDX
   935 00000902 E9 FFFFFBF3                     	JMP	L29
   936 00000907                                 L125:
   937 00000907 85 FF                           	TEST	EDI,EDI
   938 00000909 0F 84 FFFFFBE2                  	JE	L28
   939 0000090F 68 000001F1                     	PUSH	497
   940 00000914 8B 47 24                        	MOV	EAX,DWORD [36+EDI]
   941 00000917 83 C0 10                        	ADD	EAX,16
   942 0000091A 50                              	PUSH	EAX
   943 0000091B E8 [00000000]                   	CALL	_fifo32_put
   944 00000920 59                              	POP	ECX
   945 00000921 5B                              	POP	EBX
   946 00000922 E9 FFFFFBCA                     	JMP	L28
   947 00000927                                 L124:
   948 00000927 85 FF                           	TEST	EDI,EDI
   949 00000929 0F 84 FFFFFBB9                  	JE	L27
   950 0000092F 68 000001F0                     	PUSH	496
   951 00000934 8B 47 24                        	MOV	EAX,DWORD [36+EDI]
   952 00000937 83 C0 10                        	ADD	EAX,16
   953 0000093A 50                              	PUSH	EAX
   954 0000093B E8 [00000000]                   	CALL	_fifo32_put
   955 00000940 58                              	POP	EAX
   956 00000941 5A                              	POP	EDX
   957 00000942 E9 FFFFFBA1                     	JMP	L27
   958 00000947                                 L123:
   959 00000947 83 BD FFFFF54C 00               	CMP	DWORD [-2740+EBP],0
   960 0000094E 0F 84 FFFFFB8B                  	JE	L26
   961 00000954 8B 95 FFFFF584                  	MOV	EDX,DWORD [-2684+EBP]
   962 0000095A 8B 42 10                        	MOV	EAX,DWORD [16+EDX]
   963 0000095D 83 F8 02                        	CMP	EAX,2
   964 00000960 0F 8E FFFFFB79                  	JLE	L26
   965 00000966 85 FF                           	TEST	EDI,EDI
   966 00000968 0F 84 FFFFFB71                  	JE	L26
   967 0000096E 48                              	DEC	EAX
   968 0000096F 50                              	PUSH	EAX
   969 00000970 FF 72 18                        	PUSH	DWORD [24+EDX]
   970 00000973 E8 [00000000]                   	CALL	_sheet_updown
   971 00000978 59                              	POP	ECX
   972 00000979 5B                              	POP	EBX
   973 0000097A E9 FFFFFB60                     	JMP	L26
   974 0000097F                                 L23:
   975 0000097F 8D 42 20                        	LEA	EAX,DWORD [32+EDX]
   976 00000982 88 85 FFFFF6A4                  	MOV	BYTE [-2396+EBP],AL
   977 00000988 E9 FFFFFB1B                     	JMP	L21
   978 0000098D                                 L112:
   979 0000098D 83 BD FFFFF550 00               	CMP	DWORD [-2736+EBP],0
   980 00000994 0F 84 FFFFFB0E                  	JE	L21
   981 0000099A EB E3                           	JMP	L23
   982 0000099C                                 L15:
   983 0000099C C6 85 FFFFF6A4 00               	MOV	BYTE [-2396+EBP],0
   984 000009A3 E9 FFFFFAD6                     	JMP	L20
   985 000009A8                                 L16:
   986 000009A8 8B 8D FFFFF59C                  	MOV	ECX,DWORD [-2660+EBP]
   987 000009AE 8A 81 [00000080]                	MOV	AL,BYTE [_keytable1.1+ECX]
   988 000009B4 E9 FFFFFA9B                     	JMP	L114
   989 000009B9                                 L14:
   990 000009B9 8B 85 FFFFF59C                  	MOV	EAX,DWORD [-2660+EBP]
   991 000009BF 2D 00000200                     	SUB	EAX,512
   992 000009C4 3D 000000FF                     	CMP	EAX,255
   993 000009C9 0F 87 0000044E                  	JA	L65
   994 000009CF 0F B6 C0                        	MOVZX	EAX,AL
   995 000009D2 50                              	PUSH	EAX
   996 000009D3 8D 85 FFFFF724                  	LEA	EAX,DWORD [-2268+EBP]
   997 000009D9 50                              	PUSH	EAX
   998 000009DA E8 [00000000]                   	CALL	_mouse_decode
   999 000009DF 5A                              	POP	EDX
  1000 000009E0 59                              	POP	ECX
  1001 000009E1 48                              	DEC	EAX
  1002 000009E2 0F 85 FFFFFBF0                  	JNE	L11
  1003 000009E8 8B 95 FFFFF72C                  	MOV	EDX,DWORD [-2260+EBP]
  1004 000009EE 8B 8D FFFFF728                  	MOV	ECX,DWORD [-2264+EBP]
  1005 000009F4 01 95 FFFFF56C                  	ADD	DWORD [-2708+EBP],EDX
  1006 000009FA 01 8D FFFFF570                  	ADD	DWORD [-2704+EBP],ECX
  1007 00000A00 0F 88 00000408                  	JS	L144
  1008 00000A06                                 L67:
  1009 00000A06 83 BD FFFFF56C 00               	CMP	DWORD [-2708+EBP],0
  1010 00000A0D 0F 88 000003EC                  	JS	L145
  1011 00000A13                                 L68:
  1012 00000A13 0F BF 05 00000FF4               	MOVSX	EAX,WORD [4084]
  1013 00000A1A 48                              	DEC	EAX
  1014 00000A1B 39 85 FFFFF570                  	CMP	DWORD [-2704+EBP],EAX
  1015 00000A21 7E 06                           	JLE	L69
  1016 00000A23 89 85 FFFFF570                  	MOV	DWORD [-2704+EBP],EAX
  1017 00000A29                                 L69:
  1018 00000A29 0F BF 05 00000FF6               	MOVSX	EAX,WORD [4086]
  1019 00000A30 48                              	DEC	EAX
  1020 00000A31 39 85 FFFFF56C                  	CMP	DWORD [-2708+EBP],EAX
  1021 00000A37 7E 06                           	JLE	L70
  1022 00000A39 89 85 FFFFF56C                  	MOV	DWORD [-2708+EBP],EAX
  1023 00000A3F                                 L70:
  1024 00000A3F FF B5 FFFFF56C                  	PUSH	DWORD [-2708+EBP]
  1025 00000A45 FF B5 FFFFF570                  	PUSH	DWORD [-2704+EBP]
  1026 00000A4B FF B5 FFFFF57C                  	PUSH	DWORD [-2692+EBP]
  1027 00000A51 E8 [00000000]                   	CALL	_sheet_slide
  1028 00000A56 83 C4 0C                        	ADD	ESP,12
  1029 00000A59 8B 85 FFFFF570                  	MOV	EAX,DWORD [-2704+EBP]
  1030 00000A5F 8B 95 FFFFF56C                  	MOV	EDX,DWORD [-2708+EBP]
  1031 00000A65 89 85 FFFFF568                  	MOV	DWORD [-2712+EBP],EAX
  1032 00000A6B 89 95 FFFFF564                  	MOV	DWORD [-2716+EBP],EDX
  1033 00000A71 F7 85 FFFFF730 00000001         	TEST	DWORD [-2256+EBP],1
  1034 00000A7B 0F 84 00000219                  	JE	L71
  1035 00000A81 83 BD FFFFF598 00               	CMP	DWORD [-2664+EBP],0
  1036 00000A88 78 46                           	JS	L146
  1037 00000A8A 8B B5 FFFFF570                  	MOV	ESI,DWORD [-2704+EBP]
  1038 00000A90 8B 8D FFFFF590                  	MOV	ECX,DWORD [-2672+EBP]
  1039 00000A96 2B B5 FFFFF598                  	SUB	ESI,DWORD [-2664+EBP]
  1040 00000A9C 8B 9D FFFFF56C                  	MOV	EBX,DWORD [-2708+EBP]
  1041 00000AA2 2B 9D FFFFF594                  	SUB	EBX,DWORD [-2668+EBP]
  1042 00000AA8 8B 85 FFFFF56C                  	MOV	EAX,DWORD [-2708+EBP]
  1043 00000AAE 8D 74 0E 02                     	LEA	ESI,DWORD [2+ESI+ECX*1]
  1044 00000AB2 89 85 FFFFF594                  	MOV	DWORD [-2668+EBP],EAX
  1045 00000AB8 89 B5 FFFFF560                  	MOV	DWORD [-2720+EBP],ESI
  1046 00000ABE 01 9D FFFFF55C                  	ADD	DWORD [-2724+EBP],EBX
  1047 00000AC4 83 A5 FFFFF560 FC               	AND	DWORD [-2720+EBP],-4
  1048 00000ACB E9 FFFFFB08                     	JMP	L11
  1049 00000AD0                                 L146:
  1050 00000AD0 8B 8D FFFFF584                  	MOV	ECX,DWORD [-2684+EBP]
  1051 00000AD6 89 C6                           	MOV	ESI,EAX
  1052 00000AD8 89 D3                           	MOV	EBX,EDX
  1053 00000ADA 8B 49 14                        	MOV	ECX,DWORD [20+ECX]
  1054 00000ADD 89 8D FFFFF58C                  	MOV	DWORD [-2676+EBP],ECX
  1055 00000AE3 2B 71 0C                        	SUB	ESI,DWORD [12+ECX]
  1056 00000AE6 2B 59 10                        	SUB	EBX,DWORD [16+ECX]
  1057 00000AE9 8D 46 FC                        	LEA	EAX,DWORD [-4+ESI]
  1058 00000AEC 83 F8 42                        	CMP	EAX,66
  1059 00000AEF 77 3C                           	JA	L73
  1060 00000AF1 8B 51 08                        	MOV	EDX,DWORD [8+ECX]
  1061 00000AF4 8D 42 E8                        	LEA	EAX,DWORD [-24+EDX]
  1062 00000AF7 39 D8                           	CMP	EAX,EBX
  1063 00000AF9 7F 32                           	JG	L73
  1064 00000AFB 8D 42 FC                        	LEA	EAX,DWORD [-4+EDX]
  1065 00000AFE 39 C3                           	CMP	EBX,EAX
  1066 00000B00 7F 2B                           	JG	L73
  1067 00000B02 68 [00000108]                   	PUSH	LC1
  1068 00000B07 8B 95 FFFFF580                  	MOV	EDX,DWORD [-2688+EBP]
  1069 00000B0D 6A 08                           	PUSH	8
  1070 00000B0F 6A 07                           	PUSH	7
  1071 00000B11 8B 42 08                        	MOV	EAX,DWORD [8+EDX]
  1072 00000B14 83 E8 14                        	SUB	EAX,20
  1073 00000B17 50                              	PUSH	EAX
  1074 00000B18 6A 04                           	PUSH	4
  1075 00000B1A 52                              	PUSH	EDX
  1076 00000B1B E8 [00000000]                   	CALL	_putstring8_ascii_sht
  1077 00000B20 83 C4 18                        	ADD	ESP,24
  1078 00000B23 C7 85 FFFFF538 00000001         	MOV	DWORD [-2760+EBP],1
  1079 00000B2D                                 L73:
  1080 00000B2D 8B 8D FFFFF584                  	MOV	ECX,DWORD [-2684+EBP]
  1081 00000B33 8B 49 10                        	MOV	ECX,DWORD [16+ECX]
  1082 00000B36 89 8D FFFFF534                  	MOV	DWORD [-2764+EBP],ECX
  1083 00000B3C 49                              	DEC	ECX
  1084 00000B3D 85 C9                           	TEST	ECX,ECX
  1085 00000B3F 0F 8E FFFFFA93                  	JLE	L11
  1086 00000B45                                 L85:
  1087 00000B45 8B 85 FFFFF584                  	MOV	EAX,DWORD [-2684+EBP]
  1088 00000B4B 8B 9D FFFFF56C                  	MOV	EBX,DWORD [-2708+EBP]
  1089 00000B51 8B B5 FFFFF570                  	MOV	ESI,DWORD [-2704+EBP]
  1090 00000B57 8B 44 88 14                     	MOV	EAX,DWORD [20+EAX+ECX*4]
  1091 00000B5B 89 85 FFFFF58C                  	MOV	DWORD [-2676+EBP],EAX
  1092 00000B61 2B 58 10                        	SUB	EBX,DWORD [16+EAX]
  1093 00000B64 2B 70 0C                        	SUB	ESI,DWORD [12+EAX]
  1094 00000B67 78 38                           	JS	L76
  1095 00000B69 8B 40 04                        	MOV	EAX,DWORD [4+EAX]
  1096 00000B6C 39 C6                           	CMP	ESI,EAX
  1097 00000B6E 7D 31                           	JGE	L76
  1098 00000B70 85 DB                           	TEST	EBX,EBX
  1099 00000B72 78 2D                           	JS	L76
  1100 00000B74 8B 95 FFFFF58C                  	MOV	EDX,DWORD [-2676+EBP]
  1101 00000B7A 3B 5A 08                        	CMP	EBX,DWORD [8+EDX]
  1102 00000B7D 7D 22                           	JGE	L76
  1103 00000B7F 0F AF C3                        	IMUL	EAX,EBX
  1104 00000B82 89 85 FFFFF530                  	MOV	DWORD [-2768+EBP],EAX
  1105 00000B88 8B 12                           	MOV	EDX,DWORD [EDX]
  1106 00000B8A 8B 85 FFFFF530                  	MOV	EAX,DWORD [-2768+EBP]
  1107 00000B90 01 F0                           	ADD	EAX,ESI
  1108 00000B92 0F B6 04 10                     	MOVZX	EAX,BYTE [EAX+EDX*1]
  1109 00000B96 8B 95 FFFFF58C                  	MOV	EDX,DWORD [-2676+EBP]
  1110 00000B9C 3B 42 14                        	CMP	EAX,DWORD [20+EDX]
  1111 00000B9F 75 0A                           	JNE	L147
  1112 00000BA1                                 L76:
  1113 00000BA1 49                              	DEC	ECX
  1114 00000BA2 85 C9                           	TEST	ECX,ECX
  1115 00000BA4 7F 9F                           	JG	L85
  1116 00000BA6 E9 FFFFFA2D                     	JMP	L11
  1117 00000BAB                                 L147:
  1118 00000BAB 8B 85 FFFFF534                  	MOV	EAX,DWORD [-2764+EBP]
  1119 00000BB1 48                              	DEC	EAX
  1120 00000BB2 50                              	PUSH	EAX
  1121 00000BB3 52                              	PUSH	EDX
  1122 00000BB4 E8 [00000000]                   	CALL	_sheet_updown
  1123 00000BB9 39 BD FFFFF58C                  	CMP	DWORD [-2676+EBP],EDI
  1124 00000BBF 59                              	POP	ECX
  1125 00000BC0 58                              	POP	EAX
  1126 00000BC1 74 14                           	JE	L80
  1127 00000BC3 57                              	PUSH	EDI
  1128 00000BC4 E8 [00000000]                   	CALL	_keywin_off
  1129 00000BC9 8B BD FFFFF58C                  	MOV	EDI,DWORD [-2676+EBP]
  1130 00000BCF 57                              	PUSH	EDI
  1131 00000BD0 E8 [00000000]                   	CALL	_keywin_on
  1132 00000BD5 58                              	POP	EAX
  1133 00000BD6 5A                              	POP	EDX
  1134 00000BD7                                 L80:
  1135 00000BD7 83 FE 02                        	CMP	ESI,2
  1136 00000BDA 7E 4A                           	JLE	L81
  1137 00000BDC 8B 8D FFFFF58C                  	MOV	ECX,DWORD [-2676+EBP]
  1138 00000BE2 8B 41 04                        	MOV	EAX,DWORD [4+ECX]
  1139 00000BE5 83 E8 03                        	SUB	EAX,3
  1140 00000BE8 39 C6                           	CMP	ESI,EAX
  1141 00000BEA 7D 3A                           	JGE	L81
  1142 00000BEC 83 FB 02                        	CMP	EBX,2
  1143 00000BEF 7E 35                           	JLE	L81
  1144 00000BF1 83 FB 14                        	CMP	EBX,20
  1145 00000BF4 7F 30                           	JG	L81
  1146 00000BF6 8B 85 FFFFF570                  	MOV	EAX,DWORD [-2704+EBP]
  1147 00000BFC 8B 95 FFFFF56C                  	MOV	EDX,DWORD [-2708+EBP]
  1148 00000C02 89 85 FFFFF598                  	MOV	DWORD [-2664+EBP],EAX
  1149 00000C08 8B 49 0C                        	MOV	ECX,DWORD [12+ECX]
  1150 00000C0B 8B 85 FFFFF58C                  	MOV	EAX,DWORD [-2676+EBP]
  1151 00000C11 89 95 FFFFF594                  	MOV	DWORD [-2668+EBP],EDX
  1152 00000C17 89 8D FFFFF590                  	MOV	DWORD [-2672+EBP],ECX
  1153 00000C1D 8B 40 10                        	MOV	EAX,DWORD [16+EAX]
  1154 00000C20 89 85 FFFFF55C                  	MOV	DWORD [-2724+EBP],EAX
  1155 00000C26                                 L81:
  1156 00000C26 8D 46 FB                        	LEA	EAX,DWORD [-5+ESI]
  1157 00000C29 83 F8 0F                        	CMP	EAX,15
  1158 00000C2C 0F 87 FFFFF9A6                  	JA	L11
  1159 00000C32 83 FB 12                        	CMP	EBX,18
  1160 00000C35 0F 8F FFFFF99D                  	JG	L11
  1161 00000C3B 8B 95 FFFFF58C                  	MOV	EDX,DWORD [-2676+EBP]
  1162 00000C41 F6 42 1C 10                     	TEST	BYTE [28+EDX],16
  1163 00000C45 75 0B                           	JNE	L113
  1164 00000C47 8B 5A 24                        	MOV	EBX,DWORD [36+EDX]
  1165 00000C4A 6A FF                           	PUSH	-1
  1166 00000C4C 52                              	PUSH	EDX
  1167 00000C4D E9 FFFFF9D1                     	JMP	L119
  1168 00000C52                                 L113:
  1169 00000C52 8B 8D FFFFF58C                  	MOV	ECX,DWORD [-2676+EBP]
  1170 00000C58 8B 59 24                        	MOV	EBX,DWORD [36+ECX]
  1171 00000C5B 6A FF                           	PUSH	-1
  1172 00000C5D 6A 09                           	PUSH	9
  1173 00000C5F 6A 07                           	PUSH	7
  1174 00000C61 68 [00000120]                   	PUSH	LC3
  1175 00000C66 FF B3 000000A4                  	PUSH	DWORD [164+EBX]
  1176 00000C6C E8 [00000000]                   	CALL	_cons_putstring
  1177 00000C71 E8 [00000000]                   	CALL	_io_cli
  1178 00000C76 8D 43 30                        	LEA	EAX,DWORD [48+EBX]
  1179 00000C79 89 43 54                        	MOV	DWORD [84+EBX],EAX
  1180 00000C7C C7 43 4C [00000000]             	MOV	DWORD [76+EBX],_asm_end_app
  1181 00000C83 E8 [00000000]                   	CALL	_io_sti
  1182 00000C88 6A 00                           	PUSH	0
  1183 00000C8A 6A FF                           	PUSH	-1
  1184 00000C8C 53                              	PUSH	EBX
  1185 00000C8D E8 [00000000]                   	CALL	_task_run
  1186 00000C92                                 L116:
  1187 00000C92 83 C4 20                        	ADD	ESP,32
  1188 00000C95 E9 FFFFF93E                     	JMP	L11
  1189 00000C9A                                 L71:
  1190 00000C9A C7 85 FFFFF598 FFFFFFFF         	MOV	DWORD [-2664+EBP],-1
  1191 00000CA4 81 BD FFFFF560 7FFFFFFF         	CMP	DWORD [-2720+EBP],2147483647
  1192 00000CAE 74 24                           	JE	L88
  1193 00000CB0 FF B5 FFFFF55C                  	PUSH	DWORD [-2724+EBP]
  1194 00000CB6 FF B5 FFFFF560                  	PUSH	DWORD [-2720+EBP]
  1195 00000CBC FF B5 FFFFF58C                  	PUSH	DWORD [-2676+EBP]
  1196 00000CC2 E8 [00000000]                   	CALL	_sheet_slide
  1197 00000CC7 83 C4 0C                        	ADD	ESP,12
  1198 00000CCA C7 85 FFFFF560 7FFFFFFF         	MOV	DWORD [-2720+EBP],2147483647
  1199 00000CD4                                 L88:
  1200 00000CD4 68 [00000108]                   	PUSH	LC1
  1201 00000CD9 8B 95 FFFFF580                  	MOV	EDX,DWORD [-2688+EBP]
  1202 00000CDF 6A 08                           	PUSH	8
  1203 00000CE1 6A 00                           	PUSH	0
  1204 00000CE3 8B 42 08                        	MOV	EAX,DWORD [8+EDX]
  1205 00000CE6 83 E8 14                        	SUB	EAX,20
  1206 00000CE9 50                              	PUSH	EAX
  1207 00000CEA 6A 04                           	PUSH	4
  1208 00000CEC 52                              	PUSH	EDX
  1209 00000CED E8 [00000000]                   	CALL	_putstring8_ascii_sht
  1210 00000CF2 83 C4 18                        	ADD	ESP,24
  1211 00000CF5 83 BD FFFFF538 00               	CMP	DWORD [-2760+EBP],0
  1212 00000CFC 0F 84 FFFFF8D6                  	JE	L11
  1213 00000D02 83 BD FFFFF574 10               	CMP	DWORD [-2700+EBP],16
  1214 00000D09 0F 84 FFFFF8C9                  	JE	L11
  1215 00000D0F 68 00000190                     	PUSH	400
  1216 00000D14 68 000001E0                     	PUSH	480
  1217 00000D19 FF B5 FFFFF5A0                  	PUSH	DWORD [-2656+EBP]
  1218 00000D1F FF B5 FFFFF584                  	PUSH	DWORD [-2684+EBP]
  1219 00000D25 C7 85 FFFFF538 00000000         	MOV	DWORD [-2760+EBP],0
  1220 00000D2F E8 [00000000]                   	CALL	_open_console
  1221 00000D34 83 C4 10                        	ADD	ESP,16
  1222 00000D37 85 FF                           	TEST	EDI,EDI
  1223 00000D39 89 85 FFFFF578                  	MOV	DWORD [-2696+EBP],EAX
  1224 00000D3F 0F 84 000000AF                  	JE	L148
  1225 00000D45                                 L90:
  1226 00000D45 8B 77 0C                        	MOV	ESI,DWORD [12+EDI]
  1227 00000D48 8B 8D FFFFF584                  	MOV	ECX,DWORD [-2684+EBP]
  1228 00000D4E 8B 5F 10                        	MOV	EBX,DWORD [16+EDI]
  1229 00000D51 8D 56 32                        	LEA	EDX,DWORD [50+ESI]
  1230 00000D54 3B 51 08                        	CMP	EDX,DWORD [8+ECX]
  1231 00000D57 7E 0A                           	JLE	L91
  1232 00000D59 C7 85 FFFFF53C 00000001         	MOV	DWORD [-2756+EBP],1
  1233 00000D63                                 L91:
  1234 00000D63 8B 8D FFFFF584                  	MOV	ECX,DWORD [-2684+EBP]
  1235 00000D69 8D 43 32                        	LEA	EAX,DWORD [50+EBX]
  1236 00000D6C 3B 41 0C                        	CMP	EAX,DWORD [12+ECX]
  1237 00000D6F 7E 0A                           	JLE	L92
  1238 00000D71 C7 85 FFFFF540 00000001         	MOV	DWORD [-2752+EBP],1
  1239 00000D7B                                 L92:
  1240 00000D7B 89 F0                           	MOV	EAX,ESI
  1241 00000D7D 83 E8 32                        	SUB	EAX,50
  1242 00000D80 78 66                           	JS	L149
  1243 00000D82                                 L93:
  1244 00000D82 89 D9                           	MOV	ECX,EBX
  1245 00000D84 83 E9 32                        	SUB	ECX,50
  1246 00000D87 78 53                           	JS	L150
  1247 00000D89                                 L94:
  1248 00000D89 89 C6                           	MOV	ESI,EAX
  1249 00000D8B 83 BD FFFFF53C 00               	CMP	DWORD [-2756+EBP],0
  1250 00000D92 75 02                           	JNE	L96
  1251 00000D94 89 D6                           	MOV	ESI,EDX
  1252 00000D96                                 L96:
  1253 00000D96 83 BD FFFFF540 00               	CMP	DWORD [-2752+EBP],0
  1254 00000D9D 74 38                           	JE	L97
  1255 00000D9F 83 EB 32                        	SUB	EBX,50
  1256 00000DA2                                 L98:
  1257 00000DA2 83 E3 FC                        	AND	EBX,-4
  1258 00000DA5 83 E6 FC                        	AND	ESI,-4
  1259 00000DA8 53                              	PUSH	EBX
  1260 00000DA9 56                              	PUSH	ESI
  1261 00000DAA FF B5 FFFFF578                  	PUSH	DWORD [-2696+EBP]
  1262 00000DB0 E8 [00000000]                   	CALL	_sheet_slide
  1263 00000DB5 8B 85 FFFFF584                  	MOV	EAX,DWORD [-2684+EBP]
  1264 00000DBB FF 70 10                        	PUSH	DWORD [16+EAX]
  1265 00000DBE FF B5 FFFFF578                  	PUSH	DWORD [-2696+EBP]
  1266 00000DC4 E8 [00000000]                   	CALL	_sheet_updown
  1267 00000DC9 83 C4 14                        	ADD	ESP,20
  1268 00000DCC FF 85 FFFFF574                  	INC	DWORD [-2700+EBP]
  1269 00000DD2 E9 FFFFF801                     	JMP	L11
  1270 00000DD7                                 L97:
  1271 00000DD7 83 C3 32                        	ADD	EBX,50
  1272 00000DDA EB C6                           	JMP	L98
  1273 00000DDC                                 L150:
  1274 00000DDC C7 85 FFFFF540 00000000         	MOV	DWORD [-2752+EBP],0
  1275 00000DE6 EB A1                           	JMP	L94
  1276 00000DE8                                 L149:
  1277 00000DE8 C7 85 FFFFF53C 00000000         	MOV	DWORD [-2756+EBP],0
  1278 00000DF2 EB 8E                           	JMP	L93
  1279 00000DF4                                 L148:
  1280 00000DF4 8B BD FFFFF580                  	MOV	EDI,DWORD [-2688+EBP]
  1281 00000DFA E9 FFFFFF46                     	JMP	L90
  1282 00000DFF                                 L145:
  1283 00000DFF C7 85 FFFFF56C 00000000         	MOV	DWORD [-2708+EBP],0
  1284 00000E09 E9 FFFFFC05                     	JMP	L68
  1285 00000E0E                                 L144:
  1286 00000E0E C7 85 FFFFF570 00000000         	MOV	DWORD [-2704+EBP],0
  1287 00000E18 E9 FFFFFBE9                     	JMP	L67
  1288 00000E1D                                 L65:
  1289 00000E1D 83 BD FFFFF59C 01               	CMP	DWORD [-2660+EBP],1
  1290 00000E24 0F 84 000000B7                  	JE	L151
  1291 00000E2A 8B 85 FFFFF59C                  	MOV	EAX,DWORD [-2660+EBP]
  1292 00000E30 2D 00000300                     	SUB	EAX,768
  1293 00000E35 3D 000000FE                     	CMP	EAX,254
  1294 00000E3A 77 20                           	JA	L102
  1295 00000E3C 6B 85 FFFFF59C 28               	IMUL	EAX,DWORD [-2660+EBP],40
  1296 00000E43 8B 8D FFFFF584                  	MOV	ECX,DWORD [-2684+EBP]
  1297 00000E49 8D 84 08 FFFF8C14               	LEA	EAX,DWORD [-29676+EAX+ECX*1]
  1298 00000E50 50                              	PUSH	EAX
  1299 00000E51 E8 [00000000]                   	CALL	_close_console
  1300 00000E56                                 L115:
  1301 00000E56 59                              	POP	ECX
  1302 00000E57 E9 FFFFF77C                     	JMP	L11
  1303 00000E5C                                 L102:
  1304 00000E5C 8B 85 FFFFF59C                  	MOV	EAX,DWORD [-2660+EBP]
  1305 00000E62 2D 00000400                     	SUB	EAX,1024
  1306 00000E67 3D 000003E7                     	CMP	EAX,999
  1307 00000E6C 77 27                           	JA	L104
  1308 00000E6E 8B 85 FFFFF59C                  	MOV	EAX,DWORD [-2660+EBP]
  1309 00000E74 8B 15 [00000000]                	MOV	EDX,DWORD [_taskctl]
  1310 00000E7A 69 C0 000000BC                  	IMUL	EAX,EAX,188
  1311 00000E80 01 D0                           	ADD	EAX,EDX
  1312 00000E82 89 85 FFFFF59C                  	MOV	DWORD [-2660+EBP],EAX
  1313 00000E88 2D 0002E008                     	SUB	EAX,188424
  1314 00000E8D 50                              	PUSH	EAX
  1315 00000E8E E8 [00000000]                   	CALL	_close_cons_stack
  1316 00000E93 EB C1                           	JMP	L115
  1317 00000E95                                 L104:
  1318 00000E95 8B 85 FFFFF59C                  	MOV	EAX,DWORD [-2660+EBP]
  1319 00000E9B 2D 000007E8                     	SUB	EAX,2024
  1320 00000EA0 3D 000000FF                     	CMP	EAX,255
  1321 00000EA5 0F 87 FFFFF72D                  	JA	L11
  1322 00000EAB 6B 85 FFFFF59C 28               	IMUL	EAX,DWORD [-2660+EBP],40
  1323 00000EB2 03 85 FFFFF584                  	ADD	EAX,DWORD [-2684+EBP]
  1324 00000EB8 8D 98 FFFEC7D4                  	LEA	EBX,DWORD [-79916+EAX]
  1325 00000EBE 8B 53 08                        	MOV	EDX,DWORD [8+EBX]
  1326 00000EC1 0F AF 53 04                     	IMUL	EDX,DWORD [4+EBX]
  1327 00000EC5 52                              	PUSH	EDX
  1328 00000EC6 FF B0 FFFEC7D4                  	PUSH	DWORD [-79916+EAX]
  1329 00000ECC 68 003C0000                     	PUSH	3932160
  1330 00000ED1 E8 [00000000]                   	CALL	_memman_free_4k
  1331 00000ED6 53                              	PUSH	EBX
  1332 00000ED7 E8 [00000000]                   	CALL	_sheet_free
  1333 00000EDC E9 FFFFF762                     	JMP	L117
  1334 00000EE1                                 L151:
  1335 00000EE1 E8 [00000000]                   	CALL	_get_ontime
  1336 00000EE6 8B 95 FFFFF580                  	MOV	EDX,DWORD [-2688+EBP]
  1337 00000EEC 50                              	PUSH	EAX
  1338 00000EED 6A 08                           	PUSH	8
  1339 00000EEF 6A 00                           	PUSH	0
  1340 00000EF1 8B 42 08                        	MOV	EAX,DWORD [8+EDX]
  1341 00000EF4 83 E8 14                        	SUB	EAX,20
  1342 00000EF7 50                              	PUSH	EAX
  1343 00000EF8 8B 42 04                        	MOV	EAX,DWORD [4+EDX]
  1344 00000EFB 83 E8 44                        	SUB	EAX,68
  1345 00000EFE 50                              	PUSH	EAX
  1346 00000EFF 52                              	PUSH	EDX
  1347 00000F00 E8 [00000000]                   	CALL	_putstring8_ascii_sht
  1348 00000F05 6A 64                           	PUSH	100
  1349 00000F07 FF B5 FFFFF554                  	PUSH	DWORD [-2732+EBP]
  1350 00000F0D E8 [00000000]                   	CALL	_timer_settime
  1351 00000F12 E9 FFFFFD7B                     	JMP	L116
  1352 00000F17                                 L122:
  1353 00000F17 31 FF                           	XOR	EDI,EDI
  1354 00000F19 E9 FFFFF4E1                     	JMP	L12
  1355 00000F1E                                 L121:
  1356 00000F1E 83 BD FFFFF568 00               	CMP	DWORD [-2712+EBP],0
  1357 00000F25 78 2B                           	JS	L7
  1358 00000F27 E8 [00000000]                   	CALL	_io_sti
  1359 00000F2C FF B5 FFFFF564                  	PUSH	DWORD [-2716+EBP]
  1360 00000F32 FF B5 FFFFF568                  	PUSH	DWORD [-2712+EBP]
  1361 00000F38 FF B5 FFFFF57C                  	PUSH	DWORD [-2692+EBP]
  1362 00000F3E E8 [00000000]                   	CALL	_sheet_slide
  1363 00000F43 C7 85 FFFFF568 FFFFFFFF         	MOV	DWORD [-2712+EBP],-1
  1364 00000F4D E9 FFFFF683                     	JMP	L118
  1365 00000F52                                 L7:
  1366 00000F52 81 BD FFFFF560 7FFFFFFF         	CMP	DWORD [-2720+EBP],2147483647
  1367 00000F5C 74 2B                           	JE	L9
  1368 00000F5E E8 [00000000]                   	CALL	_io_sti
  1369 00000F63 FF B5 FFFFF55C                  	PUSH	DWORD [-2724+EBP]
  1370 00000F69 FF B5 FFFFF560                  	PUSH	DWORD [-2720+EBP]
  1371 00000F6F FF B5 FFFFF58C                  	PUSH	DWORD [-2676+EBP]
  1372 00000F75 E8 [00000000]                   	CALL	_sheet_slide
  1373 00000F7A C7 85 FFFFF560 7FFFFFFF         	MOV	DWORD [-2720+EBP],2147483647
  1374 00000F84 E9 FFFFF64C                     	JMP	L118
  1375 00000F89                                 L9:
  1376 00000F89 FF B5 FFFFF588                  	PUSH	DWORD [-2680+EBP]
  1377 00000F8F E8 [00000000]                   	CALL	_task_sleep
  1378 00000F94 E8 [00000000]                   	CALL	_io_sti
  1379 00000F99 E9 FFFFFEB8                     	JMP	L115
  1380 00000F9E                                 L120:
  1381 00000F9E 53                              	PUSH	EBX
  1382 00000F9F E8 [00000000]                   	CALL	_fifo32_get
  1383 00000FA4 89 85 FFFFF544                  	MOV	DWORD [-2748+EBP],EAX
  1384 00000FAA E8 [00000000]                   	CALL	_wait_KBC_sendready
  1385 00000FAF FF B5 FFFFF544                  	PUSH	DWORD [-2748+EBP]
  1386 00000FB5 6A 60                           	PUSH	96
  1387 00000FB7 E8 [00000000]                   	CALL	_io_out8
  1388 00000FBC 83 C4 0C                        	ADD	ESP,12
  1389 00000FBF E9 FFFFF400                     	JMP	L5
