     1 00000000                                 [FORMAT "WCOFF"]
     2 00000000                                 [INSTRSET "i486p"]
     3 00000000                                 [OPTIMIZE 1]
     4 00000000                                 [OPTION 1]
     5 00000000                                 [BITS 32]
     6 00000000                                 	EXTERN	_table_rgb.0
     7 00000000                                 	EXTERN	_io_load_eflags
     8 00000000                                 	EXTERN	_io_cli
     9 00000000                                 	EXTERN	_io_out8
    10 00000000                                 	EXTERN	_io_store_eflags
    11 00000000                                 	EXTERN	_hankaku
    12 00000000                                 	EXTERN	_sheet_refresh
    13 00000000                                 [FILE "graphic.c"]
    14                                          [SECTION .data]
    15 00000000                                 _table_rgb.0:
    16 00000000 00                              	DB	0
    17 00000001 00                              	DB	0
    18 00000002 00                              	DB	0
    19 00000003 FF                              	DB	-1
    20 00000004 00                              	DB	0
    21 00000005 00                              	DB	0
    22 00000006 00                              	DB	0
    23 00000007 FF                              	DB	-1
    24 00000008 00                              	DB	0
    25 00000009 FF                              	DB	-1
    26 0000000A FF                              	DB	-1
    27 0000000B 00                              	DB	0
    28 0000000C 00                              	DB	0
    29 0000000D 00                              	DB	0
    30 0000000E FF                              	DB	-1
    31 0000000F FF                              	DB	-1
    32 00000010 00                              	DB	0
    33 00000011 FF                              	DB	-1
    34 00000012 00                              	DB	0
    35 00000013 FF                              	DB	-1
    36 00000014 FF                              	DB	-1
    37 00000015 FF                              	DB	-1
    38 00000016 FF                              	DB	-1
    39 00000017 FF                              	DB	-1
    40 00000018 C6                              	DB	-58
    41 00000019 C6                              	DB	-58
    42 0000001A C6                              	DB	-58
    43 0000001B 84                              	DB	-124
    44 0000001C 00                              	DB	0
    45 0000001D 00                              	DB	0
    46 0000001E 00                              	DB	0
    47 0000001F 84                              	DB	-124
    48 00000020 00                              	DB	0
    49 00000021 84                              	DB	-124
    50 00000022 84                              	DB	-124
    51 00000023 00                              	DB	0
    52 00000024 00                              	DB	0
    53 00000025 00                              	DB	0
    54 00000026 84                              	DB	-124
    55 00000027 84                              	DB	-124
    56 00000028 00                              	DB	0
    57 00000029 84                              	DB	-124
    58 0000002A 00                              	DB	0
    59 0000002B 84                              	DB	-124
    60 0000002C 84                              	DB	-124
    61 0000002D 84                              	DB	-124
    62 0000002E 84                              	DB	-124
    63 0000002F 84                              	DB	-124
    64                                          [SECTION .text]
    65 00000000                                 	GLOBAL	_init_palette
    66 00000000                                 _init_palette:
    67 00000000 55                              	PUSH	EBP
    68 00000001 89 E5                           	MOV	EBP,ESP
    69 00000003 57                              	PUSH	EDI
    70 00000004 56                              	PUSH	ESI
    71 00000005 53                              	PUSH	EBX
    72 00000006 81 EC 000002A4                  	SUB	ESP,676
    73 0000000C 68 [00000000]                   	PUSH	_table_rgb.0
    74 00000011 6A 0F                           	PUSH	15
    75 00000013 6A 00                           	PUSH	0
    76 00000015 E8 000000B4                     	CALL	_set_palette
    77 0000001A 83 C4 0C                        	ADD	ESP,12
    78 0000001D C7 85 FFFFFD60 00000000         	MOV	DWORD [-672+EBP],0
    79 00000027 C7 85 FFFFFD5C 00000000         	MOV	DWORD [-676+EBP],0
    80 00000031 C7 85 FFFFFD58 00000000         	MOV	DWORD [-680+EBP],0
    81 0000003B                                 L16:
    82 0000003B 31 FF                           	XOR	EDI,EDI
    83 0000003D 31 F6                           	XOR	ESI,ESI
    84 0000003F 31 DB                           	XOR	EBX,EBX
    85 00000041                                 L15:
    86 00000041 31 D2                           	XOR	EDX,EDX
    87 00000043 C7 85 FFFFFD50 00000000         	MOV	DWORD [-688+EBP],0
    88 0000004D                                 L14:
    89 0000004D 8B 85 FFFFFD58                  	MOV	EAX,DWORD [-680+EBP]
    90 00000053 8A 8D FFFFFD50                  	MOV	CL,BYTE [-688+EBP]
    91 00000059 01 D8                           	ADD	EAX,EBX
    92 0000005B 01 D0                           	ADD	EAX,EDX
    93 0000005D 42                              	INC	EDX
    94 0000005E 6B C0 03                        	IMUL	EAX,EAX,3
    95 00000061 88 8C 05 FFFFFD64               	MOV	BYTE [-668+EBP+EAX*1],CL
    96 00000068 89 F1                           	MOV	ECX,ESI
    97 0000006A 88 8C 05 FFFFFD65               	MOV	BYTE [-667+EBP+EAX*1],CL
    98 00000071 8A 8D FFFFFD5C                  	MOV	CL,BYTE [-676+EBP]
    99 00000077 88 8C 05 FFFFFD66               	MOV	BYTE [-666+EBP+EAX*1],CL
   100 0000007E 83 85 FFFFFD50 33               	ADD	DWORD [-688+EBP],51
   101 00000085 83 FA 05                        	CMP	EDX,5
   102 00000088 7E C3                           	JLE	L14
   103 0000008A 47                              	INC	EDI
   104 0000008B 83 C6 33                        	ADD	ESI,51
   105 0000008E 83 C3 06                        	ADD	EBX,6
   106 00000091 83 FF 05                        	CMP	EDI,5
   107 00000094 7E AB                           	JLE	L15
   108 00000096 FF 85 FFFFFD60                  	INC	DWORD [-672+EBP]
   109 0000009C 83 85 FFFFFD5C 33               	ADD	DWORD [-676+EBP],51
   110 000000A3 83 85 FFFFFD58 24               	ADD	DWORD [-680+EBP],36
   111 000000AA 83 BD FFFFFD60 05               	CMP	DWORD [-672+EBP],5
   112 000000B1 7E 88                           	JLE	L16
   113 000000B3 8D 85 FFFFFD64                  	LEA	EAX,DWORD [-668+EBP]
   114 000000B9 50                              	PUSH	EAX
   115 000000BA 68 000000E7                     	PUSH	231
   116 000000BF 6A 10                           	PUSH	16
   117 000000C1 E8 00000008                     	CALL	_set_palette
   118 000000C6 8D 65 F4                        	LEA	ESP,DWORD [-12+EBP]
   119 000000C9 5B                              	POP	EBX
   120 000000CA 5E                              	POP	ESI
   121 000000CB 5F                              	POP	EDI
   122 000000CC 5D                              	POP	EBP
   123 000000CD C3                              	RET
   124 000000CE                                 	GLOBAL	_set_palette
   125 000000CE                                 _set_palette:
   126 000000CE 55                              	PUSH	EBP
   127 000000CF 89 E5                           	MOV	EBP,ESP
   128 000000D1 57                              	PUSH	EDI
   129 000000D2 56                              	PUSH	ESI
   130 000000D3 53                              	PUSH	EBX
   131 000000D4 51                              	PUSH	ECX
   132 000000D5 8B 5D 08                        	MOV	EBX,DWORD [8+EBP]
   133 000000D8 8B 7D 0C                        	MOV	EDI,DWORD [12+EBP]
   134 000000DB 8B 75 10                        	MOV	ESI,DWORD [16+EBP]
   135 000000DE E8 [00000000]                   	CALL	_io_load_eflags
   136 000000E3 89 45 F0                        	MOV	DWORD [-16+EBP],EAX
   137 000000E6 E8 [00000000]                   	CALL	_io_cli
   138 000000EB 53                              	PUSH	EBX
   139 000000EC 68 000003C8                     	PUSH	968
   140 000000F1 E8 [00000000]                   	CALL	_io_out8
   141 000000F6 39 FB                           	CMP	EBX,EDI
   142 000000F8 58                              	POP	EAX
   143 000000F9 5A                              	POP	EDX
   144 000000FA 7E 12                           	JLE	L28
   145 000000FC                                 L30:
   146 000000FC 8B 45 F0                        	MOV	EAX,DWORD [-16+EBP]
   147 000000FF 89 45 08                        	MOV	DWORD [8+EBP],EAX
   148 00000102 8D 65 F4                        	LEA	ESP,DWORD [-12+EBP]
   149 00000105 5B                              	POP	EBX
   150 00000106 5E                              	POP	ESI
   151 00000107 5F                              	POP	EDI
   152 00000108 5D                              	POP	EBP
   153 00000109 E9 [00000000]                   	JMP	_io_store_eflags
   154 0000010E                                 L28:
   155 0000010E 8A 06                           	MOV	AL,BYTE [ESI]
   156 00000110 43                              	INC	EBX
   157 00000111 C0 E8 02                        	SHR	AL,2
   158 00000114 0F B6 C0                        	MOVZX	EAX,AL
   159 00000117 50                              	PUSH	EAX
   160 00000118 68 000003C9                     	PUSH	969
   161 0000011D E8 [00000000]                   	CALL	_io_out8
   162 00000122 8A 46 01                        	MOV	AL,BYTE [1+ESI]
   163 00000125 C0 E8 02                        	SHR	AL,2
   164 00000128 0F B6 C0                        	MOVZX	EAX,AL
   165 0000012B 50                              	PUSH	EAX
   166 0000012C 68 000003C9                     	PUSH	969
   167 00000131 E8 [00000000]                   	CALL	_io_out8
   168 00000136 8A 46 02                        	MOV	AL,BYTE [2+ESI]
   169 00000139 C0 E8 02                        	SHR	AL,2
   170 0000013C 83 C6 03                        	ADD	ESI,3
   171 0000013F 0F B6 C0                        	MOVZX	EAX,AL
   172 00000142 50                              	PUSH	EAX
   173 00000143 68 000003C9                     	PUSH	969
   174 00000148 E8 [00000000]                   	CALL	_io_out8
   175 0000014D 83 C4 18                        	ADD	ESP,24
   176 00000150 39 FB                           	CMP	EBX,EDI
   177 00000152 7E BA                           	JLE	L28
   178 00000154 EB A6                           	JMP	L30
   179 00000156                                 	GLOBAL	_boxfill8
   180 00000156                                 _boxfill8:
   181 00000156 55                              	PUSH	EBP
   182 00000157 89 E5                           	MOV	EBP,ESP
   183 00000159 57                              	PUSH	EDI
   184 0000015A 56                              	PUSH	ESI
   185 0000015B 53                              	PUSH	EBX
   186 0000015C 57                              	PUSH	EDI
   187 0000015D 57                              	PUSH	EDI
   188 0000015E 8A 45 10                        	MOV	AL,BYTE [16+EBP]
   189 00000161 8B 4D 18                        	MOV	ECX,DWORD [24+EBP]
   190 00000164 8B 7D 1C                        	MOV	EDI,DWORD [28+EBP]
   191 00000167 88 45 F3                        	MOV	BYTE [-13+EBP],AL
   192 0000016A 3B 4D 20                        	CMP	ECX,DWORD [32+EBP]
   193 0000016D 7F 31                           	JG	L43
   194 0000016F 8B 5D 0C                        	MOV	EBX,DWORD [12+EBP]
   195 00000172 0F AF D9                        	IMUL	EBX,ECX
   196 00000175                                 L41:
   197 00000175 8B 55 14                        	MOV	EDX,DWORD [20+EBP]
   198 00000178 39 FA                           	CMP	EDX,EDI
   199 0000017A 7F 1B                           	JG	L45
   200 0000017C 8B 75 08                        	MOV	ESI,DWORD [8+EBP]
   201 0000017F 01 DE                           	ADD	ESI,EBX
   202 00000181 01 D6                           	ADD	ESI,EDX
   203 00000183 89 75 EC                        	MOV	DWORD [-20+EBP],ESI
   204 00000186                                 L40:
   205 00000186 8B 75 EC                        	MOV	ESI,DWORD [-20+EBP]
   206 00000189 8A 45 F3                        	MOV	AL,BYTE [-13+EBP]
   207 0000018C 42                              	INC	EDX
   208 0000018D 88 06                           	MOV	BYTE [ESI],AL
   209 0000018F 46                              	INC	ESI
   210 00000190 89 75 EC                        	MOV	DWORD [-20+EBP],ESI
   211 00000193 39 FA                           	CMP	EDX,EDI
   212 00000195 7E EF                           	JLE	L40
   213 00000197                                 L45:
   214 00000197 41                              	INC	ECX
   215 00000198 03 5D 0C                        	ADD	EBX,DWORD [12+EBP]
   216 0000019B 3B 4D 20                        	CMP	ECX,DWORD [32+EBP]
   217 0000019E 7E D5                           	JLE	L41
   218 000001A0                                 L43:
   219 000001A0 5B                              	POP	EBX
   220 000001A1 5E                              	POP	ESI
   221 000001A2 5B                              	POP	EBX
   222 000001A3 5E                              	POP	ESI
   223 000001A4 5F                              	POP	EDI
   224 000001A5 5D                              	POP	EBP
   225 000001A6 C3                              	RET
   226 000001A7                                 	GLOBAL	_putfont8
   227 000001A7                                 _putfont8:
   228 000001A7 55                              	PUSH	EBP
   229 000001A8 89 E5                           	MOV	EBP,ESP
   230 000001AA 57                              	PUSH	EDI
   231 000001AB 56                              	PUSH	ESI
   232 000001AC 31 F6                           	XOR	ESI,ESI
   233 000001AE 53                              	PUSH	EBX
   234 000001AF 8B 7D 1C                        	MOV	EDI,DWORD [28+EBP]
   235 000001B2 8A 5D 18                        	MOV	BL,BYTE [24+EBP]
   236 000001B5                                 L59:
   237 000001B5 8B 45 14                        	MOV	EAX,DWORD [20+EBP]
   238 000001B8 8B 55 10                        	MOV	EDX,DWORD [16+EBP]
   239 000001BB 01 F0                           	ADD	EAX,ESI
   240 000001BD 0F AF 45 0C                     	IMUL	EAX,DWORD [12+EBP]
   241 000001C1 03 45 08                        	ADD	EAX,DWORD [8+EBP]
   242 000001C4 8D 0C 02                        	LEA	ECX,DWORD [EDX+EAX*1]
   243 000001C7 8A 14 3E                        	MOV	DL,BYTE [ESI+EDI*1]
   244 000001CA 84 D2                           	TEST	DL,DL
   245 000001CC 79 02                           	JNS	L51
   246 000001CE 88 19                           	MOV	BYTE [ECX],BL
   247 000001D0                                 L51:
   248 000001D0 88 D0                           	MOV	AL,DL
   249 000001D2 83 E0 40                        	AND	EAX,64
   250 000001D5 84 C0                           	TEST	AL,AL
   251 000001D7 74 03                           	JE	L52
   252 000001D9 88 59 01                        	MOV	BYTE [1+ECX],BL
   253 000001DC                                 L52:
   254 000001DC 88 D0                           	MOV	AL,DL
   255 000001DE 83 E0 20                        	AND	EAX,32
   256 000001E1 84 C0                           	TEST	AL,AL
   257 000001E3 74 03                           	JE	L53
   258 000001E5 88 59 02                        	MOV	BYTE [2+ECX],BL
   259 000001E8                                 L53:
   260 000001E8 88 D0                           	MOV	AL,DL
   261 000001EA 83 E0 10                        	AND	EAX,16
   262 000001ED 84 C0                           	TEST	AL,AL
   263 000001EF 74 03                           	JE	L54
   264 000001F1 88 59 03                        	MOV	BYTE [3+ECX],BL
   265 000001F4                                 L54:
   266 000001F4 88 D0                           	MOV	AL,DL
   267 000001F6 83 E0 08                        	AND	EAX,8
   268 000001F9 84 C0                           	TEST	AL,AL
   269 000001FB 74 03                           	JE	L55
   270 000001FD 88 59 04                        	MOV	BYTE [4+ECX],BL
   271 00000200                                 L55:
   272 00000200 88 D0                           	MOV	AL,DL
   273 00000202 83 E0 04                        	AND	EAX,4
   274 00000205 84 C0                           	TEST	AL,AL
   275 00000207 74 03                           	JE	L56
   276 00000209 88 59 05                        	MOV	BYTE [5+ECX],BL
   277 0000020C                                 L56:
   278 0000020C 88 D0                           	MOV	AL,DL
   279 0000020E 83 E0 02                        	AND	EAX,2
   280 00000211 84 C0                           	TEST	AL,AL
   281 00000213 74 03                           	JE	L57
   282 00000215 88 59 06                        	MOV	BYTE [6+ECX],BL
   283 00000218                                 L57:
   284 00000218 83 E2 01                        	AND	EDX,1
   285 0000021B 84 D2                           	TEST	DL,DL
   286 0000021D 74 03                           	JE	L49
   287 0000021F 88 59 07                        	MOV	BYTE [7+ECX],BL
   288 00000222                                 L49:
   289 00000222 46                              	INC	ESI
   290 00000223 83 FE 0F                        	CMP	ESI,15
   291 00000226 7E 8D                           	JLE	L59
   292 00000228 5B                              	POP	EBX
   293 00000229 5E                              	POP	ESI
   294 0000022A 5F                              	POP	EDI
   295 0000022B 5D                              	POP	EBP
   296 0000022C C3                              	RET
   297 0000022D                                 	GLOBAL	_putstring8_ascii
   298 0000022D                                 _putstring8_ascii:
   299 0000022D 55                              	PUSH	EBP
   300 0000022E 89 E5                           	MOV	EBP,ESP
   301 00000230 57                              	PUSH	EDI
   302 00000231 56                              	PUSH	ESI
   303 00000232 53                              	PUSH	EBX
   304 00000233 50                              	PUSH	EAX
   305 00000234 8B 5D 1C                        	MOV	EBX,DWORD [28+EBP]
   306 00000237 8A 45 18                        	MOV	AL,BYTE [24+EBP]
   307 0000023A 88 45 F3                        	MOV	BYTE [-13+EBP],AL
   308 0000023D 8B 75 10                        	MOV	ESI,DWORD [16+EBP]
   309 00000240 8B 7D 14                        	MOV	EDI,DWORD [20+EBP]
   310 00000243 80 3B 00                        	CMP	BYTE [EBX],0
   311 00000246 75 08                           	JNE	L67
   312 00000248                                 L69:
   313 00000248 8D 65 F4                        	LEA	ESP,DWORD [-12+EBP]
   314 0000024B 5B                              	POP	EBX
   315 0000024C 5E                              	POP	ESI
   316 0000024D 5F                              	POP	EDI
   317 0000024E 5D                              	POP	EBP
   318 0000024F C3                              	RET
   319 00000250                                 L67:
   320 00000250 0F B6 03                        	MOVZX	EAX,BYTE [EBX]
   321 00000253 C1 E0 04                        	SAL	EAX,4
   322 00000256 43                              	INC	EBX
   323 00000257 05 [00000000]                   	ADD	EAX,_hankaku
   324 0000025C 50                              	PUSH	EAX
   325 0000025D 0F BE 45 F3                     	MOVSX	EAX,BYTE [-13+EBP]
   326 00000261 50                              	PUSH	EAX
   327 00000262 57                              	PUSH	EDI
   328 00000263 56                              	PUSH	ESI
   329 00000264 83 C6 08                        	ADD	ESI,8
   330 00000267 FF 75 0C                        	PUSH	DWORD [12+EBP]
   331 0000026A FF 75 08                        	PUSH	DWORD [8+EBP]
   332 0000026D E8 FFFFFF35                     	CALL	_putfont8
   333 00000272 83 C4 18                        	ADD	ESP,24
   334 00000275 80 3B 00                        	CMP	BYTE [EBX],0
   335 00000278 75 D6                           	JNE	L67
   336 0000027A EB CC                           	JMP	L69
   337 0000027C                                 	GLOBAL	_init_screen8
   338 0000027C                                 _init_screen8:
   339 0000027C 55                              	PUSH	EBP
   340 0000027D 89 E5                           	MOV	EBP,ESP
   341 0000027F 57                              	PUSH	EDI
   342 00000280 56                              	PUSH	ESI
   343 00000281 53                              	PUSH	EBX
   344 00000282 83 EC 0C                        	SUB	ESP,12
   345 00000285 8B 45 10                        	MOV	EAX,DWORD [16+EBP]
   346 00000288 8B 7D 0C                        	MOV	EDI,DWORD [12+EBP]
   347 0000028B 83 E8 1D                        	SUB	EAX,29
   348 0000028E 4F                              	DEC	EDI
   349 0000028F 50                              	PUSH	EAX
   350 00000290 57                              	PUSH	EDI
   351 00000291 6A 00                           	PUSH	0
   352 00000293 6A 00                           	PUSH	0
   353 00000295 6A 0E                           	PUSH	14
   354 00000297 FF 75 0C                        	PUSH	DWORD [12+EBP]
   355 0000029A FF 75 08                        	PUSH	DWORD [8+EBP]
   356 0000029D E8 FFFFFEB4                     	CALL	_boxfill8
   357 000002A2 8B 45 10                        	MOV	EAX,DWORD [16+EBP]
   358 000002A5 83 E8 1C                        	SUB	EAX,28
   359 000002A8 50                              	PUSH	EAX
   360 000002A9 57                              	PUSH	EDI
   361 000002AA 50                              	PUSH	EAX
   362 000002AB 6A 00                           	PUSH	0
   363 000002AD 6A 08                           	PUSH	8
   364 000002AF FF 75 0C                        	PUSH	DWORD [12+EBP]
   365 000002B2 FF 75 08                        	PUSH	DWORD [8+EBP]
   366 000002B5 E8 FFFFFE9C                     	CALL	_boxfill8
   367 000002BA 8B 45 10                        	MOV	EAX,DWORD [16+EBP]
   368 000002BD 83 C4 38                        	ADD	ESP,56
   369 000002C0 83 E8 1B                        	SUB	EAX,27
   370 000002C3 50                              	PUSH	EAX
   371 000002C4 57                              	PUSH	EDI
   372 000002C5 50                              	PUSH	EAX
   373 000002C6 6A 00                           	PUSH	0
   374 000002C8 6A 07                           	PUSH	7
   375 000002CA FF 75 0C                        	PUSH	DWORD [12+EBP]
   376 000002CD FF 75 08                        	PUSH	DWORD [8+EBP]
   377 000002D0 E8 FFFFFE81                     	CALL	_boxfill8
   378 000002D5 8B 45 10                        	MOV	EAX,DWORD [16+EBP]
   379 000002D8 48                              	DEC	EAX
   380 000002D9 50                              	PUSH	EAX
   381 000002DA 8B 45 10                        	MOV	EAX,DWORD [16+EBP]
   382 000002DD 57                              	PUSH	EDI
   383 000002DE 83 E8 1A                        	SUB	EAX,26
   384 000002E1 50                              	PUSH	EAX
   385 000002E2 6A 00                           	PUSH	0
   386 000002E4 6A 08                           	PUSH	8
   387 000002E6 FF 75 0C                        	PUSH	DWORD [12+EBP]
   388 000002E9 FF 75 08                        	PUSH	DWORD [8+EBP]
   389 000002EC E8 FFFFFE65                     	CALL	_boxfill8
   390 000002F1 8B 75 10                        	MOV	ESI,DWORD [16+EBP]
   391 000002F4 83 C4 38                        	ADD	ESP,56
   392 000002F7 83 EE 18                        	SUB	ESI,24
   393 000002FA 56                              	PUSH	ESI
   394 000002FB 6A 45                           	PUSH	69
   395 000002FD 56                              	PUSH	ESI
   396 000002FE 6A 03                           	PUSH	3
   397 00000300 6A 07                           	PUSH	7
   398 00000302 FF 75 0C                        	PUSH	DWORD [12+EBP]
   399 00000305 FF 75 08                        	PUSH	DWORD [8+EBP]
   400 00000308 E8 FFFFFE49                     	CALL	_boxfill8
   401 0000030D 8B 45 10                        	MOV	EAX,DWORD [16+EBP]
   402 00000310 83 E8 04                        	SUB	EAX,4
   403 00000313 50                              	PUSH	EAX
   404 00000314 89 45 F0                        	MOV	DWORD [-16+EBP],EAX
   405 00000317 6A 02                           	PUSH	2
   406 00000319 56                              	PUSH	ESI
   407 0000031A 6A 02                           	PUSH	2
   408 0000031C 6A 07                           	PUSH	7
   409 0000031E FF 75 0C                        	PUSH	DWORD [12+EBP]
   410 00000321 FF 75 08                        	PUSH	DWORD [8+EBP]
   411 00000324 E8 FFFFFE2D                     	CALL	_boxfill8
   412 00000329 83 C4 38                        	ADD	ESP,56
   413 0000032C FF 75 F0                        	PUSH	DWORD [-16+EBP]
   414 0000032F 6A 45                           	PUSH	69
   415 00000331 FF 75 F0                        	PUSH	DWORD [-16+EBP]
   416 00000334 6A 03                           	PUSH	3
   417 00000336 6A 0F                           	PUSH	15
   418 00000338 FF 75 0C                        	PUSH	DWORD [12+EBP]
   419 0000033B FF 75 08                        	PUSH	DWORD [8+EBP]
   420 0000033E E8 FFFFFE13                     	CALL	_boxfill8
   421 00000343 8B 45 10                        	MOV	EAX,DWORD [16+EBP]
   422 00000346 83 E8 05                        	SUB	EAX,5
   423 00000349 50                              	PUSH	EAX
   424 0000034A 8B 45 10                        	MOV	EAX,DWORD [16+EBP]
   425 0000034D 6A 45                           	PUSH	69
   426 0000034F 83 E8 17                        	SUB	EAX,23
   427 00000352 50                              	PUSH	EAX
   428 00000353 89 45 EC                        	MOV	DWORD [-20+EBP],EAX
   429 00000356 6A 45                           	PUSH	69
   430 00000358 6A 0F                           	PUSH	15
   431 0000035A FF 75 0C                        	PUSH	DWORD [12+EBP]
   432 0000035D FF 75 08                        	PUSH	DWORD [8+EBP]
   433 00000360 E8 FFFFFDF1                     	CALL	_boxfill8
   434 00000365 8B 45 10                        	MOV	EAX,DWORD [16+EBP]
   435 00000368 83 C4 38                        	ADD	ESP,56
   436 0000036B 83 E8 03                        	SUB	EAX,3
   437 0000036E 89 45 E8                        	MOV	DWORD [-24+EBP],EAX
   438 00000371 50                              	PUSH	EAX
   439 00000372 6A 45                           	PUSH	69
   440 00000374 50                              	PUSH	EAX
   441 00000375 6A 02                           	PUSH	2
   442 00000377 6A 00                           	PUSH	0
   443 00000379 FF 75 0C                        	PUSH	DWORD [12+EBP]
   444 0000037C FF 75 08                        	PUSH	DWORD [8+EBP]
   445 0000037F E8 FFFFFDD2                     	CALL	_boxfill8
   446 00000384 FF 75 E8                        	PUSH	DWORD [-24+EBP]
   447 00000387 6A 46                           	PUSH	70
   448 00000389 56                              	PUSH	ESI
   449 0000038A 6A 46                           	PUSH	70
   450 0000038C 6A 00                           	PUSH	0
   451 0000038E FF 75 0C                        	PUSH	DWORD [12+EBP]
   452 00000391 FF 75 08                        	PUSH	DWORD [8+EBP]
   453 00000394 E8 FFFFFDBD                     	CALL	_boxfill8
   454 00000399 8B 7D 0C                        	MOV	EDI,DWORD [12+EBP]
   455 0000039C 83 C4 38                        	ADD	ESP,56
   456 0000039F 8B 5D 0C                        	MOV	EBX,DWORD [12+EBP]
   457 000003A2 83 EB 04                        	SUB	EBX,4
   458 000003A5 83 EF 45                        	SUB	EDI,69
   459 000003A8 56                              	PUSH	ESI
   460 000003A9 53                              	PUSH	EBX
   461 000003AA 56                              	PUSH	ESI
   462 000003AB 57                              	PUSH	EDI
   463 000003AC 6A 0F                           	PUSH	15
   464 000003AE FF 75 0C                        	PUSH	DWORD [12+EBP]
   465 000003B1 FF 75 08                        	PUSH	DWORD [8+EBP]
   466 000003B4 E8 FFFFFD9D                     	CALL	_boxfill8
   467 000003B9 FF 75 F0                        	PUSH	DWORD [-16+EBP]
   468 000003BC 57                              	PUSH	EDI
   469 000003BD FF 75 EC                        	PUSH	DWORD [-20+EBP]
   470 000003C0 57                              	PUSH	EDI
   471 000003C1 6A 0F                           	PUSH	15
   472 000003C3 FF 75 0C                        	PUSH	DWORD [12+EBP]
   473 000003C6 FF 75 08                        	PUSH	DWORD [8+EBP]
   474 000003C9 E8 FFFFFD88                     	CALL	_boxfill8
   475 000003CE 83 C4 38                        	ADD	ESP,56
   476 000003D1 FF 75 E8                        	PUSH	DWORD [-24+EBP]
   477 000003D4 53                              	PUSH	EBX
   478 000003D5 FF 75 E8                        	PUSH	DWORD [-24+EBP]
   479 000003D8 57                              	PUSH	EDI
   480 000003D9 6A 07                           	PUSH	7
   481 000003DB FF 75 0C                        	PUSH	DWORD [12+EBP]
   482 000003DE FF 75 08                        	PUSH	DWORD [8+EBP]
   483 000003E1 E8 FFFFFD70                     	CALL	_boxfill8
   484 000003E6 8B 45 0C                        	MOV	EAX,DWORD [12+EBP]
   485 000003E9 FF 75 E8                        	PUSH	DWORD [-24+EBP]
   486 000003EC 83 E8 03                        	SUB	EAX,3
   487 000003EF 50                              	PUSH	EAX
   488 000003F0 56                              	PUSH	ESI
   489 000003F1 50                              	PUSH	EAX
   490 000003F2 6A 07                           	PUSH	7
   491 000003F4 FF 75 0C                        	PUSH	DWORD [12+EBP]
   492 000003F7 FF 75 08                        	PUSH	DWORD [8+EBP]
   493 000003FA E8 FFFFFD57                     	CALL	_boxfill8
   494 000003FF 8D 65 F4                        	LEA	ESP,DWORD [-12+EBP]
   495 00000402 5B                              	POP	EBX
   496 00000403 5E                              	POP	ESI
   497 00000404 5F                              	POP	EDI
   498 00000405 5D                              	POP	EBP
   499 00000406 C3                              	RET
   500                                          [SECTION .data]
   501 00000030                                 _cursor.1:
   502 00000030 2A 2E 2E 2E 2E 2E 2E 2E 2E 2E   	DB	"*..............."
       0000003A 2E 2E 2E 2E 2E 2E 
   503 00000040 2A 2A 2E 2E 2E 2E 2E 2E 2E 2E   	DB	"**.............."
       0000004A 2E 2E 2E 2E 2E 2E 
   504 00000050 2A 4F 2A 2E 2E 2E 2E 2E 2E 2E   	DB	"*O*............."
       0000005A 2E 2E 2E 2E 2E 2E 
   505 00000060 2A 4F 4F 2A 2E 2E 2E 2E 2E 2E   	DB	"*OO*............"
       0000006A 2E 2E 2E 2E 2E 2E 
   506 00000070 2A 4F 4F 4F 2A 2E 2E 2E 2E 2E   	DB	"*OOO*..........."
       0000007A 2E 2E 2E 2E 2E 2E 
   507 00000080 2A 4F 4F 4F 4F 2A 2E 2E 2E 2E   	DB	"*OOOO*.........."
       0000008A 2E 2E 2E 2E 2E 2E 
   508 00000090 2A 4F 4F 4F 4F 4F 2A 2E 2E 2E   	DB	"*OOOOO*........."
       0000009A 2E 2E 2E 2E 2E 2E 
   509 000000A0 2A 4F 4F 4F 4F 4F 4F 2A 2E 2E   	DB	"*OOOOOO*........"
       000000AA 2E 2E 2E 2E 2E 2E 
   510 000000B0 2A 4F 4F 4F 4F 4F 4F 4F 2A 2E   	DB	"*OOOOOOO*......."
       000000BA 2E 2E 2E 2E 2E 2E 
   511 000000C0 2A 4F 4F 4F 4F 4F 4F 4F 4F 2A   	DB	"*OOOOOOOO*......"
       000000CA 2E 2E 2E 2E 2E 2E 
   512 000000D0 2A 4F 4F 4F 2A 2A 2A 2A 2A 2A   	DB	"*OOO*******....."
       000000DA 2A 2E 2E 2E 2E 2E 
   513 000000E0 2A 4F 4F 2A 2E 2E 2E 2E 2E 2E   	DB	"*OO*............"
       000000EA 2E 2E 2E 2E 2E 2E 
   514 000000F0 2A 4F 2A 2E 2E 2E 2E 2E 2E 2E   	DB	"*O*............."
       000000FA 2E 2E 2E 2E 2E 2E 
   515 00000100 2A 2A 2E 2E 2E 2E 2E 2E 2E 2E   	DB	"**.............."
       0000010A 2E 2E 2E 2E 2E 2E 
   516 00000110 2A 2E 2E 2E 2E 2E 2E 2E 2E 2E   	DB	"*..............."
       0000011A 2E 2E 2E 2E 2E 2E 
   517 00000120 2E 2E 2E 2E 2E 2E 2E 2E 2E 2E   	DB	"................"
       0000012A 2E 2E 2E 2E 2E 2E 
   518                                          [SECTION .text]
   519 00000407                                 	GLOBAL	_init_mouse_cursor8
   520 00000407                                 _init_mouse_cursor8:
   521 00000407 55                              	PUSH	EBP
   522 00000408 89 E5                           	MOV	EBP,ESP
   523 0000040A 57                              	PUSH	EDI
   524 0000040B 56                              	PUSH	ESI
   525 0000040C 31 FF                           	XOR	EDI,EDI
   526 0000040E 53                              	PUSH	EBX
   527 0000040F 31 DB                           	XOR	EBX,EBX
   528 00000411 50                              	PUSH	EAX
   529 00000412 8A 45 0C                        	MOV	AL,BYTE [12+EBP]
   530 00000415 8B 75 08                        	MOV	ESI,DWORD [8+EBP]
   531 00000418 88 45 F3                        	MOV	BYTE [-13+EBP],AL
   532 0000041B                                 L84:
   533 0000041B 31 D2                           	XOR	EDX,EDX
   534 0000041D                                 L83:
   535 0000041D 8D 04 3A                        	LEA	EAX,DWORD [EDX+EDI*1]
   536 00000420 80 B8 [00000030] 2A             	CMP	BYTE [_cursor.1+EAX],42
   537 00000427 74 35                           	JE	L89
   538 00000429                                 L80:
   539 00000429 80 B8 [00000030] 4F             	CMP	BYTE [_cursor.1+EAX],79
   540 00000430 74 26                           	JE	L90
   541 00000432                                 L81:
   542 00000432 80 B8 [00000030] 2E             	CMP	BYTE [_cursor.1+EAX],46
   543 00000439 74 15                           	JE	L91
   544 0000043B                                 L78:
   545 0000043B 42                              	INC	EDX
   546 0000043C 83 FA 0F                        	CMP	EDX,15
   547 0000043F 7E DC                           	JLE	L83
   548 00000441 43                              	INC	EBX
   549 00000442 83 C7 10                        	ADD	EDI,16
   550 00000445 83 FB 0F                        	CMP	EBX,15
   551 00000448 7E D1                           	JLE	L84
   552 0000044A 58                              	POP	EAX
   553 0000044B 5B                              	POP	EBX
   554 0000044C 5E                              	POP	ESI
   555 0000044D 5F                              	POP	EDI
   556 0000044E 5D                              	POP	EBP
   557 0000044F C3                              	RET
   558 00000450                                 L91:
   559 00000450 8A 4D F3                        	MOV	CL,BYTE [-13+EBP]
   560 00000453 88 0C 30                        	MOV	BYTE [EAX+ESI*1],CL
   561 00000456 EB E3                           	JMP	L78
   562 00000458                                 L90:
   563 00000458 C6 04 30 00                     	MOV	BYTE [EAX+ESI*1],0
   564 0000045C EB D4                           	JMP	L81
   565 0000045E                                 L89:
   566 0000045E C6 04 30 07                     	MOV	BYTE [EAX+ESI*1],7
   567 00000462 EB C5                           	JMP	L80
   568 00000464                                 	GLOBAL	_putblock8
   569 00000464                                 _putblock8:
   570 00000464 55                              	PUSH	EBP
   571 00000465 89 E5                           	MOV	EBP,ESP
   572 00000467 57                              	PUSH	EDI
   573 00000468 56                              	PUSH	ESI
   574 00000469 31 F6                           	XOR	ESI,ESI
   575 0000046B 53                              	PUSH	EBX
   576 0000046C 83 EC 0C                        	SUB	ESP,12
   577 0000046F 3B 75 14                        	CMP	ESI,DWORD [20+EBP]
   578 00000472 7D 3E                           	JGE	L104
   579 00000474 31 FF                           	XOR	EDI,EDI
   580 00000476                                 L102:
   581 00000476 31 DB                           	XOR	EBX,EBX
   582 00000478 3B 5D 10                        	CMP	EBX,DWORD [16+EBP]
   583 0000047B 7D 2C                           	JGE	L106
   584 0000047D 8B 45 20                        	MOV	EAX,DWORD [32+EBP]
   585 00000480 01 F8                           	ADD	EAX,EDI
   586 00000482 89 45 EC                        	MOV	DWORD [-20+EBP],EAX
   587 00000485                                 L101:
   588 00000485 8B 45 1C                        	MOV	EAX,DWORD [28+EBP]
   589 00000488 8B 55 18                        	MOV	EDX,DWORD [24+EBP]
   590 0000048B 01 F0                           	ADD	EAX,ESI
   591 0000048D 01 DA                           	ADD	EDX,EBX
   592 0000048F 0F AF 45 0C                     	IMUL	EAX,DWORD [12+EBP]
   593 00000493 01 D0                           	ADD	EAX,EDX
   594 00000495 8B 4D 08                        	MOV	ECX,DWORD [8+EBP]
   595 00000498 8B 55 EC                        	MOV	EDX,DWORD [-20+EBP]
   596 0000049B 43                              	INC	EBX
   597 0000049C 8A 12                           	MOV	DL,BYTE [EDX]
   598 0000049E 88 14 08                        	MOV	BYTE [EAX+ECX*1],DL
   599 000004A1 FF 45 EC                        	INC	DWORD [-20+EBP]
   600 000004A4 3B 5D 10                        	CMP	EBX,DWORD [16+EBP]
   601 000004A7 7C DC                           	JL	L101
   602 000004A9                                 L106:
   603 000004A9 46                              	INC	ESI
   604 000004AA 03 7D 24                        	ADD	EDI,DWORD [36+EBP]
   605 000004AD 3B 75 14                        	CMP	ESI,DWORD [20+EBP]
   606 000004B0 7C C4                           	JL	L102
   607 000004B2                                 L104:
   608 000004B2 83 C4 0C                        	ADD	ESP,12
   609 000004B5 5B                              	POP	EBX
   610 000004B6 5E                              	POP	ESI
   611 000004B7 5F                              	POP	EDI
   612 000004B8 5D                              	POP	EBP
   613 000004B9 C3                              	RET
   614 000004BA                                 	GLOBAL	_putstring8_ascii_sht
   615 000004BA                                 _putstring8_ascii_sht:
   616 000004BA 55                              	PUSH	EBP
   617 000004BB 31 D2                           	XOR	EDX,EDX
   618 000004BD 89 E5                           	MOV	EBP,ESP
   619 000004BF 57                              	PUSH	EDI
   620 000004C0 56                              	PUSH	ESI
   621 000004C1 53                              	PUSH	EBX
   622 000004C2 83 EC 10                        	SUB	ESP,16
   623 000004C5 8B 45 0C                        	MOV	EAX,DWORD [12+EBP]
   624 000004C8 8B 7D 1C                        	MOV	EDI,DWORD [28+EBP]
   625 000004CB 89 45 F0                        	MOV	DWORD [-16+EBP],EAX
   626 000004CE 8B 5D 08                        	MOV	EBX,DWORD [8+EBP]
   627 000004D1 8B 45 14                        	MOV	EAX,DWORD [20+EBP]
   628 000004D4 8B 75 10                        	MOV	ESI,DWORD [16+EBP]
   629 000004D7 89 45 EC                        	MOV	DWORD [-20+EBP],EAX
   630 000004DA 8B 4D 18                        	MOV	ECX,DWORD [24+EBP]
   631 000004DD 89 F8                           	MOV	EAX,EDI
   632 000004DF 80 3F 00                        	CMP	BYTE [EDI],0
   633 000004E2 74 07                           	JE	L113
   634 000004E4                                 L111:
   635 000004E4 40                              	INC	EAX
   636 000004E5 42                              	INC	EDX
   637 000004E6 80 38 00                        	CMP	BYTE [EAX],0
   638 000004E9 75 F9                           	JNE	L111
   639 000004EB                                 L113:
   640 000004EB 8D 46 10                        	LEA	EAX,DWORD [16+ESI]
   641 000004EE 89 45 E8                        	MOV	DWORD [-24+EBP],EAX
   642 000004F1 8D 46 0F                        	LEA	EAX,DWORD [15+ESI]
   643 000004F4 50                              	PUSH	EAX
   644 000004F5 8B 45 F0                        	MOV	EAX,DWORD [-16+EBP]
   645 000004F8 8D 14 D0                        	LEA	EDX,DWORD [EAX+EDX*8]
   646 000004FB 89 D0                           	MOV	EAX,EDX
   647 000004FD 89 55 E4                        	MOV	DWORD [-28+EBP],EDX
   648 00000500 48                              	DEC	EAX
   649 00000501 50                              	PUSH	EAX
   650 00000502 56                              	PUSH	ESI
   651 00000503 FF 75 F0                        	PUSH	DWORD [-16+EBP]
   652 00000506 0F B6 C1                        	MOVZX	EAX,CL
   653 00000509 50                              	PUSH	EAX
   654 0000050A FF 73 04                        	PUSH	DWORD [4+EBX]
   655 0000050D FF 33                           	PUSH	DWORD [EBX]
   656 0000050F E8 FFFFFC42                     	CALL	_boxfill8
   657 00000514 57                              	PUSH	EDI
   658 00000515 0F BE 45 EC                     	MOVSX	EAX,BYTE [-20+EBP]
   659 00000519 50                              	PUSH	EAX
   660 0000051A 56                              	PUSH	ESI
   661 0000051B FF 75 F0                        	PUSH	DWORD [-16+EBP]
   662 0000051E FF 73 04                        	PUSH	DWORD [4+EBX]
   663 00000521 FF 33                           	PUSH	DWORD [EBX]
   664 00000523 E8 FFFFFD05                     	CALL	_putstring8_ascii
   665 00000528 89 5D 08                        	MOV	DWORD [8+EBP],EBX
   666 0000052B 8B 45 E8                        	MOV	EAX,DWORD [-24+EBP]
   667 0000052E 89 75 10                        	MOV	DWORD [16+EBP],ESI
   668 00000531 89 45 18                        	MOV	DWORD [24+EBP],EAX
   669 00000534 83 C4 34                        	ADD	ESP,52
   670 00000537 8B 45 E4                        	MOV	EAX,DWORD [-28+EBP]
   671 0000053A 89 45 14                        	MOV	DWORD [20+EBP],EAX
   672 0000053D 8B 45 F0                        	MOV	EAX,DWORD [-16+EBP]
   673 00000540 89 45 0C                        	MOV	DWORD [12+EBP],EAX
   674 00000543 8D 65 F4                        	LEA	ESP,DWORD [-12+EBP]
   675 00000546 5B                              	POP	EBX
   676 00000547 5E                              	POP	ESI
   677 00000548 5F                              	POP	EDI
   678 00000549 5D                              	POP	EBP
   679 0000054A E9 [00000000]                   	JMP	_sheet_refresh
