     1 00000000                                 [FORMAT "WCOFF"]
     2 00000000                                 [INSTRSET "i486p"]
     3 00000000                                 [OPTIMIZE 1]
     4 00000000                                 [OPTION 1]
     5 00000000                                 [BITS 32]
     6 00000000                                 	EXTERN	_io_load_eflags
     7 00000000                                 	EXTERN	_io_store_eflags
     8 00000000                                 	EXTERN	_memtest_sub
     9 00000000                                 	EXTERN	_load_cr0
    10 00000000                                 	EXTERN	_store_cr0
    11 00000000                                 [FILE "memory.c"]
    12                                          [SECTION .text]
    13 00000000                                 	GLOBAL	_memman_init
    14 00000000                                 _memman_init:
    15 00000000 55                              	PUSH	EBP
    16 00000001 89 E5                           	MOV	EBP,ESP
    17 00000003 8B 45 08                        	MOV	EAX,DWORD [8+EBP]
    18 00000006 C7 00 00000000                  	MOV	DWORD [EAX],0
    19 0000000C C7 40 04 00000000               	MOV	DWORD [4+EAX],0
    20 00000013 C7 40 08 00000000               	MOV	DWORD [8+EAX],0
    21 0000001A C7 40 0C 00000000               	MOV	DWORD [12+EAX],0
    22 00000021 5D                              	POP	EBP
    23 00000022 C3                              	RET
    24 00000023                                 	GLOBAL	_memman_total
    25 00000023                                 _memman_total:
    26 00000023 55                              	PUSH	EBP
    27 00000024 31 C0                           	XOR	EAX,EAX
    28 00000026 89 E5                           	MOV	EBP,ESP
    29 00000028 31 D2                           	XOR	EDX,EDX
    30 0000002A 53                              	PUSH	EBX
    31 0000002B 8B 5D 08                        	MOV	EBX,DWORD [8+EBP]
    32 0000002E 8B 0B                           	MOV	ECX,DWORD [EBX]
    33 00000030 39 C8                           	CMP	EAX,ECX
    34 00000032 73 09                           	JAE	L9
    35 00000034                                 L7:
    36 00000034 03 44 D3 14                     	ADD	EAX,DWORD [20+EBX+EDX*8]
    37 00000038 42                              	INC	EDX
    38 00000039 39 CA                           	CMP	EDX,ECX
    39 0000003B 72 F7                           	JB	L7
    40 0000003D                                 L9:
    41 0000003D 5B                              	POP	EBX
    42 0000003E 5D                              	POP	EBP
    43 0000003F C3                              	RET
    44 00000040                                 	GLOBAL	_memman_alloc
    45 00000040                                 _memman_alloc:
    46 00000040 55                              	PUSH	EBP
    47 00000041 31 C9                           	XOR	ECX,ECX
    48 00000043 89 E5                           	MOV	EBP,ESP
    49 00000045 57                              	PUSH	EDI
    50 00000046 56                              	PUSH	ESI
    51 00000047 31 FF                           	XOR	EDI,EDI
    52 00000049 53                              	PUSH	EBX
    53 0000004A 8B 75 0C                        	MOV	ESI,DWORD [12+EBP]
    54 0000004D 8B 5D 08                        	MOV	EBX,DWORD [8+EBP]
    55 00000050 8B 03                           	MOV	EAX,DWORD [EBX]
    56 00000052 39 C7                           	CMP	EDI,EAX
    57 00000054 73 0D                           	JAE	L12
    58 00000056                                 L22:
    59 00000056 8B 54 CB 14                     	MOV	EDX,DWORD [20+EBX+ECX*8]
    60 0000005A 39 F2                           	CMP	EDX,ESI
    61 0000005C 73 0C                           	JAE	L25
    62 0000005E 41                              	INC	ECX
    63 0000005F 39 C1                           	CMP	ECX,EAX
    64 00000061 72 F3                           	JB	L22
    65 00000063                                 L12:
    66 00000063 5B                              	POP	EBX
    67 00000064 89 F8                           	MOV	EAX,EDI
    68 00000066 5E                              	POP	ESI
    69 00000067 5F                              	POP	EDI
    70 00000068 5D                              	POP	EBP
    71 00000069 C3                              	RET
    72 0000006A                                 L25:
    73 0000006A 8B 7C CB 10                     	MOV	EDI,DWORD [16+EBX+ECX*8]
    74 0000006E 8D 04 3E                        	LEA	EAX,DWORD [ESI+EDI*1]
    75 00000071 89 44 CB 10                     	MOV	DWORD [16+EBX+ECX*8],EAX
    76 00000075 89 D0                           	MOV	EAX,EDX
    77 00000077 29 F0                           	SUB	EAX,ESI
    78 00000079 89 44 CB 14                     	MOV	DWORD [20+EBX+ECX*8],EAX
    79 0000007D 85 C0                           	TEST	EAX,EAX
    80 0000007F 75 E2                           	JNE	L12
    81 00000081 8B 03                           	MOV	EAX,DWORD [EBX]
    82 00000083 48                              	DEC	EAX
    83 00000084 89 03                           	MOV	DWORD [EBX],EAX
    84 00000086 39 C1                           	CMP	ECX,EAX
    85 00000088 73 D9                           	JAE	L12
    86 0000008A                                 L21:
    87 0000008A 8B 44 CB 18                     	MOV	EAX,DWORD [24+EBX+ECX*8]
    88 0000008E 8B 54 CB 1C                     	MOV	EDX,DWORD [28+EBX+ECX*8]
    89 00000092 89 44 CB 10                     	MOV	DWORD [16+EBX+ECX*8],EAX
    90 00000096 89 54 CB 14                     	MOV	DWORD [20+EBX+ECX*8],EDX
    91 0000009A 41                              	INC	ECX
    92 0000009B 3B 0B                           	CMP	ECX,DWORD [EBX]
    93 0000009D 72 EB                           	JB	L21
    94 0000009F EB C2                           	JMP	L12
    95 000000A1                                 	GLOBAL	_memman_free
    96 000000A1                                 _memman_free:
    97 000000A1 55                              	PUSH	EBP
    98 000000A2 89 E5                           	MOV	EBP,ESP
    99 000000A4 57                              	PUSH	EDI
   100 000000A5 56                              	PUSH	ESI
   101 000000A6 8B 75 08                        	MOV	ESI,DWORD [8+EBP]
   102 000000A9 53                              	PUSH	EBX
   103 000000AA 31 DB                           	XOR	EBX,EBX
   104 000000AC 8B 3E                           	MOV	EDI,DWORD [ESI]
   105 000000AE 39 FB                           	CMP	EBX,EDI
   106 000000B0 7D 0E                           	JGE	L28
   107 000000B2                                 L32:
   108 000000B2 8B 45 0C                        	MOV	EAX,DWORD [12+EBP]
   109 000000B5 39 44 DE 10                     	CMP	DWORD [16+ESI+EBX*8],EAX
   110 000000B9 77 05                           	JA	L28
   111 000000BB 43                              	INC	EBX
   112 000000BC 39 FB                           	CMP	EBX,EDI
   113 000000BE 7C F2                           	JL	L32
   114 000000C0                                 L28:
   115 000000C0 85 DB                           	TEST	EBX,EBX
   116 000000C2 7E 0F                           	JLE	L33
   117 000000C4 8B 54 DE 0C                     	MOV	EDX,DWORD [12+ESI+EBX*8]
   118 000000C8 8B 44 DE 08                     	MOV	EAX,DWORD [8+ESI+EBX*8]
   119 000000CC 01 D0                           	ADD	EAX,EDX
   120 000000CE 3B 45 0C                        	CMP	EAX,DWORD [12+EBP]
   121 000000D1 74 73                           	JE	L56
   122 000000D3                                 L33:
   123 000000D3 39 FB                           	CMP	EBX,EDI
   124 000000D5 7D 0C                           	JGE	L42
   125 000000D7 8B 45 0C                        	MOV	EAX,DWORD [12+EBP]
   126 000000DA 03 45 10                        	ADD	EAX,DWORD [16+EBP]
   127 000000DD 3B 44 DE 10                     	CMP	EAX,DWORD [16+ESI+EBX*8]
   128 000000E1 74 53                           	JE	L57
   129 000000E3                                 L42:
   130 000000E3 81 FF 00000FF9                  	CMP	EDI,4089
   131 000000E9 7F 3D                           	JG	L44
   132 000000EB 89 F9                           	MOV	ECX,EDI
   133 000000ED 39 DF                           	CMP	EDI,EBX
   134 000000EF 7E 15                           	JLE	L54
   135 000000F1                                 L49:
   136 000000F1 8B 44 CE 08                     	MOV	EAX,DWORD [8+ESI+ECX*8]
   137 000000F5 8B 54 CE 0C                     	MOV	EDX,DWORD [12+ESI+ECX*8]
   138 000000F9 89 44 CE 10                     	MOV	DWORD [16+ESI+ECX*8],EAX
   139 000000FD 89 54 CE 14                     	MOV	DWORD [20+ESI+ECX*8],EDX
   140 00000101 49                              	DEC	ECX
   141 00000102 39 D9                           	CMP	ECX,EBX
   142 00000104 7F EB                           	JG	L49
   143 00000106                                 L54:
   144 00000106 8D 47 01                        	LEA	EAX,DWORD [1+EDI]
   145 00000109 89 06                           	MOV	DWORD [ESI],EAX
   146 0000010B 39 46 04                        	CMP	DWORD [4+ESI],EAX
   147 0000010E 7D 03                           	JGE	L50
   148 00000110 89 46 04                        	MOV	DWORD [4+ESI],EAX
   149 00000113                                 L50:
   150 00000113 8B 45 0C                        	MOV	EAX,DWORD [12+EBP]
   151 00000116 89 44 DE 10                     	MOV	DWORD [16+ESI+EBX*8],EAX
   152 0000011A 8B 45 10                        	MOV	EAX,DWORD [16+EBP]
   153 0000011D 89 44 DE 14                     	MOV	DWORD [20+ESI+EBX*8],EAX
   154 00000121                                 L55:
   155 00000121 31 C0                           	XOR	EAX,EAX
   156 00000123                                 L26:
   157 00000123 5B                              	POP	EBX
   158 00000124 5E                              	POP	ESI
   159 00000125 5F                              	POP	EDI
   160 00000126 5D                              	POP	EBP
   161 00000127 C3                              	RET
   162 00000128                                 L44:
   163 00000128 8B 45 10                        	MOV	EAX,DWORD [16+EBP]
   164 0000012B FF 46 0C                        	INC	DWORD [12+ESI]
   165 0000012E 01 46 08                        	ADD	DWORD [8+ESI],EAX
   166 00000131 83 C8 FF                        	OR	EAX,-1
   167 00000134 EB ED                           	JMP	L26
   168 00000136                                 L57:
   169 00000136 8B 45 0C                        	MOV	EAX,DWORD [12+EBP]
   170 00000139 89 44 DE 10                     	MOV	DWORD [16+ESI+EBX*8],EAX
   171 0000013D 8B 45 10                        	MOV	EAX,DWORD [16+EBP]
   172 00000140 01 44 DE 14                     	ADD	DWORD [20+ESI+EBX*8],EAX
   173 00000144 EB DB                           	JMP	L55
   174 00000146                                 L56:
   175 00000146 03 55 10                        	ADD	EDX,DWORD [16+EBP]
   176 00000149 89 54 DE 0C                     	MOV	DWORD [12+ESI+EBX*8],EDX
   177 0000014D 3B 1E                           	CMP	EBX,DWORD [ESI]
   178 0000014F 7D D0                           	JGE	L55
   179 00000151 8B 45 0C                        	MOV	EAX,DWORD [12+EBP]
   180 00000154 03 45 10                        	ADD	EAX,DWORD [16+EBP]
   181 00000157 3B 44 DE 10                     	CMP	EAX,DWORD [16+ESI+EBX*8]
   182 0000015B 75 C4                           	JNE	L55
   183 0000015D 03 54 DE 14                     	ADD	EDX,DWORD [20+ESI+EBX*8]
   184 00000161 89 54 DE 0C                     	MOV	DWORD [12+ESI+EBX*8],EDX
   185 00000165 8B 06                           	MOV	EAX,DWORD [ESI]
   186 00000167 48                              	DEC	EAX
   187 00000168 89 06                           	MOV	DWORD [ESI],EAX
   188 0000016A 39 C3                           	CMP	EBX,EAX
   189 0000016C 7D B3                           	JGE	L55
   190 0000016E 89 C1                           	MOV	ECX,EAX
   191 00000170                                 L41:
   192 00000170 8B 44 DE 18                     	MOV	EAX,DWORD [24+ESI+EBX*8]
   193 00000174 8B 54 DE 1C                     	MOV	EDX,DWORD [28+ESI+EBX*8]
   194 00000178 89 44 DE 10                     	MOV	DWORD [16+ESI+EBX*8],EAX
   195 0000017C 89 54 DE 14                     	MOV	DWORD [20+ESI+EBX*8],EDX
   196 00000180 43                              	INC	EBX
   197 00000181 39 CB                           	CMP	EBX,ECX
   198 00000183 7C EB                           	JL	L41
   199 00000185 EB 9A                           	JMP	L55
   200 00000187                                 	GLOBAL	_memman_alloc_4k
   201 00000187                                 _memman_alloc_4k:
   202 00000187 55                              	PUSH	EBP
   203 00000188 89 E5                           	MOV	EBP,ESP
   204 0000018A 8B 45 0C                        	MOV	EAX,DWORD [12+EBP]
   205 0000018D 05 00000FFF                     	ADD	EAX,4095
   206 00000192 25 FFFFF000                     	AND	EAX,-4096
   207 00000197 89 45 0C                        	MOV	DWORD [12+EBP],EAX
   208 0000019A 5D                              	POP	EBP
   209 0000019B E9 FFFFFEA0                     	JMP	_memman_alloc
   210 000001A0                                 	GLOBAL	_memman_free_4k
   211 000001A0                                 _memman_free_4k:
   212 000001A0 55                              	PUSH	EBP
   213 000001A1 89 E5                           	MOV	EBP,ESP
   214 000001A3 8B 45 10                        	MOV	EAX,DWORD [16+EBP]
   215 000001A6 05 00000FFF                     	ADD	EAX,4095
   216 000001AB 25 FFFFF000                     	AND	EAX,-4096
   217 000001B0 89 45 10                        	MOV	DWORD [16+EBP],EAX
   218 000001B3 5D                              	POP	EBP
   219 000001B4 E9 FFFFFEE8                     	JMP	_memman_free
   220 000001B9                                 	GLOBAL	_memtest
   221 000001B9                                 _memtest:
   222 000001B9 55                              	PUSH	EBP
   223 000001BA 89 E5                           	MOV	EBP,ESP
   224 000001BC 56                              	PUSH	ESI
   225 000001BD 53                              	PUSH	EBX
   226 000001BE 31 F6                           	XOR	ESI,ESI
   227 000001C0 E8 [00000000]                   	CALL	_io_load_eflags
   228 000001C5 0D 00040000                     	OR	EAX,262144
   229 000001CA 50                              	PUSH	EAX
   230 000001CB E8 [00000000]                   	CALL	_io_store_eflags
   231 000001D0 E8 [00000000]                   	CALL	_io_load_eflags
   232 000001D5 5A                              	POP	EDX
   233 000001D6 A9 00040000                     	TEST	EAX,262144
   234 000001DB 74 05                           	JE	L61
   235 000001DD BE 00000001                     	MOV	ESI,1
   236 000001E2                                 L61:
   237 000001E2 25 FFFBFFFF                     	AND	EAX,-262145
   238 000001E7 50                              	PUSH	EAX
   239 000001E8 E8 [00000000]                   	CALL	_io_store_eflags
   240 000001ED 58                              	POP	EAX
   241 000001EE 89 F0                           	MOV	EAX,ESI
   242 000001F0 84 C0                           	TEST	AL,AL
   243 000001F2 75 31                           	JNE	L64
   244 000001F4                                 L62:
   245 000001F4 FF 75 0C                        	PUSH	DWORD [12+EBP]
   246 000001F7 FF 75 08                        	PUSH	DWORD [8+EBP]
   247 000001FA E8 [00000000]                   	CALL	_memtest_sub
   248 000001FF 5A                              	POP	EDX
   249 00000200 89 C3                           	MOV	EBX,EAX
   250 00000202 59                              	POP	ECX
   251 00000203 89 F0                           	MOV	EAX,ESI
   252 00000205 84 C0                           	TEST	AL,AL
   253 00000207 75 09                           	JNE	L65
   254 00000209                                 L63:
   255 00000209 8D 65 F8                        	LEA	ESP,DWORD [-8+EBP]
   256 0000020C 89 D8                           	MOV	EAX,EBX
   257 0000020E 5B                              	POP	EBX
   258 0000020F 5E                              	POP	ESI
   259 00000210 5D                              	POP	EBP
   260 00000211 C3                              	RET
   261 00000212                                 L65:
   262 00000212 E8 [00000000]                   	CALL	_load_cr0
   263 00000217 25 9FFFFFFF                     	AND	EAX,-1610612737
   264 0000021C 50                              	PUSH	EAX
   265 0000021D E8 [00000000]                   	CALL	_store_cr0
   266 00000222 58                              	POP	EAX
   267 00000223 EB E4                           	JMP	L63
   268 00000225                                 L64:
   269 00000225 E8 [00000000]                   	CALL	_load_cr0
   270 0000022A 0D 60000000                     	OR	EAX,1610612736
   271 0000022F 50                              	PUSH	EAX
   272 00000230 E8 [00000000]                   	CALL	_store_cr0
   273 00000235 5B                              	POP	EBX
   274 00000236 EB BC                           	JMP	L62
