     1 00000000                                 [FORMAT "WCOFF"]
     2 00000000                                 [INSTRSET "i486p"]
     3 00000000                                 [OPTIMIZE 1]
     4 00000000                                 [OPTION 1]
     5 00000000                                 [BITS 32]
     6 00000000                                 	EXTERN	_io_out8
     7 00000000                                 	EXTERN	_io_load_eflags
     8 00000000                                 	EXTERN	_io_cli
     9 00000000                                 	EXTERN	_io_store_eflags
    10 00000000                                 	EXTERN	_task_timer
    11 00000000                                 	EXTERN	_fifo32_put
    12 00000000                                 	EXTERN	_task_switch
    13 00000000                                 	EXTERN	_io_sti
    14 00000000                                 	EXTERN	_sprintf
    15 00000000                                 [FILE "timer.c"]
    16                                          [SECTION .text]
    17 00000000                                 	GLOBAL	_init_pit
    18 00000000                                 _init_pit:
    19 00000000 55                              	PUSH	EBP
    20 00000001 89 E5                           	MOV	EBP,ESP
    21 00000003 6A 34                           	PUSH	52
    22 00000005 6A 43                           	PUSH	67
    23 00000007 E8 [00000000]                   	CALL	_io_out8
    24 0000000C 68 0000009C                     	PUSH	156
    25 00000011 6A 40                           	PUSH	64
    26 00000013 E8 [00000000]                   	CALL	_io_out8
    27 00000018 6A 2E                           	PUSH	46
    28 0000001A 6A 40                           	PUSH	64
    29 0000001C E8 [00000000]                   	CALL	_io_out8
    30 00000021 BA [00002740]                   	MOV	EDX,_timerctl+10000
    31 00000026 C7 05 [00000030] 00000000       	MOV	DWORD [_timerctl],0
    32 00000030 83 C4 18                        	ADD	ESP,24
    33 00000033 B8 [00000044]                   	MOV	EAX,_timerctl+20
    34 00000038                                 L6:
    35 00000038 C6 00 00                        	MOV	BYTE [EAX],0
    36 0000003B 83 C0 14                        	ADD	EAX,20
    37 0000003E 39 D0                           	CMP	EAX,EDX
    38 00000040 7E F6                           	JLE	L6
    39 00000042 E8 00000022                     	CALL	_timer_alloc
    40 00000047 C6 40 08 02                     	MOV	BYTE [8+EAX],2
    41 0000004B C7 40 04 FFFFFFFF               	MOV	DWORD [4+EAX],-1
    42 00000052 C7 00 00000000                  	MOV	DWORD [EAX],0
    43 00000058 A3 [00000038]                   	MOV	DWORD [_timerctl+8],EAX
    44 0000005D C7 05 [00000034] FFFFFFFF       	MOV	DWORD [_timerctl+4],-1
    45 00000067 C9                              	LEAVE
    46 00000068 C3                              	RET
    47 00000069                                 	GLOBAL	_timer_alloc
    48 00000069                                 _timer_alloc:
    49 00000069 55                              	PUSH	EBP
    50 0000006A 31 D2                           	XOR	EDX,EDX
    51 0000006C 89 E5                           	MOV	EBP,ESP
    52 0000006E B8 [0000003C]                   	MOV	EAX,_timerctl+12
    53 00000073                                 L15:
    54 00000073 80 78 08 00                     	CMP	BYTE [8+EAX],0
    55 00000077 74 10                           	JE	L18
    56 00000079 42                              	INC	EDX
    57 0000007A 83 C0 14                        	ADD	EAX,20
    58 0000007D 81 FA 000001F3                  	CMP	EDX,499
    59 00000083 7E EE                           	JLE	L15
    60 00000085 31 C0                           	XOR	EAX,EAX
    61 00000087                                 L9:
    62 00000087 5D                              	POP	EBP
    63 00000088 C3                              	RET
    64 00000089                                 L18:
    65 00000089 C6 40 08 01                     	MOV	BYTE [8+EAX],1
    66 0000008D C6 40 09 00                     	MOV	BYTE [9+EAX],0
    67 00000091 EB F4                           	JMP	L9
    68 00000093                                 	GLOBAL	_timer_free
    69 00000093                                 _timer_free:
    70 00000093 55                              	PUSH	EBP
    71 00000094 89 E5                           	MOV	EBP,ESP
    72 00000096 8B 45 08                        	MOV	EAX,DWORD [8+EBP]
    73 00000099 C6 40 08 00                     	MOV	BYTE [8+EAX],0
    74 0000009D 5D                              	POP	EBP
    75 0000009E C3                              	RET
    76 0000009F                                 	GLOBAL	_timer_init
    77 0000009F                                 _timer_init:
    78 0000009F 55                              	PUSH	EBP
    79 000000A0 89 E5                           	MOV	EBP,ESP
    80 000000A2 8B 45 08                        	MOV	EAX,DWORD [8+EBP]
    81 000000A5 8B 55 0C                        	MOV	EDX,DWORD [12+EBP]
    82 000000A8 89 50 0C                        	MOV	DWORD [12+EAX],EDX
    83 000000AB 8B 55 10                        	MOV	EDX,DWORD [16+EBP]
    84 000000AE 89 50 10                        	MOV	DWORD [16+EAX],EDX
    85 000000B1 5D                              	POP	EBP
    86 000000B2 C3                              	RET
    87 000000B3                                 	GLOBAL	_timer_settime
    88 000000B3                                 _timer_settime:
    89 000000B3 55                              	PUSH	EBP
    90 000000B4 A1 [00000030]                   	MOV	EAX,DWORD [_timerctl]
    91 000000B9 89 E5                           	MOV	EBP,ESP
    92 000000BB 56                              	PUSH	ESI
    93 000000BC 53                              	PUSH	EBX
    94 000000BD 8B 5D 08                        	MOV	EBX,DWORD [8+EBP]
    95 000000C0 03 45 0C                        	ADD	EAX,DWORD [12+EBP]
    96 000000C3 C6 43 08 02                     	MOV	BYTE [8+EBX],2
    97 000000C7 89 43 04                        	MOV	DWORD [4+EBX],EAX
    98 000000CA E8 [00000000]                   	CALL	_io_load_eflags
    99 000000CF 89 C6                           	MOV	ESI,EAX
   100 000000D1 E8 [00000000]                   	CALL	_io_cli
   101 000000D6 A1 [00000038]                   	MOV	EAX,DWORD [_timerctl+8]
   102 000000DB 8B 53 04                        	MOV	EDX,DWORD [4+EBX]
   103 000000DE 3B 50 04                        	CMP	EDX,DWORD [4+EAX]
   104 000000E1 76 20                           	JBE	L30
   105 000000E3                                 L28:
   106 000000E3 89 C1                           	MOV	ECX,EAX
   107 000000E5 8B 00                           	MOV	EAX,DWORD [EAX]
   108 000000E7 85 C0                           	TEST	EAX,EAX
   109 000000E9 74 14                           	JE	L21
   110 000000EB 3B 50 04                        	CMP	EDX,DWORD [4+EAX]
   111 000000EE 77 F3                           	JA	L28
   112 000000F0 89 19                           	MOV	DWORD [ECX],EBX
   113 000000F2 89 03                           	MOV	DWORD [EBX],EAX
   114 000000F4                                 L29:
   115 000000F4 89 75 08                        	MOV	DWORD [8+EBP],ESI
   116 000000F7 5B                              	POP	EBX
   117 000000F8 5E                              	POP	ESI
   118 000000F9 5D                              	POP	EBP
   119 000000FA E9 [00000000]                   	JMP	_io_store_eflags
   120 000000FF                                 L21:
   121 000000FF 5B                              	POP	EBX
   122 00000100 5E                              	POP	ESI
   123 00000101 5D                              	POP	EBP
   124 00000102 C3                              	RET
   125 00000103                                 L30:
   126 00000103 89 1D [00000038]                	MOV	DWORD [_timerctl+8],EBX
   127 00000109 89 15 [00000034]                	MOV	DWORD [_timerctl+4],EDX
   128 0000010F 89 03                           	MOV	DWORD [EBX],EAX
   129 00000111 EB E1                           	JMP	L29
   130 00000113                                 	GLOBAL	_inthandler20
   131 00000113                                 _inthandler20:
   132 00000113 55                              	PUSH	EBP
   133 00000114 89 E5                           	MOV	EBP,ESP
   134 00000116 56                              	PUSH	ESI
   135 00000117 53                              	PUSH	EBX
   136 00000118 6A 60                           	PUSH	96
   137 0000011A 6A 20                           	PUSH	32
   138 0000011C E8 [00000000]                   	CALL	_io_out8
   139 00000121 A1 [00000030]                   	MOV	EAX,DWORD [_timerctl]
   140 00000126 40                              	INC	EAX
   141 00000127 A3 [00000030]                   	MOV	DWORD [_timerctl],EAX
   142 0000012C 39 05 [00000034]                	CMP	DWORD [_timerctl+4],EAX
   143 00000132 59                              	POP	ECX
   144 00000133 5B                              	POP	EBX
   145 00000134 77 48                           	JA	L31
   146 00000136 8B 1D [00000038]                	MOV	EBX,DWORD [_timerctl+8]
   147 0000013C 31 F6                           	XOR	ESI,ESI
   148 0000013E                                 L33:
   149 0000013E 8B 43 04                        	MOV	EAX,DWORD [4+EBX]
   150 00000141 3B 05 [00000030]                	CMP	EAX,DWORD [_timerctl]
   151 00000147 77 24                           	JA	L34
   152 00000149 C6 43 08 01                     	MOV	BYTE [8+EBX],1
   153 0000014D 3B 1D [00000000]                	CMP	EBX,DWORD [_task_timer]
   154 00000153 74 11                           	JE	L37
   155 00000155 FF 73 10                        	PUSH	DWORD [16+EBX]
   156 00000158 FF 73 0C                        	PUSH	DWORD [12+EBX]
   157 0000015B E8 [00000000]                   	CALL	_fifo32_put
   158 00000160 58                              	POP	EAX
   159 00000161 5A                              	POP	EDX
   160 00000162                                 L38:
   161 00000162 8B 1B                           	MOV	EBX,DWORD [EBX]
   162 00000164 EB D8                           	JMP	L33
   163 00000166                                 L37:
   164 00000166 BE 00000001                     	MOV	ESI,1
   165 0000016B EB F5                           	JMP	L38
   166 0000016D                                 L34:
   167 0000016D A3 [00000034]                   	MOV	DWORD [_timerctl+4],EAX
   168 00000172 89 1D [00000038]                	MOV	DWORD [_timerctl+8],EBX
   169 00000178 89 F0                           	MOV	EAX,ESI
   170 0000017A 84 C0                           	TEST	AL,AL
   171 0000017C 75 07                           	JNE	L40
   172 0000017E                                 L31:
   173 0000017E 8D 65 F8                        	LEA	ESP,DWORD [-8+EBP]
   174 00000181 5B                              	POP	EBX
   175 00000182 5E                              	POP	ESI
   176 00000183 5D                              	POP	EBP
   177 00000184 C3                              	RET
   178 00000185                                 L40:
   179 00000185 8D 65 F8                        	LEA	ESP,DWORD [-8+EBP]
   180 00000188 5B                              	POP	EBX
   181 00000189 5E                              	POP	ESI
   182 0000018A 5D                              	POP	EBP
   183 0000018B E9 [00000000]                   	JMP	_task_switch
   184 00000190                                 	GLOBAL	_reset_timerctl_count
   185 00000190                                 _reset_timerctl_count:
   186 00000190 55                              	PUSH	EBP
   187 00000191 89 E5                           	MOV	EBP,ESP
   188 00000193 53                              	PUSH	EBX
   189 00000194 8B 1D [00000030]                	MOV	EBX,DWORD [_timerctl]
   190 0000019A E8 [00000000]                   	CALL	_io_cli
   191 0000019F 29 1D [00000030]                	SUB	DWORD [_timerctl],EBX
   192 000001A5 31 D2                           	XOR	EDX,EDX
   193 000001A7 B9 000001F3                     	MOV	ECX,499
   194 000001AC                                 L48:
   195 000001AC 80 BA [00000044] 02             	CMP	BYTE [_timerctl+20+EDX],2
   196 000001B3 74 0D                           	JE	L51
   197 000001B5                                 L44:
   198 000001B5 83 C2 14                        	ADD	EDX,20
   199 000001B8 49                              	DEC	ECX
   200 000001B9 79 F1                           	JNS	L48
   201 000001BB 5B                              	POP	EBX
   202 000001BC 5D                              	POP	EBP
   203 000001BD E9 [00000000]                   	JMP	_io_sti
   204 000001C2                                 L51:
   205 000001C2 8B 82 [00000040]                	MOV	EAX,DWORD [_timerctl+16+EDX]
   206 000001C8 83 F8 FF                        	CMP	EAX,-1
   207 000001CB 74 E8                           	JE	L44
   208 000001CD 29 D8                           	SUB	EAX,EBX
   209 000001CF 89 82 [00000040]                	MOV	DWORD [_timerctl+16+EDX],EAX
   210 000001D5 EB DE                           	JMP	L44
   211 000001D7                                 	GLOBAL	_set490
   212 000001D7                                 _set490:
   213 000001D7 55                              	PUSH	EBP
   214 000001D8 89 E5                           	MOV	EBP,ESP
   215 000001DA 57                              	PUSH	EDI
   216 000001DB 56                              	PUSH	ESI
   217 000001DC 53                              	PUSH	EBX
   218 000001DD 8B 7D 08                        	MOV	EDI,DWORD [8+EBP]
   219 000001E0 83 7D 0C 00                     	CMP	DWORD [12+EBP],0
   220 000001E4 74 2E                           	JE	L52
   221 000001E6 31 F6                           	XOR	ESI,ESI
   222 000001E8                                 L58:
   223 000001E8 E8 FFFFFE7C                     	CALL	_timer_alloc
   224 000001ED 89 C3                           	MOV	EBX,EAX
   225 000001EF 8D 86 00000400                  	LEA	EAX,DWORD [1024+ESI]
   226 000001F5 50                              	PUSH	EAX
   227 000001F6 46                              	INC	ESI
   228 000001F7 57                              	PUSH	EDI
   229 000001F8 53                              	PUSH	EBX
   230 000001F9 E8 FFFFFEA1                     	CALL	_timer_init
   231 000001FE 68 19BFCC00                     	PUSH	432000000
   232 00000203 53                              	PUSH	EBX
   233 00000204 E8 FFFFFEAA                     	CALL	_timer_settime
   234 00000209 83 C4 14                        	ADD	ESP,20
   235 0000020C 81 FE 000001E9                  	CMP	ESI,489
   236 00000212 7E D4                           	JLE	L58
   237 00000214                                 L52:
   238 00000214 8D 65 F4                        	LEA	ESP,DWORD [-12+EBP]
   239 00000217 5B                              	POP	EBX
   240 00000218 5E                              	POP	ESI
   241 00000219 5F                              	POP	EDI
   242 0000021A 5D                              	POP	EBP
   243 0000021B C3                              	RET
   244                                          [SECTION .data]
   245 00000000                                 	ALIGNB	16
   246 00000000                                 _s.0:
   247 00000000 00 00 00 00 00 00 00 00 00 00   	RESB	30
       0000000A 00 00 00 00 00 00 00 00 00 00 
       00000014 00 00 00 00 00 00 00 00 00 00 
   248                                          [SECTION .data]
   249 0000001E                                 LC0:
   250 0000001E 25 30 32 64 3A 25 30 32 64 3A   	DB	"%02d:%02d:%02d",0x00
       00000028 25 30 32 64 00 
   251                                          [SECTION .text]
   252 0000021C                                 	GLOBAL	_get_ontime
   253 0000021C                                 _get_ontime:
   254 0000021C 55                              	PUSH	EBP
   255 0000021D B9 00000064                     	MOV	ECX,100
   256 00000222 89 E5                           	MOV	EBP,ESP
   257 00000224 31 D2                           	XOR	EDX,EDX
   258 00000226 57                              	PUSH	EDI
   259 00000227 BF 0000003C                     	MOV	EDI,60
   260 0000022C 56                              	PUSH	ESI
   261 0000022D 53                              	PUSH	EBX
   262 0000022E 83 EC 10                        	SUB	ESP,16
   263 00000231 A1 [00000030]                   	MOV	EAX,DWORD [_timerctl]
   264 00000236 89 45 F0                        	MOV	DWORD [-16+EBP],EAX
   265 00000239 F7 F1                           	DIV	ECX
   266 0000023B B9 00000E10                     	MOV	ECX,3600
   267 00000240 31 D2                           	XOR	EDX,EDX
   268 00000242 89 45 EC                        	MOV	DWORD [-20+EBP],EAX
   269 00000245 F7 F1                           	DIV	ECX
   270 00000247 89 C3                           	MOV	EBX,EAX
   271 00000249 8B 4D EC                        	MOV	ECX,DWORD [-20+EBP]
   272 0000024C 69 DB 00000E10                  	IMUL	EBX,EBX,3600
   273 00000252 29 D9                           	SUB	ECX,EBX
   274 00000254 89 C6                           	MOV	ESI,EAX
   275 00000256 31 D2                           	XOR	EDX,EDX
   276 00000258 89 C8                           	MOV	EAX,ECX
   277 0000025A F7 F7                           	DIV	EDI
   278 0000025C 89 C1                           	MOV	ECX,EAX
   279 0000025E 6B C0 3C                        	IMUL	EAX,EAX,60
   280 00000261 01 C3                           	ADD	EBX,EAX
   281 00000263 29 5D EC                        	SUB	DWORD [-20+EBP],EBX
   282 00000266 FF 75 EC                        	PUSH	DWORD [-20+EBP]
   283 00000269 51                              	PUSH	ECX
   284 0000026A 56                              	PUSH	ESI
   285 0000026B 68 [0000001E]                   	PUSH	LC0
   286 00000270 68 [00000000]                   	PUSH	_s.0
   287 00000275 E8 [00000000]                   	CALL	_sprintf
   288 0000027A 8D 65 F4                        	LEA	ESP,DWORD [-12+EBP]
   289 0000027D 5B                              	POP	EBX
   290 0000027E B8 [00000000]                   	MOV	EAX,_s.0
   291 00000283 5E                              	POP	ESI
   292 00000284 5F                              	POP	EDI
   293 00000285 5D                              	POP	EBP
   294 00000286 C3                              	RET
   295 00000287                                 	GLOBAL	_timer_cancel
   296 00000287                                 _timer_cancel:
   297 00000287 55                              	PUSH	EBP
   298 00000288 89 E5                           	MOV	EBP,ESP
   299 0000028A 56                              	PUSH	ESI
   300 0000028B 53                              	PUSH	EBX
   301 0000028C 8B 5D 08                        	MOV	EBX,DWORD [8+EBP]
   302 0000028F E8 [00000000]                   	CALL	_io_load_eflags
   303 00000294 89 C6                           	MOV	ESI,EAX
   304 00000296 E8 [00000000]                   	CALL	_io_cli
   305 0000029B 80 7B 08 02                     	CMP	BYTE [8+EBX],2
   306 0000029F 74 0F                           	JE	L69
   307 000002A1 56                              	PUSH	ESI
   308 000002A2 E8 [00000000]                   	CALL	_io_store_eflags
   309 000002A7 31 C0                           	XOR	EAX,EAX
   310 000002A9                                 L61:
   311 000002A9 8D 65 F8                        	LEA	ESP,DWORD [-8+EBP]
   312 000002AC 5B                              	POP	EBX
   313 000002AD 5E                              	POP	ESI
   314 000002AE 5D                              	POP	EBP
   315 000002AF C3                              	RET
   316 000002B0                                 L69:
   317 000002B0 A1 [00000038]                   	MOV	EAX,DWORD [_timerctl+8]
   318 000002B5 39 C3                           	CMP	EBX,EAX
   319 000002B7 74 1D                           	JE	L70
   320 000002B9                                 L63:
   321 000002B9 89 C2                           	MOV	EDX,EAX
   322 000002BB 8B 00                           	MOV	EAX,DWORD [EAX]
   323 000002BD 39 D8                           	CMP	EAX,EBX
   324 000002BF 75 F8                           	JNE	L63
   325 000002C1 8B 03                           	MOV	EAX,DWORD [EBX]
   326 000002C3 89 02                           	MOV	DWORD [EDX],EAX
   327 000002C5                                 L64:
   328 000002C5 C6 43 08 01                     	MOV	BYTE [8+EBX],1
   329 000002C9 56                              	PUSH	ESI
   330 000002CA E8 [00000000]                   	CALL	_io_store_eflags
   331 000002CF B8 00000001                     	MOV	EAX,1
   332 000002D4 EB D3                           	JMP	L61
   333 000002D6                                 L70:
   334 000002D6 8B 13                           	MOV	EDX,DWORD [EBX]
   335 000002D8 89 15 [00000038]                	MOV	DWORD [_timerctl+8],EDX
   336 000002DE 8B 42 04                        	MOV	EAX,DWORD [4+EDX]
   337 000002E1 A3 [00000034]                   	MOV	DWORD [_timerctl+4],EAX
   338 000002E6 EB DD                           	JMP	L64
   339 000002E8                                 	GLOBAL	_timer_cancelall
   340 000002E8                                 _timer_cancelall:
   341 000002E8 55                              	PUSH	EBP
   342 000002E9 89 E5                           	MOV	EBP,ESP
   343 000002EB 57                              	PUSH	EDI
   344 000002EC 56                              	PUSH	ESI
   345 000002ED 53                              	PUSH	EBX
   346 000002EE BB [0000003C]                   	MOV	EBX,_timerctl+12
   347 000002F3 8B 7D 08                        	MOV	EDI,DWORD [8+EBP]
   348 000002F6 E8 [00000000]                   	CALL	_io_load_eflags
   349 000002FB 89 C6                           	MOV	ESI,EAX
   350 000002FD E8 [00000000]                   	CALL	_io_cli
   351 00000302                                 L77:
   352 00000302 80 7B 08 00                     	CMP	BYTE [8+EBX],0
   353 00000306 74 0B                           	JE	L74
   354 00000308 80 7B 09 00                     	CMP	BYTE [9+EBX],0
   355 0000030C 74 05                           	JE	L74
   356 0000030E 39 7B 0C                        	CMP	DWORD [12+EBX],EDI
   357 00000311 74 1A                           	JE	L80
   358 00000313                                 L74:
   359 00000313 83 C3 14                        	ADD	EBX,20
   360 00000316 81 FB [00002738]                	CMP	EBX,_timerctl+9992
   361 0000031C 7E E4                           	JLE	L77
   362 0000031E 89 75 08                        	MOV	DWORD [8+EBP],ESI
   363 00000321 8D 65 F4                        	LEA	ESP,DWORD [-12+EBP]
   364 00000324 5B                              	POP	EBX
   365 00000325 5E                              	POP	ESI
   366 00000326 5F                              	POP	EDI
   367 00000327 5D                              	POP	EBP
   368 00000328 E9 [00000000]                   	JMP	_io_store_eflags
   369 0000032D                                 L80:
   370 0000032D 53                              	PUSH	EBX
   371 0000032E E8 FFFFFF54                     	CALL	_timer_cancel
   372 00000333 53                              	PUSH	EBX
   373 00000334 E8 FFFFFD5A                     	CALL	_timer_free
   374 00000339 58                              	POP	EAX
   375 0000033A 5A                              	POP	EDX
   376 0000033B EB D6                           	JMP	L74
   377 0000033D                                 	GLOBAL	_timerctl
   378                                          [SECTION .data]
   379 0000002D 00 00 00                        	ALIGNB	16
   380 00000030                                 _timerctl:
   381 00000030 00 00 00 00 00 00 00 00 00 00   	RESB	10012
       0000003A 00 00 00 00 00 00 00 00 00 00 
       00000044 00 00 00 00 00 00 00 00 00 00 
       0000004E 00 00 00 00 00 00 00 00 00 00 
       00000058 00 00 00 00 00 00 00 00 00 00 
       00000062 00 00 00 00 00 00 00 00 00 00 
       0000006C 00 00 00 00 00 00 00 00 00 00 
       00000076 00 00 00 00 00 00 00 00 00 00 
       00000080 00 00 00 00 00 00 00 00 00 00 
       0000008A 00 00 00 00 00 00 00 00 00 00 
       00000094 00 00 00 00 00 00 00 00 00 00 
       0000009E 00 00 00 00 00 00 00 00 00 00 
       000000A8 00 00 00 00 00 00 00 00 00 00 
       000000B2 00 00 00 00 00 00 00 00 00 00 
       000000BC 00 00 00 00 00 00 00 00 00 00 
       000000C6 00 00 00 00 00 00 00 00 00 00 
       000000D0 00 00 00 00 00 00 00 00 00 00 
       000000DA 00 00 00 00 00 00 00 00 00 00 
       000000E4 00 00 00 00 00 00 00 00 00 00 
       000000EE 00 00 00 00 00 00 00 00 00 00 
       000000F8 00 00 00 00 00 00 00 00 00 00 
       00000102 00 00 00 00 00 00 00 00 00 00 
       0000010C 00 00 00 00 00 00 00 00 00 00 
       00000116 00 00 00 00 00 00 00 00 00 00 
       00000120 00 00 00 00 00 00 00 00 00 00 
       0000012A 00 00 00 00 00 00 00 00 00 00 
       00000134 00 00 00 00 00 00 00 00 00 00 
       0000013E 00 00 00 00 00 00 00 00 00 00 
       00000148 00 00 00 00 00 00 00 00 00 00 
       00000152 00 00 00 00 00 00 00 00 00 00 
       0000015C 00 00 00 00 00 00 00 00 00 00 
       00000166 00 00 00 00 00 00 00 00 00 00 
       00000170 00 00 00 00 00 00 00 00 00 00 
       0000017A 00 00 00 00 00 00 00 00 00 00 
       00000184 00 00 00 00 00 00 00 00 00 00 
       0000018E 00 00 00 00 00 00 00 00 00 00 
       00000198 00 00 00 00 00 00 00 00 00 00 
       000001A2 00 00 00 00 00 00 00 00 00 00 
       000001AC 00 00 00 00 00 00 00 00 00 00 
       000001B6 00 00 00 00 00 00 00 00 00 00 
       000001C0 00 00 00 00 00 00 00 00 00 00 
       000001CA 00 00 00 00 00 00 00 00 00 00 
       000001D4 00 00 00 00 00 00 00 00 00 00 
       000001DE 00 00 00 00 00 00 00 00 00 00 
       000001E8 00 00 00 00 00 00 00 00 00 00 
       000001F2 00 00 00 00 00 00 00 00 00 00 
       000001FC 00 00 00 00 00 00 00 00 00 00 
       00000206 00 00 00 00 00 00 00 00 00 00 
       00000210 00 00 00 00 00 00 00 00 00 00 
       0000021A 00 00 00 00 00 00 00 00 00 00 
       00000224 00 00 00 00 00 00 00 00 00 00 
       0000022E 00 00 00 00 00 00 00 00 00 00 
       00000238 00 00 00 00 00 00 00 00 00 00 
       00000242 00 00 00 00 00 00 00 00 00 00 
       0000024C 00 00 00 00 00 00 00 00 00 00 
       00000256 00 00 00 00 00 00 00 00 00 00 
       00000260 00 00 00 00 00 00 00 00 00 00 
       0000026A 00 00 00 00 00 00 00 00 00 00 
       00000274 00 00 00 00 00 00 00 00 00 00 
       0000027E 00 00 00 00 00 00 00 00 00 00 
       00000288 00 00 00 00 00 00 00 00 00 00 
       00000292 00 00 00 00 00 00 00 00 00 00 
       0000029C 00 00 00 00 00 00 00 00 00 00 
       000002A6 00 00 00 00 00 00 00 00 00 00 
       000002B0 00 00 00 00 00 00 00 00 00 00 
       000002BA 00 00 00 00 00 00 00 00 00 00 
       000002C4 00 00 00 00 00 00 00 00 00 00 
       000002CE 00 00 00 00 00 00 00 00 00 00 
       000002D8 00 00 00 00 00 00 00 00 00 00 
       000002E2 00 00 00 00 00 00 00 00 00 00 
       000002EC 00 00 00 00 00 00 00 00 00 00 
       000002F6 00 00 00 00 00 00 00 00 00 00 
       00000300 00 00 00 00 00 00 00 00 00 00 
       0000030A 00 00 00 00 00 00 00 00 00 00 
       00000314 00 00 00 00 00 00 00 00 00 00 
       0000031E 00 00 00 00 00 00 00 00 00 00 
       00000328 00 00 00 00 00 00 00 00 00 00 
       00000332 00 00 00 00 00 00 00 00 00 00 
       0000033C 00 00 00 00 00 00 00 00 00 00 
       00000346 00 00 00 00 00 00 00 00 00 00 
       00000350 00 00 00 00 00 00 00 00 00 00 
       0000035A 00 00 00 00 00 00 00 00 00 00 
       00000364 00 00 00 00 00 00 00 00 00 00 
       0000036E 00 00 00 00 00 00 00 00 00 00 
       00000378 00 00 00 00 00 00 00 00 00 00 
       00000382 00 00 00 00 00 00 00 00 00 00 
       0000038C 00 00 00 00 00 00 00 00 00 00 
       00000396 00 00 00 00 00 00 00 00 00 00 
       000003A0 00 00 00 00 00 00 00 00 00 00 
       000003AA 00 00 00 00 00 00 00 00 00 00 
       000003B4 00 00 00 00 00 00 00 00 00 00 
       000003BE 00 00 00 00 00 00 00 00 00 00 
       000003C8 00 00 00 00 00 00 00 00 00 00 
       000003D2 00 00 00 00 00 00 00 00 00 00 
       000003DC 00 00 00 00 00 00 00 00 00 00 
       000003E6 00 00 00 00 00 00 00 00 00 00 
       000003F0 00 00 00 00 00 00 00 00 00 00 
       000003FA 00 00 00 00 00 00 00 00 00 00 
       00000404 00 00 00 00 00 00 00 00 00 00 
       0000040E 00 00 00 00 00 00 00 00 00 00 
       00000418 00 00 00 00 00 00 00 00 00 00 
       00000422 00 00 00 00 00 00 00 00 00 00 
       0000042C 00 00 00 00 00 00 00 00 00 00 
       00000436 00 00 00 00 00 00 00 00 00 00 
       00000440 00 00 00 00 00 00 00 00 00 00 
       0000044A 00 00 00 00 00 00 00 00 00 00 
       00000454 00 00 00 00 00 00 00 00 00 00 
       0000045E 00 00 00 00 00 00 00 00 00 00 
       00000468 00 00 00 00 00 00 00 00 00 00 
       00000472 00 00 00 00 00 00 00 00 00 00 
       0000047C 00 00 00 00 00 00 00 00 00 00 
       00000486 00 00 00 00 00 00 00 00 00 00 
       00000490 00 00 00 00 00 00 00 00 00 00 
       0000049A 00 00 00 00 00 00 00 00 00 00 
       000004A4 00 00 00 00 00 00 00 00 00 00 
       000004AE 00 00 00 00 00 00 00 00 00 00 
       000004B8 00 00 00 00 00 00 00 00 00 00 
       000004C2 00 00 00 00 00 00 00 00 00 00 
       000004CC 00 00 00 00 00 00 00 00 00 00 
       000004D6 00 00 00 00 00 00 00 00 00 00 
       000004E0 00 00 00 00 00 00 00 00 00 00 
       000004EA 00 00 00 00 00 00 00 00 00 00 
       000004F4 00 00 00 00 00 00 00 00 00 00 
       000004FE 00 00 00 00 00 00 00 00 00 00 
       00000508 00 00 00 00 00 00 00 00 00 00 
       00000512 00 00 00 00 00 00 00 00 00 00 
       0000051C 00 00 00 00 00 00 00 00 00 00 
       00000526 00 00 00 00 00 00 00 00 00 00 
       00000530 00 00 00 00 00 00 00 00 00 00 
       0000053A 00 00 00 00 00 00 00 00 00 00 
       00000544 00 00 00 00 00 00 00 00 00 00 
       0000054E 00 00 00 00 00 00 00 00 00 00 
       00000558 00 00 00 00 00 00 00 00 00 00 
       00000562 00 00 00 00 00 00 00 00 00 00 
       0000056C 00 00 00 00 00 00 00 00 00 00 
       00000576 00 00 00 00 00 00 00 00 00 00 
       00000580 00 00 00 00 00 00 00 00 00 00 
       0000058A 00 00 00 00 00 00 00 00 00 00 
       00000594 00 00 00 00 00 00 00 00 00 00 
       0000059E 00 00 00 00 00 00 00 00 00 00 
       000005A8 00 00 00 00 00 00 00 00 00 00 
       000005B2 00 00 00 00 00 00 00 00 00 00 
       000005BC 00 00 00 00 00 00 00 00 00 00 
       000005C6 00 00 00 00 00 00 00 00 00 00 
       000005D0 00 00 00 00 00 00 00 00 00 00 
       000005DA 00 00 00 00 00 00 00 00 00 00 
       000005E4 00 00 00 00 00 00 00 00 00 00 
       000005EE 00 00 00 00 00 00 00 00 00 00 
       000005F8 00 00 00 00 00 00 00 00 00 00 
       00000602 00 00 00 00 00 00 00 00 00 00 
       0000060C 00 00 00 00 00 00 00 00 00 00 
       00000616 00 00 00 00 00 00 00 00 00 00 
       00000620 00 00 00 00 00 00 00 00 00 00 
       0000062A 00 00 00 00 00 00 00 00 00 00 
       00000634 00 00 00 00 00 00 00 00 00 00 
       0000063E 00 00 00 00 00 00 00 00 00 00 
       00000648 00 00 00 00 00 00 00 00 00 00 
       00000652 00 00 00 00 00 00 00 00 00 00 
       0000065C 00 00 00 00 00 00 00 00 00 00 
       00000666 00 00 00 00 00 00 00 00 00 00 
       00000670 00 00 00 00 00 00 00 00 00 00 
       0000067A 00 00 00 00 00 00 00 00 00 00 
       00000684 00 00 00 00 00 00 00 00 00 00 
       0000068E 00 00 00 00 00 00 00 00 00 00 
       00000698 00 00 00 00 00 00 00 00 00 00 
       000006A2 00 00 00 00 00 00 00 00 00 00 
       000006AC 00 00 00 00 00 00 00 00 00 00 
       000006B6 00 00 00 00 00 00 00 00 00 00 
       000006C0 00 00 00 00 00 00 00 00 00 00 
       000006CA 00 00 00 00 00 00 00 00 00 00 
       000006D4 00 00 00 00 00 00 00 00 00 00 
       000006DE 00 00 00 00 00 00 00 00 00 00 
       000006E8 00 00 00 00 00 00 00 00 00 00 
       000006F2 00 00 00 00 00 00 00 00 00 00 
       000006FC 00 00 00 00 00 00 00 00 00 00 
       00000706 00 00 00 00 00 00 00 00 00 00 
       00000710 00 00 00 00 00 00 00 00 00 00 
       0000071A 00 00 00 00 00 00 00 00 00 00 
       00000724 00 00 00 00 00 00 00 00 00 00 
       0000072E 00 00 00 00 00 00 00 00 00 00 
       00000738 00 00 00 00 00 00 00 00 00 00 
       00000742 00 00 00 00 00 00 00 00 00 00 
       0000074C 00 00 00 00 00 00 00 00 00 00 
       00000756 00 00 00 00 00 00 00 00 00 00 
       00000760 00 00 00 00 00 00 00 00 00 00 
       0000076A 00 00 00 00 00 00 00 00 00 00 
       00000774 00 00 00 00 00 00 00 00 00 00 
       0000077E 00 00 00 00 00 00 00 00 00 00 
       00000788 00 00 00 00 00 00 00 00 00 00 
       00000792 00 00 00 00 00 00 00 00 00 00 
       0000079C 00 00 00 00 00 00 00 00 00 00 
       000007A6 00 00 00 00 00 00 00 00 00 00 
       000007B0 00 00 00 00 00 00 00 00 00 00 
       000007BA 00 00 00 00 00 00 00 00 00 00 
       000007C4 00 00 00 00 00 00 00 00 00 00 
       000007CE 00 00 00 00 00 00 00 00 00 00 
       000007D8 00 00 00 00 00 00 00 00 00 00 
       000007E2 00 00 00 00 00 00 00 00 00 00 
       000007EC 00 00 00 00 00 00 00 00 00 00 
       000007F6 00 00 00 00 00 00 00 00 00 00 
       00000800 00 00 00 00 00 00 00 00 00 00 
       0000080A 00 00 00 00 00 00 00 00 00 00 
       00000814 00 00 00 00 00 00 00 00 00 00 
       0000081E 00 00 00 00 00 00 00 00 00 00 
       00000828 00 00 00 00 00 00 00 00 00 00 
       00000832 00 00 00 00 00 00 00 00 00 00 
       0000083C 00 00 00 00 00 00 00 00 00 00 
       00000846 00 00 00 00 00 00 00 00 00 00 
       00000850 00 00 00 00 00 00 00 00 00 00 
       0000085A 00 00 00 00 00 00 00 00 00 00 
       00000864 00 00 00 00 00 00 00 00 00 00 
       0000086E 00 00 00 00 00 00 00 00 00 00 
       00000878 00 00 00 00 00 00 00 00 00 00 
       00000882 00 00 00 00 00 00 00 00 00 00 
       0000088C 00 00 00 00 00 00 00 00 00 00 
       00000896 00 00 00 00 00 00 00 00 00 00 
       000008A0 00 00 00 00 00 00 00 00 00 00 
       000008AA 00 00 00 00 00 00 00 00 00 00 
       000008B4 00 00 00 00 00 00 00 00 00 00 
       000008BE 00 00 00 00 00 00 00 00 00 00 
       000008C8 00 00 00 00 00 00 00 00 00 00 
       000008D2 00 00 00 00 00 00 00 00 00 00 
       000008DC 00 00 00 00 00 00 00 00 00 00 
       000008E6 00 00 00 00 00 00 00 00 00 00 
       000008F0 00 00 00 00 00 00 00 00 00 00 
       000008FA 00 00 00 00 00 00 00 00 00 00 
       00000904 00 00 00 00 00 00 00 00 00 00 
       0000090E 00 00 00 00 00 00 00 00 00 00 
       00000918 00 00 00 00 00 00 00 00 00 00 
       00000922 00 00 00 00 00 00 00 00 00 00 
       0000092C 00 00 00 00 00 00 00 00 00 00 
       00000936 00 00 00 00 00 00 00 00 00 00 
       00000940 00 00 00 00 00 00 00 00 00 00 
       0000094A 00 00 00 00 00 00 00 00 00 00 
       00000954 00 00 00 00 00 00 00 00 00 00 
       0000095E 00 00 00 00 00 00 00 00 00 00 
       00000968 00 00 00 00 00 00 00 00 00 00 
       00000972 00 00 00 00 00 00 00 00 00 00 
       0000097C 00 00 00 00 00 00 00 00 00 00 
       00000986 00 00 00 00 00 00 00 00 00 00 
       00000990 00 00 00 00 00 00 00 00 00 00 
       0000099A 00 00 00 00 00 00 00 00 00 00 
       000009A4 00 00 00 00 00 00 00 00 00 00 
       000009AE 00 00 00 00 00 00 00 00 00 00 
       000009B8 00 00 00 00 00 00 00 00 00 00 
       000009C2 00 00 00 00 00 00 00 00 00 00 
       000009CC 00 00 00 00 00 00 00 00 00 00 
       000009D6 00 00 00 00 00 00 00 00 00 00 
       000009E0 00 00 00 00 00 00 00 00 00 00 
       000009EA 00 00 00 00 00 00 00 00 00 00 
       000009F4 00 00 00 00 00 00 00 00 00 00 
       000009FE 00 00 00 00 00 00 00 00 00 00 
       00000A08 00 00 00 00 00 00 00 00 00 00 
       00000A12 00 00 00 00 00 00 00 00 00 00 
       00000A1C 00 00 00 00 00 00 00 00 00 00 
       00000A26 00 00 00 00 00 00 00 00 00 00 
       00000A30 00 00 00 00 00 00 00 00 00 00 
       00000A3A 00 00 00 00 00 00 00 00 00 00 
       00000A44 00 00 00 00 00 00 00 00 00 00 
       00000A4E 00 00 00 00 00 00 00 00 00 00 
       00000A58 00 00 00 00 00 00 00 00 00 00 
       00000A62 00 00 00 00 00 00 00 00 00 00 
       00000A6C 00 00 00 00 00 00 00 00 00 00 
       00000A76 00 00 00 00 00 00 00 00 00 00 
       00000A80 00 00 00 00 00 00 00 00 00 00 
       00000A8A 00 00 00 00 00 00 00 00 00 00 
       00000A94 00 00 00 00 00 00 00 00 00 00 
       00000A9E 00 00 00 00 00 00 00 00 00 00 
       00000AA8 00 00 00 00 00 00 00 00 00 00 
       00000AB2 00 00 00 00 00 00 00 00 00 00 
       00000ABC 00 00 00 00 00 00 00 00 00 00 
       00000AC6 00 00 00 00 00 00 00 00 00 00 
       00000AD0 00 00 00 00 00 00 00 00 00 00 
       00000ADA 00 00 00 00 00 00 00 00 00 00 
       00000AE4 00 00 00 00 00 00 00 00 00 00 
       00000AEE 00 00 00 00 00 00 00 00 00 00 
       00000AF8 00 00 00 00 00 00 00 00 00 00 
       00000B02 00 00 00 00 00 00 00 00 00 00 
       00000B0C 00 00 00 00 00 00 00 00 00 00 
       00000B16 00 00 00 00 00 00 00 00 00 00 
       00000B20 00 00 00 00 00 00 00 00 00 00 
       00000B2A 00 00 00 00 00 00 00 00 00 00 
       00000B34 00 00 00 00 00 00 00 00 00 00 
       00000B3E 00 00 00 00 00 00 00 00 00 00 
       00000B48 00 00 00 00 00 00 00 00 00 00 
       00000B52 00 00 00 00 00 00 00 00 00 00 
       00000B5C 00 00 00 00 00 00 00 00 00 00 
       00000B66 00 00 00 00 00 00 00 00 00 00 
       00000B70 00 00 00 00 00 00 00 00 00 00 
       00000B7A 00 00 00 00 00 00 00 00 00 00 
       00000B84 00 00 00 00 00 00 00 00 00 00 
       00000B8E 00 00 00 00 00 00 00 00 00 00 
       00000B98 00 00 00 00 00 00 00 00 00 00 
       00000BA2 00 00 00 00 00 00 00 00 00 00 
       00000BAC 00 00 00 00 00 00 00 00 00 00 
       00000BB6 00 00 00 00 00 00 00 00 00 00 
       00000BC0 00 00 00 00 00 00 00 00 00 00 
       00000BCA 00 00 00 00 00 00 00 00 00 00 
       00000BD4 00 00 00 00 00 00 00 00 00 00 
       00000BDE 00 00 00 00 00 00 00 00 00 00 
       00000BE8 00 00 00 00 00 00 00 00 00 00 
       00000BF2 00 00 00 00 00 00 00 00 00 00 
       00000BFC 00 00 00 00 00 00 00 00 00 00 
       00000C06 00 00 00 00 00 00 00 00 00 00 
       00000C10 00 00 00 00 00 00 00 00 00 00 
       00000C1A 00 00 00 00 00 00 00 00 00 00 
       00000C24 00 00 00 00 00 00 00 00 00 00 
       00000C2E 00 00 00 00 00 00 00 00 00 00 
       00000C38 00 00 00 00 00 00 00 00 00 00 
       00000C42 00 00 00 00 00 00 00 00 00 00 
       00000C4C 00 00 00 00 00 00 00 00 00 00 
       00000C56 00 00 00 00 00 00 00 00 00 00 
       00000C60 00 00 00 00 00 00 00 00 00 00 
       00000C6A 00 00 00 00 00 00 00 00 00 00 
       00000C74 00 00 00 00 00 00 00 00 00 00 
       00000C7E 00 00 00 00 00 00 00 00 00 00 
       00000C88 00 00 00 00 00 00 00 00 00 00 
       00000C92 00 00 00 00 00 00 00 00 00 00 
       00000C9C 00 00 00 00 00 00 00 00 00 00 
       00000CA6 00 00 00 00 00 00 00 00 00 00 
       00000CB0 00 00 00 00 00 00 00 00 00 00 
       00000CBA 00 00 00 00 00 00 00 00 00 00 
       00000CC4 00 00 00 00 00 00 00 00 00 00 
       00000CCE 00 00 00 00 00 00 00 00 00 00 
       00000CD8 00 00 00 00 00 00 00 00 00 00 
       00000CE2 00 00 00 00 00 00 00 00 00 00 
       00000CEC 00 00 00 00 00 00 00 00 00 00 
       00000CF6 00 00 00 00 00 00 00 00 00 00 
       00000D00 00 00 00 00 00 00 00 00 00 00 
       00000D0A 00 00 00 00 00 00 00 00 00 00 
       00000D14 00 00 00 00 00 00 00 00 00 00 
       00000D1E 00 00 00 00 00 00 00 00 00 00 
       00000D28 00 00 00 00 00 00 00 00 00 00 
       00000D32 00 00 00 00 00 00 00 00 00 00 
       00000D3C 00 00 00 00 00 00 00 00 00 00 
       00000D46 00 00 00 00 00 00 00 00 00 00 
       00000D50 00 00 00 00 00 00 00 00 00 00 
       00000D5A 00 00 00 00 00 00 00 00 00 00 
       00000D64 00 00 00 00 00 00 00 00 00 00 
       00000D6E 00 00 00 00 00 00 00 00 00 00 
       00000D78 00 00 00 00 00 00 00 00 00 00 
       00000D82 00 00 00 00 00 00 00 00 00 00 
       00000D8C 00 00 00 00 00 00 00 00 00 00 
       00000D96 00 00 00 00 00 00 00 00 00 00 
       00000DA0 00 00 00 00 00 00 00 00 00 00 
       00000DAA 00 00 00 00 00 00 00 00 00 00 
       00000DB4 00 00 00 00 00 00 00 00 00 00 
       00000DBE 00 00 00 00 00 00 00 00 00 00 
       00000DC8 00 00 00 00 00 00 00 00 00 00 
       00000DD2 00 00 00 00 00 00 00 00 00 00 
       00000DDC 00 00 00 00 00 00 00 00 00 00 
       00000DE6 00 00 00 00 00 00 00 00 00 00 
       00000DF0 00 00 00 00 00 00 00 00 00 00 
       00000DFA 00 00 00 00 00 00 00 00 00 00 
       00000E04 00 00 00 00 00 00 00 00 00 00 
       00000E0E 00 00 00 00 00 00 00 00 00 00 
       00000E18 00 00 00 00 00 00 00 00 00 00 
       00000E22 00 00 00 00 00 00 00 00 00 00 
       00000E2C 00 00 00 00 00 00 00 00 00 00 
       00000E36 00 00 00 00 00 00 00 00 00 00 
       00000E40 00 00 00 00 00 00 00 00 00 00 
       00000E4A 00 00 00 00 00 00 00 00 00 00 
       00000E54 00 00 00 00 00 00 00 00 00 00 
       00000E5E 00 00 00 00 00 00 00 00 00 00 
       00000E68 00 00 00 00 00 00 00 00 00 00 
       00000E72 00 00 00 00 00 00 00 00 00 00 
       00000E7C 00 00 00 00 00 00 00 00 00 00 
       00000E86 00 00 00 00 00 00 00 00 00 00 
       00000E90 00 00 00 00 00 00 00 00 00 00 
       00000E9A 00 00 00 00 00 00 00 00 00 00 
       00000EA4 00 00 00 00 00 00 00 00 00 00 
       00000EAE 00 00 00 00 00 00 00 00 00 00 
       00000EB8 00 00 00 00 00 00 00 00 00 00 
       00000EC2 00 00 00 00 00 00 00 00 00 00 
       00000ECC 00 00 00 00 00 00 00 00 00 00 
       00000ED6 00 00 00 00 00 00 00 00 00 00 
       00000EE0 00 00 00 00 00 00 00 00 00 00 
       00000EEA 00 00 00 00 00 00 00 00 00 00 
       00000EF4 00 00 00 00 00 00 00 00 00 00 
       00000EFE 00 00 00 00 00 00 00 00 00 00 
       00000F08 00 00 00 00 00 00 00 00 00 00 
       00000F12 00 00 00 00 00 00 00 00 00 00 
       00000F1C 00 00 00 00 00 00 00 00 00 00 
       00000F26 00 00 00 00 00 00 00 00 00 00 
       00000F30 00 00 00 00 00 00 00 00 00 00 
       00000F3A 00 00 00 00 00 00 00 00 00 00 
       00000F44 00 00 00 00 00 00 00 00 00 00 
       00000F4E 00 00 00 00 00 00 00 00 00 00 
       00000F58 00 00 00 00 00 00 00 00 00 00 
       00000F62 00 00 00 00 00 00 00 00 00 00 
       00000F6C 00 00 00 00 00 00 00 00 00 00 
       00000F76 00 00 00 00 00 00 00 00 00 00 
       00000F80 00 00 00 00 00 00 00 00 00 00 
       00000F8A 00 00 00 00 00 00 00 00 00 00 
       00000F94 00 00 00 00 00 00 00 00 00 00 
       00000F9E 00 00 00 00 00 00 00 00 00 00 
       00000FA8 00 00 00 00 00 00 00 00 00 00 
       00000FB2 00 00 00 00 00 00 00 00 00 00 
       00000FBC 00 00 00 00 00 00 00 00 00 00 
       00000FC6 00 00 00 00 00 00 00 00 00 00 
       00000FD0 00 00 00 00 00 00 00 00 00 00 
       00000FDA 00 00 00 00 00 00 00 00 00 00 
       00000FE4 00 00 00 00 00 00 00 00 00 00 
       00000FEE 00 00 00 00 00 00 00 00 00 00 
       00000FF8 00 00 00 00 00 00 00 00 00 00 
       00001002 00 00 00 00 00 00 00 00 00 00 
       0000100C 00 00 00 00 00 00 00 00 00 00 
       00001016 00 00 00 00 00 00 00 00 00 00 
       00001020 00 00 00 00 00 00 00 00 00 00 
       0000102A 00 00 00 00 00 00 00 00 00 00 
       00001034 00 00 00 00 00 00 00 00 00 00 
       0000103E 00 00 00 00 00 00 00 00 00 00 
       00001048 00 00 00 00 00 00 00 00 00 00 
       00001052 00 00 00 00 00 00 00 00 00 00 
       0000105C 00 00 00 00 00 00 00 00 00 00 
       00001066 00 00 00 00 00 00 00 00 00 00 
       00001070 00 00 00 00 00 00 00 00 00 00 
       0000107A 00 00 00 00 00 00 00 00 00 00 
       00001084 00 00 00 00 00 00 00 00 00 00 
       0000108E 00 00 00 00 00 00 00 00 00 00 
       00001098 00 00 00 00 00 00 00 00 00 00 
       000010A2 00 00 00 00 00 00 00 00 00 00 
       000010AC 00 00 00 00 00 00 00 00 00 00 
       000010B6 00 00 00 00 00 00 00 00 00 00 
       000010C0 00 00 00 00 00 00 00 00 00 00 
       000010CA 00 00 00 00 00 00 00 00 00 00 
       000010D4 00 00 00 00 00 00 00 00 00 00 
       000010DE 00 00 00 00 00 00 00 00 00 00 
       000010E8 00 00 00 00 00 00 00 00 00 00 
       000010F2 00 00 00 00 00 00 00 00 00 00 
       000010FC 00 00 00 00 00 00 00 00 00 00 
       00001106 00 00 00 00 00 00 00 00 00 00 
       00001110 00 00 00 00 00 00 00 00 00 00 
       0000111A 00 00 00 00 00 00 00 00 00 00 
       00001124 00 00 00 00 00 00 00 00 00 00 
       0000112E 00 00 00 00 00 00 00 00 00 00 
       00001138 00 00 00 00 00 00 00 00 00 00 
       00001142 00 00 00 00 00 00 00 00 00 00 
       0000114C 00 00 00 00 00 00 00 00 00 00 
       00001156 00 00 00 00 00 00 00 00 00 00 
       00001160 00 00 00 00 00 00 00 00 00 00 
       0000116A 00 00 00 00 00 00 00 00 00 00 
       00001174 00 00 00 00 00 00 00 00 00 00 
       0000117E 00 00 00 00 00 00 00 00 00 00 
       00001188 00 00 00 00 00 00 00 00 00 00 
       00001192 00 00 00 00 00 00 00 00 00 00 
       0000119C 00 00 00 00 00 00 00 00 00 00 
       000011A6 00 00 00 00 00 00 00 00 00 00 
       000011B0 00 00 00 00 00 00 00 00 00 00 
       000011BA 00 00 00 00 00 00 00 00 00 00 
       000011C4 00 00 00 00 00 00 00 00 00 00 
       000011CE 00 00 00 00 00 00 00 00 00 00 
       000011D8 00 00 00 00 00 00 00 00 00 00 
       000011E2 00 00 00 00 00 00 00 00 00 00 
       000011EC 00 00 00 00 00 00 00 00 00 00 
       000011F6 00 00 00 00 00 00 00 00 00 00 
       00001200 00 00 00 00 00 00 00 00 00 00 
       0000120A 00 00 00 00 00 00 00 00 00 00 
       00001214 00 00 00 00 00 00 00 00 00 00 
       0000121E 00 00 00 00 00 00 00 00 00 00 
       00001228 00 00 00 00 00 00 00 00 00 00 
       00001232 00 00 00 00 00 00 00 00 00 00 
       0000123C 00 00 00 00 00 00 00 00 00 00 
       00001246 00 00 00 00 00 00 00 00 00 00 
       00001250 00 00 00 00 00 00 00 00 00 00 
       0000125A 00 00 00 00 00 00 00 00 00 00 
       00001264 00 00 00 00 00 00 00 00 00 00 
       0000126E 00 00 00 00 00 00 00 00 00 00 
       00001278 00 00 00 00 00 00 00 00 00 00 
       00001282 00 00 00 00 00 00 00 00 00 00 
       0000128C 00 00 00 00 00 00 00 00 00 00 
       00001296 00 00 00 00 00 00 00 00 00 00 
       000012A0 00 00 00 00 00 00 00 00 00 00 
       000012AA 00 00 00 00 00 00 00 00 00 00 
       000012B4 00 00 00 00 00 00 00 00 00 00 
       000012BE 00 00 00 00 00 00 00 00 00 00 
       000012C8 00 00 00 00 00 00 00 00 00 00 
       000012D2 00 00 00 00 00 00 00 00 00 00 
       000012DC 00 00 00 00 00 00 00 00 00 00 
       000012E6 00 00 00 00 00 00 00 00 00 00 
       000012F0 00 00 00 00 00 00 00 00 00 00 
       000012FA 00 00 00 00 00 00 00 00 00 00 
       00001304 00 00 00 00 00 00 00 00 00 00 
       0000130E 00 00 00 00 00 00 00 00 00 00 
       00001318 00 00 00 00 00 00 00 00 00 00 
       00001322 00 00 00 00 00 00 00 00 00 00 
       0000132C 00 00 00 00 00 00 00 00 00 00 
       00001336 00 00 00 00 00 00 00 00 00 00 
       00001340 00 00 00 00 00 00 00 00 00 00 
       0000134A 00 00 00 00 00 00 00 00 00 00 
       00001354 00 00 00 00 00 00 00 00 00 00 
       0000135E 00 00 00 00 00 00 00 00 00 00 
       00001368 00 00 00 00 00 00 00 00 00 00 
       00001372 00 00 00 00 00 00 00 00 00 00 
       0000137C 00 00 00 00 00 00 00 00 00 00 
       00001386 00 00 00 00 00 00 00 00 00 00 
       00001390 00 00 00 00 00 00 00 00 00 00 
       0000139A 00 00 00 00 00 00 00 00 00 00 
       000013A4 00 00 00 00 00 00 00 00 00 00 
       000013AE 00 00 00 00 00 00 00 00 00 00 
       000013B8 00 00 00 00 00 00 00 00 00 00 
       000013C2 00 00 00 00 00 00 00 00 00 00 
       000013CC 00 00 00 00 00 00 00 00 00 00 
       000013D6 00 00 00 00 00 00 00 00 00 00 
       000013E0 00 00 00 00 00 00 00 00 00 00 
       000013EA 00 00 00 00 00 00 00 00 00 00 
       000013F4 00 00 00 00 00 00 00 00 00 00 
       000013FE 00 00 00 00 00 00 00 00 00 00 
       00001408 00 00 00 00 00 00 00 00 00 00 
       00001412 00 00 00 00 00 00 00 00 00 00 
       0000141C 00 00 00 00 00 00 00 00 00 00 
       00001426 00 00 00 00 00 00 00 00 00 00 
       00001430 00 00 00 00 00 00 00 00 00 00 
       0000143A 00 00 00 00 00 00 00 00 00 00 
       00001444 00 00 00 00 00 00 00 00 00 00 
       0000144E 00 00 00 00 00 00 00 00 00 00 
       00001458 00 00 00 00 00 00 00 00 00 00 
       00001462 00 00 00 00 00 00 00 00 00 00 
       0000146C 00 00 00 00 00 00 00 00 00 00 
       00001476 00 00 00 00 00 00 00 00 00 00 
       00001480 00 00 00 00 00 00 00 00 00 00 
       0000148A 00 00 00 00 00 00 00 00 00 00 
       00001494 00 00 00 00 00 00 00 00 00 00 
       0000149E 00 00 00 00 00 00 00 00 00 00 
       000014A8 00 00 00 00 00 00 00 00 00 00 
       000014B2 00 00 00 00 00 00 00 00 00 00 
       000014BC 00 00 00 00 00 00 00 00 00 00 
       000014C6 00 00 00 00 00 00 00 00 00 00 
       000014D0 00 00 00 00 00 00 00 00 00 00 
       000014DA 00 00 00 00 00 00 00 00 00 00 
       000014E4 00 00 00 00 00 00 00 00 00 00 
       000014EE 00 00 00 00 00 00 00 00 00 00 
       000014F8 00 00 00 00 00 00 00 00 00 00 
       00001502 00 00 00 00 00 00 00 00 00 00 
       0000150C 00 00 00 00 00 00 00 00 00 00 
       00001516 00 00 00 00 00 00 00 00 00 00 
       00001520 00 00 00 00 00 00 00 00 00 00 
       0000152A 00 00 00 00 00 00 00 00 00 00 
       00001534 00 00 00 00 00 00 00 00 00 00 
       0000153E 00 00 00 00 00 00 00 00 00 00 
       00001548 00 00 00 00 00 00 00 00 00 00 
       00001552 00 00 00 00 00 00 00 00 00 00 
       0000155C 00 00 00 00 00 00 00 00 00 00 
       00001566 00 00 00 00 00 00 00 00 00 00 
       00001570 00 00 00 00 00 00 00 00 00 00 
       0000157A 00 00 00 00 00 00 00 00 00 00 
       00001584 00 00 00 00 00 00 00 00 00 00 
       0000158E 00 00 00 00 00 00 00 00 00 00 
       00001598 00 00 00 00 00 00 00 00 00 00 
       000015A2 00 00 00 00 00 00 00 00 00 00 
       000015AC 00 00 00 00 00 00 00 00 00 00 
       000015B6 00 00 00 00 00 00 00 00 00 00 
       000015C0 00 00 00 00 00 00 00 00 00 00 
       000015CA 00 00 00 00 00 00 00 00 00 00 
       000015D4 00 00 00 00 00 00 00 00 00 00 
       000015DE 00 00 00 00 00 00 00 00 00 00 
       000015E8 00 00 00 00 00 00 00 00 00 00 
       000015F2 00 00 00 00 00 00 00 00 00 00 
       000015FC 00 00 00 00 00 00 00 00 00 00 
       00001606 00 00 00 00 00 00 00 00 00 00 
       00001610 00 00 00 00 00 00 00 00 00 00 
       0000161A 00 00 00 00 00 00 00 00 00 00 
       00001624 00 00 00 00 00 00 00 00 00 00 
       0000162E 00 00 00 00 00 00 00 00 00 00 
       00001638 00 00 00 00 00 00 00 00 00 00 
       00001642 00 00 00 00 00 00 00 00 00 00 
       0000164C 00 00 00 00 00 00 00 00 00 00 
       00001656 00 00 00 00 00 00 00 00 00 00 
       00001660 00 00 00 00 00 00 00 00 00 00 
       0000166A 00 00 00 00 00 00 00 00 00 00 
       00001674 00 00 00 00 00 00 00 00 00 00 
       0000167E 00 00 00 00 00 00 00 00 00 00 
       00001688 00 00 00 00 00 00 00 00 00 00 
       00001692 00 00 00 00 00 00 00 00 00 00 
       0000169C 00 00 00 00 00 00 00 00 00 00 
       000016A6 00 00 00 00 00 00 00 00 00 00 
       000016B0 00 00 00 00 00 00 00 00 00 00 
       000016BA 00 00 00 00 00 00 00 00 00 00 
       000016C4 00 00 00 00 00 00 00 00 00 00 
       000016CE 00 00 00 00 00 00 00 00 00 00 
       000016D8 00 00 00 00 00 00 00 00 00 00 
       000016E2 00 00 00 00 00 00 00 00 00 00 
       000016EC 00 00 00 00 00 00 00 00 00 00 
       000016F6 00 00 00 00 00 00 00 00 00 00 
       00001700 00 00 00 00 00 00 00 00 00 00 
       0000170A 00 00 00 00 00 00 00 00 00 00 
       00001714 00 00 00 00 00 00 00 00 00 00 
       0000171E 00 00 00 00 00 00 00 00 00 00 
       00001728 00 00 00 00 00 00 00 00 00 00 
       00001732 00 00 00 00 00 00 00 00 00 00 
       0000173C 00 00 00 00 00 00 00 00 00 00 
       00001746 00 00 00 00 00 00 00 00 00 00 
       00001750 00 00 00 00 00 00 00 00 00 00 
       0000175A 00 00 00 00 00 00 00 00 00 00 
       00001764 00 00 00 00 00 00 00 00 00 00 
       0000176E 00 00 00 00 00 00 00 00 00 00 
       00001778 00 00 00 00 00 00 00 00 00 00 
       00001782 00 00 00 00 00 00 00 00 00 00 
       0000178C 00 00 00 00 00 00 00 00 00 00 
       00001796 00 00 00 00 00 00 00 00 00 00 
       000017A0 00 00 00 00 00 00 00 00 00 00 
       000017AA 00 00 00 00 00 00 00 00 00 00 
       000017B4 00 00 00 00 00 00 00 00 00 00 
       000017BE 00 00 00 00 00 00 00 00 00 00 
       000017C8 00 00 00 00 00 00 00 00 00 00 
       000017D2 00 00 00 00 00 00 00 00 00 00 
       000017DC 00 00 00 00 00 00 00 00 00 00 
       000017E6 00 00 00 00 00 00 00 00 00 00 
       000017F0 00 00 00 00 00 00 00 00 00 00 
       000017FA 00 00 00 00 00 00 00 00 00 00 
       00001804 00 00 00 00 00 00 00 00 00 00 
       0000180E 00 00 00 00 00 00 00 00 00 00 
       00001818 00 00 00 00 00 00 00 00 00 00 
       00001822 00 00 00 00 00 00 00 00 00 00 
       0000182C 00 00 00 00 00 00 00 00 00 00 
       00001836 00 00 00 00 00 00 00 00 00 00 
       00001840 00 00 00 00 00 00 00 00 00 00 
       0000184A 00 00 00 00 00 00 00 00 00 00 
       00001854 00 00 00 00 00 00 00 00 00 00 
       0000185E 00 00 00 00 00 00 00 00 00 00 
       00001868 00 00 00 00 00 00 00 00 00 00 
       00001872 00 00 00 00 00 00 00 00 00 00 
       0000187C 00 00 00 00 00 00 00 00 00 00 
       00001886 00 00 00 00 00 00 00 00 00 00 
       00001890 00 00 00 00 00 00 00 00 00 00 
       0000189A 00 00 00 00 00 00 00 00 00 00 
       000018A4 00 00 00 00 00 00 00 00 00 00 
       000018AE 00 00 00 00 00 00 00 00 00 00 
       000018B8 00 00 00 00 00 00 00 00 00 00 
       000018C2 00 00 00 00 00 00 00 00 00 00 
       000018CC 00 00 00 00 00 00 00 00 00 00 
       000018D6 00 00 00 00 00 00 00 00 00 00 
       000018E0 00 00 00 00 00 00 00 00 00 00 
       000018EA 00 00 00 00 00 00 00 00 00 00 
       000018F4 00 00 00 00 00 00 00 00 00 00 
       000018FE 00 00 00 00 00 00 00 00 00 00 
       00001908 00 00 00 00 00 00 00 00 00 00 
       00001912 00 00 00 00 00 00 00 00 00 00 
       0000191C 00 00 00 00 00 00 00 00 00 00 
       00001926 00 00 00 00 00 00 00 00 00 00 
       00001930 00 00 00 00 00 00 00 00 00 00 
       0000193A 00 00 00 00 00 00 00 00 00 00 
       00001944 00 00 00 00 00 00 00 00 00 00 
       0000194E 00 00 00 00 00 00 00 00 00 00 
       00001958 00 00 00 00 00 00 00 00 00 00 
       00001962 00 00 00 00 00 00 00 00 00 00 
       0000196C 00 00 00 00 00 00 00 00 00 00 
       00001976 00 00 00 00 00 00 00 00 00 00 
       00001980 00 00 00 00 00 00 00 00 00 00 
       0000198A 00 00 00 00 00 00 00 00 00 00 
       00001994 00 00 00 00 00 00 00 00 00 00 
       0000199E 00 00 00 00 00 00 00 00 00 00 
       000019A8 00 00 00 00 00 00 00 00 00 00 
       000019B2 00 00 00 00 00 00 00 00 00 00 
       000019BC 00 00 00 00 00 00 00 00 00 00 
       000019C6 00 00 00 00 00 00 00 00 00 00 
       000019D0 00 00 00 00 00 00 00 00 00 00 
       000019DA 00 00 00 00 00 00 00 00 00 00 
       000019E4 00 00 00 00 00 00 00 00 00 00 
       000019EE 00 00 00 00 00 00 00 00 00 00 
       000019F8 00 00 00 00 00 00 00 00 00 00 
       00001A02 00 00 00 00 00 00 00 00 00 00 
       00001A0C 00 00 00 00 00 00 00 00 00 00 
       00001A16 00 00 00 00 00 00 00 00 00 00 
       00001A20 00 00 00 00 00 00 00 00 00 00 
       00001A2A 00 00 00 00 00 00 00 00 00 00 
       00001A34 00 00 00 00 00 00 00 00 00 00 
       00001A3E 00 00 00 00 00 00 00 00 00 00 
       00001A48 00 00 00 00 00 00 00 00 00 00 
       00001A52 00 00 00 00 00 00 00 00 00 00 
       00001A5C 00 00 00 00 00 00 00 00 00 00 
       00001A66 00 00 00 00 00 00 00 00 00 00 
       00001A70 00 00 00 00 00 00 00 00 00 00 
       00001A7A 00 00 00 00 00 00 00 00 00 00 
       00001A84 00 00 00 00 00 00 00 00 00 00 
       00001A8E 00 00 00 00 00 00 00 00 00 00 
       00001A98 00 00 00 00 00 00 00 00 00 00 
       00001AA2 00 00 00 00 00 00 00 00 00 00 
       00001AAC 00 00 00 00 00 00 00 00 00 00 
       00001AB6 00 00 00 00 00 00 00 00 00 00 
       00001AC0 00 00 00 00 00 00 00 00 00 00 
       00001ACA 00 00 00 00 00 00 00 00 00 00 
       00001AD4 00 00 00 00 00 00 00 00 00 00 
       00001ADE 00 00 00 00 00 00 00 00 00 00 
       00001AE8 00 00 00 00 00 00 00 00 00 00 
       00001AF2 00 00 00 00 00 00 00 00 00 00 
       00001AFC 00 00 00 00 00 00 00 00 00 00 
       00001B06 00 00 00 00 00 00 00 00 00 00 
       00001B10 00 00 00 00 00 00 00 00 00 00 
       00001B1A 00 00 00 00 00 00 00 00 00 00 
       00001B24 00 00 00 00 00 00 00 00 00 00 
       00001B2E 00 00 00 00 00 00 00 00 00 00 
       00001B38 00 00 00 00 00 00 00 00 00 00 
       00001B42 00 00 00 00 00 00 00 00 00 00 
       00001B4C 00 00 00 00 00 00 00 00 00 00 
       00001B56 00 00 00 00 00 00 00 00 00 00 
       00001B60 00 00 00 00 00 00 00 00 00 00 
       00001B6A 00 00 00 00 00 00 00 00 00 00 
       00001B74 00 00 00 00 00 00 00 00 00 00 
       00001B7E 00 00 00 00 00 00 00 00 00 00 
       00001B88 00 00 00 00 00 00 00 00 00 00 
       00001B92 00 00 00 00 00 00 00 00 00 00 
       00001B9C 00 00 00 00 00 00 00 00 00 00 
       00001BA6 00 00 00 00 00 00 00 00 00 00 
       00001BB0 00 00 00 00 00 00 00 00 00 00 
       00001BBA 00 00 00 00 00 00 00 00 00 00 
       00001BC4 00 00 00 00 00 00 00 00 00 00 
       00001BCE 00 00 00 00 00 00 00 00 00 00 
       00001BD8 00 00 00 00 00 00 00 00 00 00 
       00001BE2 00 00 00 00 00 00 00 00 00 00 
       00001BEC 00 00 00 00 00 00 00 00 00 00 
       00001BF6 00 00 00 00 00 00 00 00 00 00 
       00001C00 00 00 00 00 00 00 00 00 00 00 
       00001C0A 00 00 00 00 00 00 00 00 00 00 
       00001C14 00 00 00 00 00 00 00 00 00 00 
       00001C1E 00 00 00 00 00 00 00 00 00 00 
       00001C28 00 00 00 00 00 00 00 00 00 00 
       00001C32 00 00 00 00 00 00 00 00 00 00 
       00001C3C 00 00 00 00 00 00 00 00 00 00 
       00001C46 00 00 00 00 00 00 00 00 00 00 
       00001C50 00 00 00 00 00 00 00 00 00 00 
       00001C5A 00 00 00 00 00 00 00 00 00 00 
       00001C64 00 00 00 00 00 00 00 00 00 00 
       00001C6E 00 00 00 00 00 00 00 00 00 00 
       00001C78 00 00 00 00 00 00 00 00 00 00 
       00001C82 00 00 00 00 00 00 00 00 00 00 
       00001C8C 00 00 00 00 00 00 00 00 00 00 
       00001C96 00 00 00 00 00 00 00 00 00 00 
       00001CA0 00 00 00 00 00 00 00 00 00 00 
       00001CAA 00 00 00 00 00 00 00 00 00 00 
       00001CB4 00 00 00 00 00 00 00 00 00 00 
       00001CBE 00 00 00 00 00 00 00 00 00 00 
       00001CC8 00 00 00 00 00 00 00 00 00 00 
       00001CD2 00 00 00 00 00 00 00 00 00 00 
       00001CDC 00 00 00 00 00 00 00 00 00 00 
       00001CE6 00 00 00 00 00 00 00 00 00 00 
       00001CF0 00 00 00 00 00 00 00 00 00 00 
       00001CFA 00 00 00 00 00 00 00 00 00 00 
       00001D04 00 00 00 00 00 00 00 00 00 00 
       00001D0E 00 00 00 00 00 00 00 00 00 00 
       00001D18 00 00 00 00 00 00 00 00 00 00 
       00001D22 00 00 00 00 00 00 00 00 00 00 
       00001D2C 00 00 00 00 00 00 00 00 00 00 
       00001D36 00 00 00 00 00 00 00 00 00 00 
       00001D40 00 00 00 00 00 00 00 00 00 00 
       00001D4A 00 00 00 00 00 00 00 00 00 00 
       00001D54 00 00 00 00 00 00 00 00 00 00 
       00001D5E 00 00 00 00 00 00 00 00 00 00 
       00001D68 00 00 00 00 00 00 00 00 00 00 
       00001D72 00 00 00 00 00 00 00 00 00 00 
       00001D7C 00 00 00 00 00 00 00 00 00 00 
       00001D86 00 00 00 00 00 00 00 00 00 00 
       00001D90 00 00 00 00 00 00 00 00 00 00 
       00001D9A 00 00 00 00 00 00 00 00 00 00 
       00001DA4 00 00 00 00 00 00 00 00 00 00 
       00001DAE 00 00 00 00 00 00 00 00 00 00 
       00001DB8 00 00 00 00 00 00 00 00 00 00 
       00001DC2 00 00 00 00 00 00 00 00 00 00 
       00001DCC 00 00 00 00 00 00 00 00 00 00 
       00001DD6 00 00 00 00 00 00 00 00 00 00 
       00001DE0 00 00 00 00 00 00 00 00 00 00 
       00001DEA 00 00 00 00 00 00 00 00 00 00 
       00001DF4 00 00 00 00 00 00 00 00 00 00 
       00001DFE 00 00 00 00 00 00 00 00 00 00 
       00001E08 00 00 00 00 00 00 00 00 00 00 
       00001E12 00 00 00 00 00 00 00 00 00 00 
       00001E1C 00 00 00 00 00 00 00 00 00 00 
       00001E26 00 00 00 00 00 00 00 00 00 00 
       00001E30 00 00 00 00 00 00 00 00 00 00 
       00001E3A 00 00 00 00 00 00 00 00 00 00 
       00001E44 00 00 00 00 00 00 00 00 00 00 
       00001E4E 00 00 00 00 00 00 00 00 00 00 
       00001E58 00 00 00 00 00 00 00 00 00 00 
       00001E62 00 00 00 00 00 00 00 00 00 00 
       00001E6C 00 00 00 00 00 00 00 00 00 00 
       00001E76 00 00 00 00 00 00 00 00 00 00 
       00001E80 00 00 00 00 00 00 00 00 00 00 
       00001E8A 00 00 00 00 00 00 00 00 00 00 
       00001E94 00 00 00 00 00 00 00 00 00 00 
       00001E9E 00 00 00 00 00 00 00 00 00 00 
       00001EA8 00 00 00 00 00 00 00 00 00 00 
       00001EB2 00 00 00 00 00 00 00 00 00 00 
       00001EBC 00 00 00 00 00 00 00 00 00 00 
       00001EC6 00 00 00 00 00 00 00 00 00 00 
       00001ED0 00 00 00 00 00 00 00 00 00 00 
       00001EDA 00 00 00 00 00 00 00 00 00 00 
       00001EE4 00 00 00 00 00 00 00 00 00 00 
       00001EEE 00 00 00 00 00 00 00 00 00 00 
       00001EF8 00 00 00 00 00 00 00 00 00 00 
       00001F02 00 00 00 00 00 00 00 00 00 00 
       00001F0C 00 00 00 00 00 00 00 00 00 00 
       00001F16 00 00 00 00 00 00 00 00 00 00 
       00001F20 00 00 00 00 00 00 00 00 00 00 
       00001F2A 00 00 00 00 00 00 00 00 00 00 
       00001F34 00 00 00 00 00 00 00 00 00 00 
       00001F3E 00 00 00 00 00 00 00 00 00 00 
       00001F48 00 00 00 00 00 00 00 00 00 00 
       00001F52 00 00 00 00 00 00 00 00 00 00 
       00001F5C 00 00 00 00 00 00 00 00 00 00 
       00001F66 00 00 00 00 00 00 00 00 00 00 
       00001F70 00 00 00 00 00 00 00 00 00 00 
       00001F7A 00 00 00 00 00 00 00 00 00 00 
       00001F84 00 00 00 00 00 00 00 00 00 00 
       00001F8E 00 00 00 00 00 00 00 00 00 00 
       00001F98 00 00 00 00 00 00 00 00 00 00 
       00001FA2 00 00 00 00 00 00 00 00 00 00 
       00001FAC 00 00 00 00 00 00 00 00 00 00 
       00001FB6 00 00 00 00 00 00 00 00 00 00 
       00001FC0 00 00 00 00 00 00 00 00 00 00 
       00001FCA 00 00 00 00 00 00 00 00 00 00 
       00001FD4 00 00 00 00 00 00 00 00 00 00 
       00001FDE 00 00 00 00 00 00 00 00 00 00 
       00001FE8 00 00 00 00 00 00 00 00 00 00 
       00001FF2 00 00 00 00 00 00 00 00 00 00 
       00001FFC 00 00 00 00 00 00 00 00 00 00 
       00002006 00 00 00 00 00 00 00 00 00 00 
       00002010 00 00 00 00 00 00 00 00 00 00 
       0000201A 00 00 00 00 00 00 00 00 00 00 
       00002024 00 00 00 00 00 00 00 00 00 00 
       0000202E 00 00 00 00 00 00 00 00 00 00 
       00002038 00 00 00 00 00 00 00 00 00 00 
       00002042 00 00 00 00 00 00 00 00 00 00 
       0000204C 00 00 00 00 00 00 00 00 00 00 
       00002056 00 00 00 00 00 00 00 00 00 00 
       00002060 00 00 00 00 00 00 00 00 00 00 
       0000206A 00 00 00 00 00 00 00 00 00 00 
       00002074 00 00 00 00 00 00 00 00 00 00 
       0000207E 00 00 00 00 00 00 00 00 00 00 
       00002088 00 00 00 00 00 00 00 00 00 00 
       00002092 00 00 00 00 00 00 00 00 00 00 
       0000209C 00 00 00 00 00 00 00 00 00 00 
       000020A6 00 00 00 00 00 00 00 00 00 00 
       000020B0 00 00 00 00 00 00 00 00 00 00 
       000020BA 00 00 00 00 00 00 00 00 00 00 
       000020C4 00 00 00 00 00 00 00 00 00 00 
       000020CE 00 00 00 00 00 00 00 00 00 00 
       000020D8 00 00 00 00 00 00 00 00 00 00 
       000020E2 00 00 00 00 00 00 00 00 00 00 
       000020EC 00 00 00 00 00 00 00 00 00 00 
       000020F6 00 00 00 00 00 00 00 00 00 00 
       00002100 00 00 00 00 00 00 00 00 00 00 
       0000210A 00 00 00 00 00 00 00 00 00 00 
       00002114 00 00 00 00 00 00 00 00 00 00 
       0000211E 00 00 00 00 00 00 00 00 00 00 
       00002128 00 00 00 00 00 00 00 00 00 00 
       00002132 00 00 00 00 00 00 00 00 00 00 
       0000213C 00 00 00 00 00 00 00 00 00 00 
       00002146 00 00 00 00 00 00 00 00 00 00 
       00002150 00 00 00 00 00 00 00 00 00 00 
       0000215A 00 00 00 00 00 00 00 00 00 00 
       00002164 00 00 00 00 00 00 00 00 00 00 
       0000216E 00 00 00 00 00 00 00 00 00 00 
       00002178 00 00 00 00 00 00 00 00 00 00 
       00002182 00 00 00 00 00 00 00 00 00 00 
       0000218C 00 00 00 00 00 00 00 00 00 00 
       00002196 00 00 00 00 00 00 00 00 00 00 
       000021A0 00 00 00 00 00 00 00 00 00 00 
       000021AA 00 00 00 00 00 00 00 00 00 00 
       000021B4 00 00 00 00 00 00 00 00 00 00 
       000021BE 00 00 00 00 00 00 00 00 00 00 
       000021C8 00 00 00 00 00 00 00 00 00 00 
       000021D2 00 00 00 00 00 00 00 00 00 00 
       000021DC 00 00 00 00 00 00 00 00 00 00 
       000021E6 00 00 00 00 00 00 00 00 00 00 
       000021F0 00 00 00 00 00 00 00 00 00 00 
       000021FA 00 00 00 00 00 00 00 00 00 00 
       00002204 00 00 00 00 00 00 00 00 00 00 
       0000220E 00 00 00 00 00 00 00 00 00 00 
       00002218 00 00 00 00 00 00 00 00 00 00 
       00002222 00 00 00 00 00 00 00 00 00 00 
       0000222C 00 00 00 00 00 00 00 00 00 00 
       00002236 00 00 00 00 00 00 00 00 00 00 
       00002240 00 00 00 00 00 00 00 00 00 00 
       0000224A 00 00 00 00 00 00 00 00 00 00 
       00002254 00 00 00 00 00 00 00 00 00 00 
       0000225E 00 00 00 00 00 00 00 00 00 00 
       00002268 00 00 00 00 00 00 00 00 00 00 
       00002272 00 00 00 00 00 00 00 00 00 00 
       0000227C 00 00 00 00 00 00 00 00 00 00 
       00002286 00 00 00 00 00 00 00 00 00 00 
       00002290 00 00 00 00 00 00 00 00 00 00 
       0000229A 00 00 00 00 00 00 00 00 00 00 
       000022A4 00 00 00 00 00 00 00 00 00 00 
       000022AE 00 00 00 00 00 00 00 00 00 00 
       000022B8 00 00 00 00 00 00 00 00 00 00 
       000022C2 00 00 00 00 00 00 00 00 00 00 
       000022CC 00 00 00 00 00 00 00 00 00 00 
       000022D6 00 00 00 00 00 00 00 00 00 00 
       000022E0 00 00 00 00 00 00 00 00 00 00 
       000022EA 00 00 00 00 00 00 00 00 00 00 
       000022F4 00 00 00 00 00 00 00 00 00 00 
       000022FE 00 00 00 00 00 00 00 00 00 00 
       00002308 00 00 00 00 00 00 00 00 00 00 
       00002312 00 00 00 00 00 00 00 00 00 00 
       0000231C 00 00 00 00 00 00 00 00 00 00 
       00002326 00 00 00 00 00 00 00 00 00 00 
       00002330 00 00 00 00 00 00 00 00 00 00 
       0000233A 00 00 00 00 00 00 00 00 00 00 
       00002344 00 00 00 00 00 00 00 00 00 00 
       0000234E 00 00 00 00 00 00 00 00 00 00 
       00002358 00 00 00 00 00 00 00 00 00 00 
       00002362 00 00 00 00 00 00 00 00 00 00 
       0000236C 00 00 00 00 00 00 00 00 00 00 
       00002376 00 00 00 00 00 00 00 00 00 00 
       00002380 00 00 00 00 00 00 00 00 00 00 
       0000238A 00 00 00 00 00 00 00 00 00 00 
       00002394 00 00 00 00 00 00 00 00 00 00 
       0000239E 00 00 00 00 00 00 00 00 00 00 
       000023A8 00 00 00 00 00 00 00 00 00 00 
       000023B2 00 00 00 00 00 00 00 00 00 00 
       000023BC 00 00 00 00 00 00 00 00 00 00 
       000023C6 00 00 00 00 00 00 00 00 00 00 
       000023D0 00 00 00 00 00 00 00 00 00 00 
       000023DA 00 00 00 00 00 00 00 00 00 00 
       000023E4 00 00 00 00 00 00 00 00 00 00 
       000023EE 00 00 00 00 00 00 00 00 00 00 
       000023F8 00 00 00 00 00 00 00 00 00 00 
       00002402 00 00 00 00 00 00 00 00 00 00 
       0000240C 00 00 00 00 00 00 00 00 00 00 
       00002416 00 00 00 00 00 00 00 00 00 00 
       00002420 00 00 00 00 00 00 00 00 00 00 
       0000242A 00 00 00 00 00 00 00 00 00 00 
       00002434 00 00 00 00 00 00 00 00 00 00 
       0000243E 00 00 00 00 00 00 00 00 00 00 
       00002448 00 00 00 00 00 00 00 00 00 00 
       00002452 00 00 00 00 00 00 00 00 00 00 
       0000245C 00 00 00 00 00 00 00 00 00 00 
       00002466 00 00 00 00 00 00 00 00 00 00 
       00002470 00 00 00 00 00 00 00 00 00 00 
       0000247A 00 00 00 00 00 00 00 00 00 00 
       00002484 00 00 00 00 00 00 00 00 00 00 
       0000248E 00 00 00 00 00 00 00 00 00 00 
       00002498 00 00 00 00 00 00 00 00 00 00 
       000024A2 00 00 00 00 00 00 00 00 00 00 
       000024AC 00 00 00 00 00 00 00 00 00 00 
       000024B6 00 00 00 00 00 00 00 00 00 00 
       000024C0 00 00 00 00 00 00 00 00 00 00 
       000024CA 00 00 00 00 00 00 00 00 00 00 
       000024D4 00 00 00 00 00 00 00 00 00 00 
       000024DE 00 00 00 00 00 00 00 00 00 00 
       000024E8 00 00 00 00 00 00 00 00 00 00 
       000024F2 00 00 00 00 00 00 00 00 00 00 
       000024FC 00 00 00 00 00 00 00 00 00 00 
       00002506 00 00 00 00 00 00 00 00 00 00 
       00002510 00 00 00 00 00 00 00 00 00 00 
       0000251A 00 00 00 00 00 00 00 00 00 00 
       00002524 00 00 00 00 00 00 00 00 00 00 
       0000252E 00 00 00 00 00 00 00 00 00 00 
       00002538 00 00 00 00 00 00 00 00 00 00 
       00002542 00 00 00 00 00 00 00 00 00 00 
       0000254C 00 00 00 00 00 00 00 00 00 00 
       00002556 00 00 00 00 00 00 00 00 00 00 
       00002560 00 00 00 00 00 00 00 00 00 00 
       0000256A 00 00 00 00 00 00 00 00 00 00 
       00002574 00 00 00 00 00 00 00 00 00 00 
       0000257E 00 00 00 00 00 00 00 00 00 00 
       00002588 00 00 00 00 00 00 00 00 00 00 
       00002592 00 00 00 00 00 00 00 00 00 00 
       0000259C 00 00 00 00 00 00 00 00 00 00 
       000025A6 00 00 00 00 00 00 00 00 00 00 
       000025B0 00 00 00 00 00 00 00 00 00 00 
       000025BA 00 00 00 00 00 00 00 00 00 00 
       000025C4 00 00 00 00 00 00 00 00 00 00 
       000025CE 00 00 00 00 00 00 00 00 00 00 
       000025D8 00 00 00 00 00 00 00 00 00 00 
       000025E2 00 00 00 00 00 00 00 00 00 00 
       000025EC 00 00 00 00 00 00 00 00 00 00 
       000025F6 00 00 00 00 00 00 00 00 00 00 
       00002600 00 00 00 00 00 00 00 00 00 00 
       0000260A 00 00 00 00 00 00 00 00 00 00 
       00002614 00 00 00 00 00 00 00 00 00 00 
       0000261E 00 00 00 00 00 00 00 00 00 00 
       00002628 00 00 00 00 00 00 00 00 00 00 
       00002632 00 00 00 00 00 00 00 00 00 00 
       0000263C 00 00 00 00 00 00 00 00 00 00 
       00002646 00 00 00 00 00 00 00 00 00 00 
       00002650 00 00 00 00 00 00 00 00 00 00 
       0000265A 00 00 00 00 00 00 00 00 00 00 
       00002664 00 00 00 00 00 00 00 00 00 00 
       0000266E 00 00 00 00 00 00 00 00 00 00 
       00002678 00 00 00 00 00 00 00 00 00 00 
       00002682 00 00 00 00 00 00 00 00 00 00 
       0000268C 00 00 00 00 00 00 00 00 00 00 
       00002696 00 00 00 00 00 00 00 00 00 00 
       000026A0 00 00 00 00 00 00 00 00 00 00 
       000026AA 00 00 00 00 00 00 00 00 00 00 
       000026B4 00 00 00 00 00 00 00 00 00 00 
       000026BE 00 00 00 00 00 00 00 00 00 00 
       000026C8 00 00 00 00 00 00 00 00 00 00 
       000026D2 00 00 00 00 00 00 00 00 00 00 
       000026DC 00 00 00 00 00 00 00 00 00 00 
       000026E6 00 00 00 00 00 00 00 00 00 00 
       000026F0 00 00 00 00 00 00 00 00 00 00 
       000026FA 00 00 00 00 00 00 00 00 00 00 
       00002704 00 00 00 00 00 00 00 00 00 00 
       0000270E 00 00 00 00 00 00 00 00 00 00 
       00002718 00 00 00 00 00 00 00 00 00 00 
       00002722 00 00 00 00 00 00 00 00 00 00 
       0000272C 00 00 00 00 00 00 00 00 00 00 
       00002736 00 00 00 00 00 00 00 00 00 00 
       00002740 00 00 00 00 00 00 00 00 00 00 
       0000274A 00 00 
